        -:    0:Source:/usr/include/boost/asio/detail/handler_invoke_helpers.hpp
        -:    0:Graph:/home/anthonytintul/CLionProjects/TLConsoleApplication/cmake-build-debug/CMakeFiles/TLConsoleApplication.dir/lib/BoostNetworkClient/BoostNetworkClient.cpp.gcno
        -:    0:Data:/home/anthonytintul/CLionProjects/TLConsoleApplication/cmake-build-debug/CMakeFiles/TLConsoleApplication.dir/lib/BoostNetworkClient/BoostNetworkClient.cpp.gcda
        -:    0:Runs:1
        -:    1://
        -:    2:// detail/handler_invoke_helpers.hpp
        -:    3:// ~~~~~~~~~~~~~~~~~~~~~~~~~~~~~~~~~
        -:    4://
        -:    5:// Copyright (c) 2003-2020 Christopher M. Kohlhoff (chris at kohlhoff dot com)
        -:    6://
        -:    7:// Distributed under the Boost Software License, Version 1.0. (See accompanying
        -:    8:// file LICENSE_1_0.txt or copy at http://www.boost.org/LICENSE_1_0.txt)
        -:    9://
        -:   10:
        -:   11:#ifndef BOOST_ASIO_DETAIL_HANDLER_INVOKE_HELPERS_HPP
        -:   12:#define BOOST_ASIO_DETAIL_HANDLER_INVOKE_HELPERS_HPP
        -:   13:
        -:   14:#if defined(_MSC_VER) && (_MSC_VER >= 1200)
        -:   15:# pragma once
        -:   16:#endif // defined(_MSC_VER) && (_MSC_VER >= 1200)
        -:   17:
        -:   18:#include <boost/asio/detail/config.hpp>
        -:   19:#include <boost/asio/detail/memory.hpp>
        -:   20:#include <boost/asio/handler_invoke_hook.hpp>
        -:   21:
        -:   22:#include <boost/asio/detail/push_options.hpp>
        -:   23:
        -:   24:// Calls to asio_handler_invoke must be made from a namespace that does not
        -:   25:// contain overloads of this function. The boost_asio_handler_invoke_helpers
        -:   26:// namespace is defined here for that purpose.
        -:   27:namespace boost_asio_handler_invoke_helpers {
        -:   28:
        -:   29:template <typename Function, typename Context>
      11*:   30:inline void invoke(Function& function, Context& context)
        -:   31:{
        -:   32:#if !defined(BOOST_ASIO_HAS_HANDLER_HOOKS)
        -:   33:  Function tmp(function);
        -:   34:  tmp();
        -:   35:#else
        -:   36:  using boost::asio::asio_handler_invoke;
      11*:   37:  asio_handler_invoke(function, boost::asio::detail::addressof(context));
        -:   38:#endif
      11*:   39:}
------------------
_ZN33boost_asio_handler_invoke_helpers6invokeIN5boost4asio6detail7binder2INS3_17read_dynbuf_v1_opINS2_19basic_stream_socketINS2_2ip3tcpENS2_8executorEEENS2_19basic_streambuf_refISaIcEEENS3_19transfer_at_least_tEZN18BoostNetworkClient16handleReadHeaderERKNS1_6system10error_codeEmEUlSJ_mE_EESH_mEESL_EEvRT_RT0_:
        1:   30:inline void invoke(Function& function, Context& context)
        -:   31:{
        -:   32:#if !defined(BOOST_ASIO_HAS_HANDLER_HOOKS)
        -:   33:  Function tmp(function);
        -:   34:  tmp();
        -:   35:#else
        -:   36:  using boost::asio::asio_handler_invoke;
        1:   37:  asio_handler_invoke(function, boost::asio::detail::addressof(context));
        1:   37-block  0
        -:   38:#endif
        1:   39:}
------------------
_ZN33boost_asio_handler_invoke_helpers6invokeIN5boost4asio6detail7binder1IZN18BoostNetworkClient16manageConnectionEvEUlRKNS1_6system10error_codeEE_S7_EESB_EEvRT_RT0_:
        1:   30:inline void invoke(Function& function, Context& context)
        -:   31:{
        -:   32:#if !defined(BOOST_ASIO_HAS_HANDLER_HOOKS)
        -:   33:  Function tmp(function);
        -:   34:  tmp();
        -:   35:#else
        -:   36:  using boost::asio::asio_handler_invoke;
        1:   37:  asio_handler_invoke(function, boost::asio::detail::addressof(context));
        1:   37-block  0
        -:   38:#endif
        1:   39:}
------------------
_ZN33boost_asio_handler_invoke_helpers6invokeIN5boost4asio6detail7binder1IZN18BoostNetworkClient16manageConnectionEvEUlRKNS1_6system10error_codeEE_S7_EESA_EEvRT_RT0_:
        1:   30:inline void invoke(Function& function, Context& context)
        -:   31:{
        -:   32:#if !defined(BOOST_ASIO_HAS_HANDLER_HOOKS)
        -:   33:  Function tmp(function);
        -:   34:  tmp();
        -:   35:#else
        -:   36:  using boost::asio::asio_handler_invoke;
        1:   37:  asio_handler_invoke(function, boost::asio::detail::addressof(context));
        1:   37-block  0
        -:   38:#endif
        1:   39:}
------------------
_ZN33boost_asio_handler_invoke_helpers6invokeIN5boost4asio6detail7binder2INS3_17read_dynbuf_v1_opINS2_19basic_stream_socketINS2_2ip3tcpENS2_8executorEEENS2_19basic_streambuf_refISaIcEEENS3_19transfer_at_least_tEZN18BoostNetworkClient14handleReadBodyERKNS1_6system10error_codeEmEUlSJ_mE_EESH_mEESM_EEvRT_RT0_:
    #####:   30:inline void invoke(Function& function, Context& context)
        -:   31:{
        -:   32:#if !defined(BOOST_ASIO_HAS_HANDLER_HOOKS)
        -:   33:  Function tmp(function);
        -:   34:  tmp();
        -:   35:#else
        -:   36:  using boost::asio::asio_handler_invoke;
    #####:   37:  asio_handler_invoke(function, boost::asio::detail::addressof(context));
    %%%%%:   37-block  0
        -:   38:#endif
    #####:   39:}
------------------
_ZN33boost_asio_handler_invoke_helpers6invokeIN5boost4asio6detail7binder2INS3_17read_dynbuf_v1_opINS2_19basic_stream_socketINS2_2ip3tcpENS2_8executorEEENS2_19basic_streambuf_refISaIcEEENS3_19transfer_at_least_tEZN18BoostNetworkClient16handleReadHeaderERKNS1_6system10error_codeEmEUlSJ_mE_EESH_mEESM_EEvRT_RT0_:
        1:   30:inline void invoke(Function& function, Context& context)
        -:   31:{
        -:   32:#if !defined(BOOST_ASIO_HAS_HANDLER_HOOKS)
        -:   33:  Function tmp(function);
        -:   34:  tmp();
        -:   35:#else
        -:   36:  using boost::asio::asio_handler_invoke;
        1:   37:  asio_handler_invoke(function, boost::asio::detail::addressof(context));
        1:   37-block  0
        -:   38:#endif
        1:   39:}
------------------
_ZN33boost_asio_handler_invoke_helpers6invokeIN5boost4asio6detail7binder2INS3_29read_until_delim_string_op_v1INS2_19basic_stream_socketINS2_2ip3tcpENS2_8executorEEENS2_19basic_streambuf_refISaIcEEEZN18BoostNetworkClient17handleWriteHeaderERKNS1_6system10error_codeEmEUlSI_mE_EESG_mEESL_EEvRT_RT0_:
        1:   30:inline void invoke(Function& function, Context& context)
        -:   31:{
        -:   32:#if !defined(BOOST_ASIO_HAS_HANDLER_HOOKS)
        -:   33:  Function tmp(function);
        -:   34:  tmp();
        -:   35:#else
        -:   36:  using boost::asio::asio_handler_invoke;
        1:   37:  asio_handler_invoke(function, boost::asio::detail::addressof(context));
        1:   37-block  0
        -:   38:#endif
        1:   39:}
------------------
_ZN33boost_asio_handler_invoke_helpers6invokeIN5boost4asio6detail7binder2INS3_8write_opINS2_19basic_stream_socketINS2_2ip3tcpENS2_8executorEEENS2_17mutable_buffers_1EPKNS2_14mutable_bufferENS3_14transfer_all_tEZN18BoostNetworkClient15handleWriteBodyERKNS1_6system10error_codeEmEUlSK_mE_EESI_mEESN_EEvRT_RT0_:
    #####:   30:inline void invoke(Function& function, Context& context)
        -:   31:{
        -:   32:#if !defined(BOOST_ASIO_HAS_HANDLER_HOOKS)
        -:   33:  Function tmp(function);
        -:   34:  tmp();
        -:   35:#else
        -:   36:  using boost::asio::asio_handler_invoke;
    #####:   37:  asio_handler_invoke(function, boost::asio::detail::addressof(context));
    %%%%%:   37-block  0
        -:   38:#endif
    #####:   39:}
------------------
_ZN33boost_asio_handler_invoke_helpers6invokeIN5boost4asio6detail7binder2INS3_8write_opINS2_19basic_stream_socketINS2_2ip3tcpENS2_8executorEEENS2_17mutable_buffers_1EPKNS2_14mutable_bufferENS3_14transfer_all_tEZN18BoostNetworkClient17handleWriteHeaderERKNS1_6system10error_codeEmEUlSK_mE0_EESI_mEESN_EEvRT_RT0_:
    #####:   30:inline void invoke(Function& function, Context& context)
        -:   31:{
        -:   32:#if !defined(BOOST_ASIO_HAS_HANDLER_HOOKS)
        -:   33:  Function tmp(function);
        -:   34:  tmp();
        -:   35:#else
        -:   36:  using boost::asio::asio_handler_invoke;
    #####:   37:  asio_handler_invoke(function, boost::asio::detail::addressof(context));
    %%%%%:   37-block  0
        -:   38:#endif
    #####:   39:}
------------------
_ZN33boost_asio_handler_invoke_helpers6invokeIN5boost4asio6detail7binder2INS3_8write_opINS2_19basic_stream_socketINS2_2ip3tcpENS2_8executorEEENS2_17mutable_buffers_1EPKNS2_14mutable_bufferENS3_14transfer_all_tEZN18BoostNetworkClient16handleConnectionERKNS1_6system10error_codeEEUlSK_mE_EESI_mEESN_EEvRT_RT0_:
        1:   30:inline void invoke(Function& function, Context& context)
        -:   31:{
        -:   32:#if !defined(BOOST_ASIO_HAS_HANDLER_HOOKS)
        -:   33:  Function tmp(function);
        -:   34:  tmp();
        -:   35:#else
        -:   36:  using boost::asio::asio_handler_invoke;
        1:   37:  asio_handler_invoke(function, boost::asio::detail::addressof(context));
        1:   37-block  0
        -:   38:#endif
        1:   39:}
------------------
_ZN33boost_asio_handler_invoke_helpers6invokeIN5boost4asio6detail7binder2INS3_17read_dynbuf_v1_opINS2_19basic_stream_socketINS2_2ip3tcpENS2_8executorEEENS2_19basic_streambuf_refISaIcEEENS3_19transfer_at_least_tEZN18BoostNetworkClient14handleReadBodyERKNS1_6system10error_codeEmEUlSJ_mE_EESH_mEESL_EEvRT_RT0_:
    #####:   30:inline void invoke(Function& function, Context& context)
        -:   31:{
        -:   32:#if !defined(BOOST_ASIO_HAS_HANDLER_HOOKS)
        -:   33:  Function tmp(function);
        -:   34:  tmp();
        -:   35:#else
        -:   36:  using boost::asio::asio_handler_invoke;
    #####:   37:  asio_handler_invoke(function, boost::asio::detail::addressof(context));
    %%%%%:   37-block  0
        -:   38:#endif
    #####:   39:}
------------------
_ZN33boost_asio_handler_invoke_helpers6invokeIN5boost4asio6detail7binder2INS3_8write_opINS2_19basic_stream_socketINS2_2ip3tcpENS2_8executorEEENS2_17mutable_buffers_1EPKNS2_14mutable_bufferENS3_14transfer_all_tEZN18BoostNetworkClient16handleConnectionERKNS1_6system10error_codeEEUlSK_mE_EESI_mEESL_EEvRT_RT0_:
        1:   30:inline void invoke(Function& function, Context& context)
        -:   31:{
        -:   32:#if !defined(BOOST_ASIO_HAS_HANDLER_HOOKS)
        -:   33:  Function tmp(function);
        -:   34:  tmp();
        -:   35:#else
        -:   36:  using boost::asio::asio_handler_invoke;
        1:   37:  asio_handler_invoke(function, boost::asio::detail::addressof(context));
        1:   37-block  0
        -:   38:#endif
        1:   39:}
------------------
_ZN33boost_asio_handler_invoke_helpers6invokeIN5boost4asio6detail7binder2INS3_29read_until_delim_string_op_v1INS2_19basic_stream_socketINS2_2ip3tcpENS2_8executorEEENS2_19basic_streambuf_refISaIcEEEZN18BoostNetworkClient17handleWriteHeaderERKNS1_6system10error_codeEmEUlSI_mE_EESG_mEESK_EEvRT_RT0_:
        1:   30:inline void invoke(Function& function, Context& context)
        -:   31:{
        -:   32:#if !defined(BOOST_ASIO_HAS_HANDLER_HOOKS)
        -:   33:  Function tmp(function);
        -:   34:  tmp();
        -:   35:#else
        -:   36:  using boost::asio::asio_handler_invoke;
        1:   37:  asio_handler_invoke(function, boost::asio::detail::addressof(context));
        1:   37-block  0
        -:   38:#endif
        1:   39:}
------------------
_ZN33boost_asio_handler_invoke_helpers6invokeIN5boost4asio6detail7binder2INS3_8write_opINS2_19basic_stream_socketINS2_2ip3tcpENS2_8executorEEENS2_17mutable_buffers_1EPKNS2_14mutable_bufferENS3_14transfer_all_tEZN18BoostNetworkClient15handleWriteBodyERKNS1_6system10error_codeEmEUlSK_mE_EESI_mEESM_EEvRT_RT0_:
    #####:   30:inline void invoke(Function& function, Context& context)
        -:   31:{
        -:   32:#if !defined(BOOST_ASIO_HAS_HANDLER_HOOKS)
        -:   33:  Function tmp(function);
        -:   34:  tmp();
        -:   35:#else
        -:   36:  using boost::asio::asio_handler_invoke;
    #####:   37:  asio_handler_invoke(function, boost::asio::detail::addressof(context));
    %%%%%:   37-block  0
        -:   38:#endif
    #####:   39:}
------------------
_ZN33boost_asio_handler_invoke_helpers6invokeIN5boost4asio6detail7binder2INS3_8write_opINS2_19basic_stream_socketINS2_2ip3tcpENS2_8executorEEENS2_17mutable_buffers_1EPKNS2_14mutable_bufferENS3_14transfer_all_tEZN18BoostNetworkClient17handleWriteHeaderERKNS1_6system10error_codeEmEUlSK_mE0_EESI_mEESM_EEvRT_RT0_:
    #####:   30:inline void invoke(Function& function, Context& context)
        -:   31:{
        -:   32:#if !defined(BOOST_ASIO_HAS_HANDLER_HOOKS)
        -:   33:  Function tmp(function);
        -:   34:  tmp();
        -:   35:#else
        -:   36:  using boost::asio::asio_handler_invoke;
    #####:   37:  asio_handler_invoke(function, boost::asio::detail::addressof(context));
    %%%%%:   37-block  0
        -:   38:#endif
    #####:   39:}
------------------
_ZN33boost_asio_handler_invoke_helpers6invokeIN5boost4asio6detail7binder2INS3_8write_opINS2_19basic_stream_socketINS2_2ip3tcpENS2_8executorEEENS2_17mutable_buffers_1EPKNS2_14mutable_bufferENS3_14transfer_all_tEZN18BoostNetworkClient16handleConnectionERKNS1_6system10error_codeEEUlSK_mE_EESI_mEESM_EEvRT_RT0_:
        1:   30:inline void invoke(Function& function, Context& context)
        -:   31:{
        -:   32:#if !defined(BOOST_ASIO_HAS_HANDLER_HOOKS)
        -:   33:  Function tmp(function);
        -:   34:  tmp();
        -:   35:#else
        -:   36:  using boost::asio::asio_handler_invoke;
        1:   37:  asio_handler_invoke(function, boost::asio::detail::addressof(context));
        1:   37-block  0
        -:   38:#endif
        1:   39:}
------------------
_ZN33boost_asio_handler_invoke_helpers6invokeIN5boost4asio6detail7binder2INS3_17read_dynbuf_v1_opINS2_19basic_stream_socketINS2_2ip3tcpENS2_8executorEEENS2_19basic_streambuf_refISaIcEEENS3_19transfer_at_least_tEZN18BoostNetworkClient14handleReadBodyERKNS1_6system10error_codeEmEUlSJ_mE_EESH_mEESK_EEvRT_RT0_:
    #####:   30:inline void invoke(Function& function, Context& context)
        -:   31:{
        -:   32:#if !defined(BOOST_ASIO_HAS_HANDLER_HOOKS)
        -:   33:  Function tmp(function);
        -:   34:  tmp();
        -:   35:#else
        -:   36:  using boost::asio::asio_handler_invoke;
    #####:   37:  asio_handler_invoke(function, boost::asio::detail::addressof(context));
    %%%%%:   37-block  0
        -:   38:#endif
    #####:   39:}
------------------
_ZN33boost_asio_handler_invoke_helpers6invokeIN5boost4asio6detail7binder2INS3_17read_dynbuf_v1_opINS2_19basic_stream_socketINS2_2ip3tcpENS2_8executorEEENS2_19basic_streambuf_refISaIcEEENS3_19transfer_at_least_tEZN18BoostNetworkClient16handleReadHeaderERKNS1_6system10error_codeEmEUlSJ_mE_EESH_mEESK_EEvRT_RT0_:
        1:   30:inline void invoke(Function& function, Context& context)
        -:   31:{
        -:   32:#if !defined(BOOST_ASIO_HAS_HANDLER_HOOKS)
        -:   33:  Function tmp(function);
        -:   34:  tmp();
        -:   35:#else
        -:   36:  using boost::asio::asio_handler_invoke;
        1:   37:  asio_handler_invoke(function, boost::asio::detail::addressof(context));
        1:   37-block  0
        -:   38:#endif
        1:   39:}
------------------
_ZN33boost_asio_handler_invoke_helpers6invokeIN5boost4asio6detail7binder2INS3_29read_until_delim_string_op_v1INS2_19basic_stream_socketINS2_2ip3tcpENS2_8executorEEENS2_19basic_streambuf_refISaIcEEEZN18BoostNetworkClient17handleWriteHeaderERKNS1_6system10error_codeEmEUlSI_mE_EESG_mEESJ_EEvRT_RT0_:
        1:   30:inline void invoke(Function& function, Context& context)
        -:   31:{
        -:   32:#if !defined(BOOST_ASIO_HAS_HANDLER_HOOKS)
        -:   33:  Function tmp(function);
        -:   34:  tmp();
        -:   35:#else
        -:   36:  using boost::asio::asio_handler_invoke;
        1:   37:  asio_handler_invoke(function, boost::asio::detail::addressof(context));
        1:   37-block  0
        -:   38:#endif
        1:   39:}
------------------
_ZN33boost_asio_handler_invoke_helpers6invokeIN5boost4asio6detail7binder2INS3_8write_opINS2_19basic_stream_socketINS2_2ip3tcpENS2_8executorEEENS2_17mutable_buffers_1EPKNS2_14mutable_bufferENS3_14transfer_all_tEZN18BoostNetworkClient15handleWriteBodyERKNS1_6system10error_codeEmEUlSK_mE_EESI_mEESL_EEvRT_RT0_:
    #####:   30:inline void invoke(Function& function, Context& context)
        -:   31:{
        -:   32:#if !defined(BOOST_ASIO_HAS_HANDLER_HOOKS)
        -:   33:  Function tmp(function);
        -:   34:  tmp();
        -:   35:#else
        -:   36:  using boost::asio::asio_handler_invoke;
    #####:   37:  asio_handler_invoke(function, boost::asio::detail::addressof(context));
    %%%%%:   37-block  0
        -:   38:#endif
    #####:   39:}
------------------
_ZN33boost_asio_handler_invoke_helpers6invokeIN5boost4asio6detail7binder2INS3_8write_opINS2_19basic_stream_socketINS2_2ip3tcpENS2_8executorEEENS2_17mutable_buffers_1EPKNS2_14mutable_bufferENS3_14transfer_all_tEZN18BoostNetworkClient17handleWriteHeaderERKNS1_6system10error_codeEmEUlSK_mE0_EESI_mEESL_EEvRT_RT0_:
    #####:   30:inline void invoke(Function& function, Context& context)
        -:   31:{
        -:   32:#if !defined(BOOST_ASIO_HAS_HANDLER_HOOKS)
        -:   33:  Function tmp(function);
        -:   34:  tmp();
        -:   35:#else
        -:   36:  using boost::asio::asio_handler_invoke;
    #####:   37:  asio_handler_invoke(function, boost::asio::detail::addressof(context));
    %%%%%:   37-block  0
        -:   38:#endif
    #####:   39:}
------------------
        -:   40:
        -:   41:template <typename Function, typename Context>
        -:   42:inline void invoke(const Function& function, Context& context)
        -:   43:{
        -:   44:#if !defined(BOOST_ASIO_HAS_HANDLER_HOOKS)
        -:   45:  Function tmp(function);
        -:   46:  tmp();
        -:   47:#else
        -:   48:  using boost::asio::asio_handler_invoke;
        -:   49:  asio_handler_invoke(function, boost::asio::detail::addressof(context));
        -:   50:#endif
        -:   51:}
        -:   52:
        -:   53:} // namespace boost_asio_handler_invoke_helpers
        -:   54:
        -:   55:#include <boost/asio/detail/pop_options.hpp>
        -:   56:
        -:   57:#endif // BOOST_ASIO_DETAIL_HANDLER_INVOKE_HELPERS_HPP
