        -:    0:Source:/usr/include/boost/asio/detail/op_queue.hpp
        -:    0:Graph:/home/anthonytintul/CLionProjects/TLConsoleApplication/cmake-build-debug/CMakeFiles/TLConsoleApplication.dir/lib/BoostNetworkClient/BoostNetworkClient.cpp.gcno
        -:    0:Data:/home/anthonytintul/CLionProjects/TLConsoleApplication/cmake-build-debug/CMakeFiles/TLConsoleApplication.dir/lib/BoostNetworkClient/BoostNetworkClient.cpp.gcda
        -:    0:Runs:1
        -:    1://
        -:    2:// detail/op_queue.hpp
        -:    3:// ~~~~~~~~~~~~~~~~~~~
        -:    4://
        -:    5:// Copyright (c) 2003-2020 Christopher M. Kohlhoff (chris at kohlhoff dot com)
        -:    6://
        -:    7:// Distributed under the Boost Software License, Version 1.0. (See accompanying
        -:    8:// file LICENSE_1_0.txt or copy at http://www.boost.org/LICENSE_1_0.txt)
        -:    9://
        -:   10:
        -:   11:#ifndef BOOST_ASIO_DETAIL_OP_QUEUE_HPP
        -:   12:#define BOOST_ASIO_DETAIL_OP_QUEUE_HPP
        -:   13:
        -:   14:#if defined(_MSC_VER) && (_MSC_VER >= 1200)
        -:   15:# pragma once
        -:   16:#endif // defined(_MSC_VER) && (_MSC_VER >= 1200)
        -:   17:
        -:   18:#include <boost/asio/detail/noncopyable.hpp>
        -:   19:
        -:   20:#include <boost/asio/detail/push_options.hpp>
        -:   21:
        -:   22:namespace boost {
        -:   23:namespace asio {
        -:   24:namespace detail {
        -:   25:
        -:   26:template <typename Operation>
        -:   27:class op_queue;
        -:   28:
        -:   29:class op_queue_access
        -:   30:{
        -:   31:public:
        -:   32:  template <typename Operation>
    #####:   33:  static Operation* next(Operation* o)
        -:   34:  {
    #####:   35:    return static_cast<Operation*>(o->next_);
        -:   36:  }
------------------
_ZN5boost4asio6detail15op_queue_access4nextINS1_19scheduler_operationEEEPT_S6_:
    #####:   33:  static Operation* next(Operation* o)
        -:   34:  {
    #####:   35:    return static_cast<Operation*>(o->next_);
    %%%%%:   35-block  0
        -:   36:  }
------------------
_ZN5boost4asio6detail15op_queue_access4nextINS1_10reactor_opEEEPT_S6_:
    #####:   33:  static Operation* next(Operation* o)
        -:   34:  {
    #####:   35:    return static_cast<Operation*>(o->next_);
    %%%%%:   35-block  0
        -:   36:  }
------------------
        -:   37:
        -:   38:  template <typename Operation1, typename Operation2>
    #####:   39:  static void next(Operation1*& o1, Operation2* o2)
        -:   40:  {
    #####:   41:    o1->next_ = o2;
    #####:   42:  }
------------------
_ZN5boost4asio6detail15op_queue_access4nextINS1_10reactor_opES4_EEvRPT_PT0_:
    #####:   39:  static void next(Operation1*& o1, Operation2* o2)
        -:   40:  {
    #####:   41:    o1->next_ = o2;
    #####:   42:  }
------------------
_ZN5boost4asio6detail15op_queue_access4nextINS1_19scheduler_operationES4_EEvRPT_PT0_:
    #####:   39:  static void next(Operation1*& o1, Operation2* o2)
        -:   40:  {
    #####:   41:    o1->next_ = o2;
    #####:   42:  }
------------------
        -:   43:
        -:   44:  template <typename Operation>
    #####:   45:  static void destroy(Operation* o)
        -:   46:  {
    #####:   47:    o->destroy();
    %%%%%:   47-block  0
    #####:   48:  }
        -:   49:
        -:   50:  template <typename Operation>
    #####:   51:  static Operation*& front(op_queue<Operation>& q)
        -:   52:  {
    #####:   53:    return q.front_;
    %%%%%:   53-block  0
        -:   54:  }
        -:   55:
        -:   56:  template <typename Operation>
    #####:   57:  static Operation*& back(op_queue<Operation>& q)
        -:   58:  {
    #####:   59:    return q.back_;
    %%%%%:   59-block  0
        -:   60:  }
        -:   61:};
        -:   62:
        -:   63:template <typename Operation>
        -:   64:class op_queue
        -:   65:  : private noncopyable
        -:   66:{
        -:   67:public:
        -:   68:  // Constructor.
       3*:   69:  op_queue()
        -:   70:    : front_(0),
       3*:   71:      back_(0)
        -:   72:  {
       3*:   73:  }
------------------
_ZN5boost4asio6detail8op_queueINS1_10reactor_opEEC2Ev:
        3:   69:  op_queue()
        -:   70:    : front_(0),
        3:   71:      back_(0)
        3:   71-block  0
        -:   72:  {
        3:   73:  }
------------------
_ZN5boost4asio6detail8op_queueINS1_19scheduler_operationEEC2Ev:
    #####:   69:  op_queue()
        -:   70:    : front_(0),
    #####:   71:      back_(0)
    %%%%%:   71-block  0
        -:   72:  {
    #####:   73:  }
------------------
        -:   74:
        -:   75:  // Destructor destroys all operations.
    #####:   76:  ~op_queue()
        -:   77:  {
    #####:   78:    while (Operation* op = front_)
    %%%%%:   78-block  0
        -:   79:    {
    #####:   80:      pop();
    %%%%%:   80-block  0
    #####:   81:      op_queue_access::destroy(op);
        -:   82:    }
    #####:   83:  }
    %%%%%:   83-block  0
        -:   84:
        -:   85:  // Get the operation at the front of the queue.
    #####:   86:  Operation* front()
        -:   87:  {
    #####:   88:    return front_;
        -:   89:  }
------------------
_ZN5boost4asio6detail8op_queueINS1_19scheduler_operationEE5frontEv:
    #####:   86:  Operation* front()
        -:   87:  {
    #####:   88:    return front_;
    %%%%%:   88-block  0
        -:   89:  }
------------------
_ZN5boost4asio6detail8op_queueINS1_10reactor_opEE5frontEv:
    #####:   86:  Operation* front()
        -:   87:  {
    #####:   88:    return front_;
    %%%%%:   88-block  0
        -:   89:  }
------------------
        -:   90:
        -:   91:  // Pop an operation from the front of the queue.
    #####:   92:  void pop()
        -:   93:  {
    #####:   94:    if (front_)
        -:   95:    {
    #####:   96:      Operation* tmp = front_;
    #####:   97:      front_ = op_queue_access::next(front_);
    #####:   98:      if (front_ == 0)
    #####:   99:        back_ = 0;
    #####:  100:      op_queue_access::next(tmp, static_cast<Operation*>(0));
        -:  101:    }
    #####:  102:  }
------------------
_ZN5boost4asio6detail8op_queueINS1_19scheduler_operationEE3popEv:
    #####:   92:  void pop()
        -:   93:  {
    #####:   94:    if (front_)
    %%%%%:   94-block  0
        -:   95:    {
    #####:   96:      Operation* tmp = front_;
    #####:   97:      front_ = op_queue_access::next(front_);
    %%%%%:   97-block  0
    #####:   98:      if (front_ == 0)
    #####:   99:        back_ = 0;
    %%%%%:   99-block  0
    #####:  100:      op_queue_access::next(tmp, static_cast<Operation*>(0));
    %%%%%:  100-block  0
        -:  101:    }
    #####:  102:  }
------------------
_ZN5boost4asio6detail8op_queueINS1_10reactor_opEE3popEv:
    #####:   92:  void pop()
        -:   93:  {
    #####:   94:    if (front_)
    %%%%%:   94-block  0
        -:   95:    {
    #####:   96:      Operation* tmp = front_;
    #####:   97:      front_ = op_queue_access::next(front_);
    %%%%%:   97-block  0
    #####:   98:      if (front_ == 0)
    #####:   99:        back_ = 0;
    %%%%%:   99-block  0
    #####:  100:      op_queue_access::next(tmp, static_cast<Operation*>(0));
    %%%%%:  100-block  0
        -:  101:    }
    #####:  102:  }
------------------
        -:  103:
        -:  104:  // Push an operation on to the back of the queue.
       2*:  105:  void push(Operation* h)
        -:  106:  {
       2*:  107:    op_queue_access::next(h, static_cast<Operation*>(0));
       2*:  108:    if (back_)
        -:  109:    {
    #####:  110:      op_queue_access::next(back_, h);
    #####:  111:      back_ = h;
        -:  112:    }
        -:  113:    else
        -:  114:    {
       2*:  115:      front_ = back_ = h;
        -:  116:    }
       2*:  117:  }
------------------
_ZN5boost4asio6detail8op_queueINS1_19scheduler_operationEE4pushEPS3_:
    #####:  105:  void push(Operation* h)
        -:  106:  {
    #####:  107:    op_queue_access::next(h, static_cast<Operation*>(0));
    %%%%%:  107-block  0
    #####:  108:    if (back_)
        -:  109:    {
    #####:  110:      op_queue_access::next(back_, h);
    %%%%%:  110-block  0
    #####:  111:      back_ = h;
        -:  112:    }
        -:  113:    else
        -:  114:    {
    #####:  115:      front_ = back_ = h;
    %%%%%:  115-block  0
        -:  116:    }
    #####:  117:  }
------------------
_ZN5boost4asio6detail8op_queueINS1_10reactor_opEE4pushEPS3_:
        2:  105:  void push(Operation* h)
        -:  106:  {
        2:  107:    op_queue_access::next(h, static_cast<Operation*>(0));
        2:  107-block  0
        2:  108:    if (back_)
        -:  109:    {
    #####:  110:      op_queue_access::next(back_, h);
    %%%%%:  110-block  0
    #####:  111:      back_ = h;
        -:  112:    }
        -:  113:    else
        -:  114:    {
        2:  115:      front_ = back_ = h;
        2:  115-block  0
        -:  116:    }
        2:  117:  }
------------------
        -:  118:
        -:  119:  // Push all operations from another queue on to the back of the queue. The
        -:  120:  // source queue may contain operations of a derived type.
        -:  121:  template <typename OtherOperation>
    #####:  122:  void push(op_queue<OtherOperation>& q)
        -:  123:  {
    #####:  124:    if (Operation* other_front = op_queue_access::front(q))
    %%%%%:  124-block  0
        -:  125:    {
    #####:  126:      if (back_)
    %%%%%:  126-block  0
    #####:  127:        op_queue_access::next(back_, other_front);
    %%%%%:  127-block  0
        -:  128:      else
    #####:  129:        front_ = other_front;
    %%%%%:  129-block  0
    #####:  130:      back_ = op_queue_access::back(q);
    %%%%%:  130-block  0
    #####:  131:      op_queue_access::front(q) = 0;
    #####:  132:      op_queue_access::back(q) = 0;
        -:  133:    }
    #####:  134:  }
        -:  135:
        -:  136:  // Whether the queue is empty.
       6*:  137:  bool empty() const
        -:  138:  {
       6*:  139:    return front_ == 0;
        -:  140:  }
------------------
_ZNK5boost4asio6detail8op_queueINS1_19scheduler_operationEE5emptyEv:
    #####:  137:  bool empty() const
        -:  138:  {
    #####:  139:    return front_ == 0;
    %%%%%:  139-block  0
        -:  140:  }
------------------
_ZNK5boost4asio6detail8op_queueINS1_10reactor_opEE5emptyEv:
        6:  137:  bool empty() const
        -:  138:  {
        6:  139:    return front_ == 0;
        6:  139-block  0
        -:  140:  }
------------------
        -:  141:
        -:  142:  // Test whether an operation is already enqueued.
    #####:  143:  bool is_enqueued(Operation* o) const
        -:  144:  {
    #####:  145:    return op_queue_access::next(o) != 0 || back_ == o;
    %%%%%:  145-block  0
    %%%%%:  145-block  1
    %%%%%:  145-block  2
    %%%%%:  145-block  3
    %%%%%:  145-block  4
        -:  146:  }
        -:  147:
        -:  148:private:
        -:  149:  friend class op_queue_access;
        -:  150:
        -:  151:  // The front of the queue.
        -:  152:  Operation* front_;
        -:  153:
        -:  154:  // The back of the queue.
        -:  155:  Operation* back_;
        -:  156:};
        -:  157:
        -:  158:} // namespace detail
        -:  159:} // namespace asio
        -:  160:} // namespace boost
        -:  161:
        -:  162:#include <boost/asio/detail/pop_options.hpp>
        -:  163:
        -:  164:#endif // BOOST_ASIO_DETAIL_OP_QUEUE_HPP
