        -:    0:Source:/usr/include/boost/asio/detail/impl/socket_ops.ipp
        -:    0:Graph:/home/anthonytintul/CLionProjects/TLConsoleApplication/cmake-build-debug/CMakeFiles/TLConsoleApplication.dir/lib/BoostNetworkClient/BoostNetworkClient.cpp.gcno
        -:    0:Data:/home/anthonytintul/CLionProjects/TLConsoleApplication/cmake-build-debug/CMakeFiles/TLConsoleApplication.dir/lib/BoostNetworkClient/BoostNetworkClient.cpp.gcda
        -:    0:Runs:1
        -:    1://
        -:    2:// detail/impl/socket_ops.ipp
        -:    3:// ~~~~~~~~~~~~~~~~~~~~~~~~~~
        -:    4://
        -:    5:// Copyright (c) 2003-2020 Christopher M. Kohlhoff (chris at kohlhoff dot com)
        -:    6://
        -:    7:// Distributed under the Boost Software License, Version 1.0. (See accompanying
        -:    8:// file LICENSE_1_0.txt or copy at http://www.boost.org/LICENSE_1_0.txt)
        -:    9://
        -:   10:
        -:   11:#ifndef BOOST_ASIO_DETAIL_SOCKET_OPS_IPP
        -:   12:#define BOOST_ASIO_DETAIL_SOCKET_OPS_IPP
        -:   13:
        -:   14:#if defined(_MSC_VER) && (_MSC_VER >= 1200)
        -:   15:# pragma once
        -:   16:#endif // defined(_MSC_VER) && (_MSC_VER >= 1200)
        -:   17:
        -:   18:#include <boost/asio/detail/config.hpp>
        -:   19:
        -:   20:#include <cctype>
        -:   21:#include <cstdio>
        -:   22:#include <cstdlib>
        -:   23:#include <cstring>
        -:   24:#include <cerrno>
        -:   25:#include <new>
        -:   26:#include <boost/asio/detail/assert.hpp>
        -:   27:#include <boost/asio/detail/socket_ops.hpp>
        -:   28:#include <boost/asio/error.hpp>
        -:   29:
        -:   30:#if defined(BOOST_ASIO_WINDOWS_RUNTIME)
        -:   31:# include <codecvt>
        -:   32:# include <locale>
        -:   33:# include <string>
        -:   34:#endif // defined(BOOST_ASIO_WINDOWS_RUNTIME)
        -:   35:
        -:   36:#if defined(BOOST_ASIO_WINDOWS) || defined(__CYGWIN__) \
        -:   37:  || defined(__MACH__) && defined(__APPLE__)
        -:   38:# if defined(BOOST_ASIO_HAS_PTHREADS)
        -:   39:#  include <pthread.h>
        -:   40:# endif // defined(BOOST_ASIO_HAS_PTHREADS)
        -:   41:#endif // defined(BOOST_ASIO_WINDOWS) || defined(__CYGWIN__)
        -:   42:       // || defined(__MACH__) && defined(__APPLE__)
        -:   43:
        -:   44:#include <boost/asio/detail/push_options.hpp>
        -:   45:
        -:   46:namespace boost {
        -:   47:namespace asio {
        -:   48:namespace detail {
        -:   49:namespace socket_ops {
        -:   50:
        -:   51:#if !defined(BOOST_ASIO_WINDOWS_RUNTIME)
        -:   52:
        -:   53:#if defined(BOOST_ASIO_WINDOWS) || defined(__CYGWIN__)
        -:   54:struct msghdr { int msg_namelen; };
        -:   55:#endif // defined(BOOST_ASIO_WINDOWS) || defined(__CYGWIN__)
        -:   56:
        -:   57:#if defined(__hpux)
        -:   58:// HP-UX doesn't declare these functions extern "C", so they are declared again
        -:   59:// here to avoid linker errors about undefined symbols.
        -:   60:extern "C" char* if_indextoname(unsigned int, char*);
        -:   61:extern "C" unsigned int if_nametoindex(const char*);
        -:   62:#endif // defined(__hpux)
        -:   63:
        -:   64:#endif // !defined(BOOST_ASIO_WINDOWS_RUNTIME)
        -:   65:
    #####:   66:inline void clear_last_error()
        -:   67:{
        -:   68:#if defined(BOOST_ASIO_WINDOWS) || defined(__CYGWIN__)
        -:   69:  WSASetLastError(0);
        -:   70:#else
    #####:   71:  errno = 0;
        -:   72:#endif
    #####:   73:}
        -:   74:
        -:   75:#if !defined(BOOST_ASIO_WINDOWS_RUNTIME)
        -:   76:
        -:   77:template <typename ReturnType>
       4*:   78:inline ReturnType error_wrapper(ReturnType return_value,
        -:   79:    boost::system::error_code& ec)
        -:   80:{
        -:   81:#if defined(BOOST_ASIO_WINDOWS) || defined(__CYGWIN__)
        -:   82:  ec = boost::system::error_code(WSAGetLastError(),
        -:   83:      boost::asio::error::get_system_category());
        -:   84:#else
       4*:   85:  ec = boost::system::error_code(errno,
        -:   86:      boost::asio::error::get_system_category());
        -:   87:#endif
       4*:   88:  return return_value;
        -:   89:}
------------------
_ZN5boost4asio6detail10socket_ops13error_wrapperIlEET_S4_RNS_6system10error_codeE:
        4:   78:inline ReturnType error_wrapper(ReturnType return_value,
        -:   79:    boost::system::error_code& ec)
        -:   80:{
        -:   81:#if defined(BOOST_ASIO_WINDOWS) || defined(__CYGWIN__)
        -:   82:  ec = boost::system::error_code(WSAGetLastError(),
        -:   83:      boost::asio::error::get_system_category());
        -:   84:#else
        4:   85:  ec = boost::system::error_code(errno,
        4:   85-block  0
        -:   86:      boost::asio::error::get_system_category());
        -:   87:#endif
        4:   88:  return return_value;
        -:   89:}
------------------
_ZN5boost4asio6detail10socket_ops13error_wrapperIiEET_S4_RNS_6system10error_codeE:
    #####:   78:inline ReturnType error_wrapper(ReturnType return_value,
        -:   79:    boost::system::error_code& ec)
        -:   80:{
        -:   81:#if defined(BOOST_ASIO_WINDOWS) || defined(__CYGWIN__)
        -:   82:  ec = boost::system::error_code(WSAGetLastError(),
        -:   83:      boost::asio::error::get_system_category());
        -:   84:#else
    #####:   85:  ec = boost::system::error_code(errno,
    %%%%%:   85-block  0
        -:   86:      boost::asio::error::get_system_category());
        -:   87:#endif
    #####:   88:  return return_value;
        -:   89:}
------------------
        -:   90:
        -:   91:template <typename SockLenType>
        -:   92:inline socket_type call_accept(SockLenType msghdr::*,
        -:   93:    socket_type s, socket_addr_type* addr, std::size_t* addrlen)
        -:   94:{
        -:   95:  SockLenType tmp_addrlen = addrlen ? (SockLenType)*addrlen : 0;
        -:   96:  socket_type result = ::accept(s, addr, addrlen ? &tmp_addrlen : 0);
        -:   97:  if (addrlen)
        -:   98:    *addrlen = (std::size_t)tmp_addrlen;
        -:   99:  return result;
        -:  100:}
        -:  101:
        -:  102:socket_type accept(socket_type s, socket_addr_type* addr,
        -:  103:    std::size_t* addrlen, boost::system::error_code& ec)
        -:  104:{
        -:  105:  if (s == invalid_socket)
        -:  106:  {
        -:  107:    ec = boost::asio::error::bad_descriptor;
        -:  108:    return invalid_socket;
        -:  109:  }
        -:  110:
        -:  111:  clear_last_error();
        -:  112:
        -:  113:  socket_type new_s = error_wrapper(call_accept(
        -:  114:        &msghdr::msg_namelen, s, addr, addrlen), ec);
        -:  115:  if (new_s == invalid_socket)
        -:  116:    return new_s;
        -:  117:
        -:  118:#if defined(__MACH__) && defined(__APPLE__) || defined(__FreeBSD__)
        -:  119:  int optval = 1;
        -:  120:  int result = error_wrapper(::setsockopt(new_s,
        -:  121:        SOL_SOCKET, SO_NOSIGPIPE, &optval, sizeof(optval)), ec);
        -:  122:  if (result != 0)
        -:  123:  {
        -:  124:    ::close(new_s);
        -:  125:    return invalid_socket;
        -:  126:  }
        -:  127:#endif
        -:  128:
        -:  129:  ec = boost::system::error_code();
        -:  130:  return new_s;
        -:  131:}
        -:  132:
        -:  133:socket_type sync_accept(socket_type s, state_type state,
        -:  134:    socket_addr_type* addr, std::size_t* addrlen, boost::system::error_code& ec)
        -:  135:{
        -:  136:  // Accept a socket.
        -:  137:  for (;;)
        -:  138:  {
        -:  139:    // Try to complete the operation without blocking.
        -:  140:    socket_type new_socket = socket_ops::accept(s, addr, addrlen, ec);
        -:  141:
        -:  142:    // Check if operation succeeded.
        -:  143:    if (new_socket != invalid_socket)
        -:  144:      return new_socket;
        -:  145:
        -:  146:    // Operation failed.
        -:  147:    if (ec == boost::asio::error::would_block
        -:  148:        || ec == boost::asio::error::try_again)
        -:  149:    {
        -:  150:      if (state & user_set_non_blocking)
        -:  151:        return invalid_socket;
        -:  152:      // Fall through to retry operation.
        -:  153:    }
        -:  154:    else if (ec == boost::asio::error::connection_aborted)
        -:  155:    {
        -:  156:      if (state & enable_connection_aborted)
        -:  157:        return invalid_socket;
        -:  158:      // Fall through to retry operation.
        -:  159:    }
        -:  160:#if defined(EPROTO)
        -:  161:    else if (ec.value() == EPROTO)
        -:  162:    {
        -:  163:      if (state & enable_connection_aborted)
        -:  164:        return invalid_socket;
        -:  165:      // Fall through to retry operation.
        -:  166:    }
        -:  167:#endif // defined(EPROTO)
        -:  168:    else
        -:  169:      return invalid_socket;
        -:  170:
        -:  171:    // Wait for socket to become ready.
        -:  172:    if (socket_ops::poll_read(s, 0, -1, ec) < 0)
        -:  173:      return invalid_socket;
        -:  174:  }
        -:  175:}
        -:  176:
        -:  177:#if defined(BOOST_ASIO_HAS_IOCP)
        -:  178:
        -:  179:void complete_iocp_accept(socket_type s,
        -:  180:    void* output_buffer, DWORD address_length,
        -:  181:    socket_addr_type* addr, std::size_t* addrlen,
        -:  182:    socket_type new_socket, boost::system::error_code& ec)
        -:  183:{
        -:  184:  // Map non-portable errors to their portable counterparts.
        -:  185:  if (ec.value() == ERROR_NETNAME_DELETED)
        -:  186:    ec = boost::asio::error::connection_aborted;
        -:  187:
        -:  188:  if (!ec)
        -:  189:  {
        -:  190:    // Get the address of the peer.
        -:  191:    if (addr && addrlen)
        -:  192:    {
        -:  193:      LPSOCKADDR local_addr = 0;
        -:  194:      int local_addr_length = 0;
        -:  195:      LPSOCKADDR remote_addr = 0;
        -:  196:      int remote_addr_length = 0;
        -:  197:      GetAcceptExSockaddrs(output_buffer, 0, address_length,
        -:  198:          address_length, &local_addr, &local_addr_length,
        -:  199:          &remote_addr, &remote_addr_length);
        -:  200:      if (static_cast<std::size_t>(remote_addr_length) > *addrlen)
        -:  201:      {
        -:  202:        ec = boost::asio::error::invalid_argument;
        -:  203:      }
        -:  204:      else
        -:  205:      {
        -:  206:        using namespace std; // For memcpy.
        -:  207:        memcpy(addr, remote_addr, remote_addr_length);
        -:  208:        *addrlen = static_cast<std::size_t>(remote_addr_length);
        -:  209:      }
        -:  210:    }
        -:  211:
        -:  212:    // Need to set the SO_UPDATE_ACCEPT_CONTEXT option so that getsockname
        -:  213:    // and getpeername will work on the accepted socket.
        -:  214:    SOCKET update_ctx_param = s;
        -:  215:    socket_ops::state_type state = 0;
        -:  216:    socket_ops::setsockopt(new_socket, state,
        -:  217:          SOL_SOCKET, SO_UPDATE_ACCEPT_CONTEXT,
        -:  218:          &update_ctx_param, sizeof(SOCKET), ec);
        -:  219:  }
        -:  220:}
        -:  221:
        -:  222:#else // defined(BOOST_ASIO_HAS_IOCP)
        -:  223:
        -:  224:bool non_blocking_accept(socket_type s,
        -:  225:    state_type state, socket_addr_type* addr, std::size_t* addrlen,
        -:  226:    boost::system::error_code& ec, socket_type& new_socket)
        -:  227:{
        -:  228:  for (;;)
        -:  229:  {
        -:  230:    // Accept the waiting connection.
        -:  231:    new_socket = socket_ops::accept(s, addr, addrlen, ec);
        -:  232:
        -:  233:    // Check if operation succeeded.
        -:  234:    if (new_socket != invalid_socket)
        -:  235:      return true;
        -:  236:
        -:  237:    // Retry operation if interrupted by signal.
        -:  238:    if (ec == boost::asio::error::interrupted)
        -:  239:      continue;
        -:  240:
        -:  241:    // Operation failed.
        -:  242:    if (ec == boost::asio::error::would_block
        -:  243:        || ec == boost::asio::error::try_again)
        -:  244:    {
        -:  245:      // Fall through to retry operation.
        -:  246:    }
        -:  247:    else if (ec == boost::asio::error::connection_aborted)
        -:  248:    {
        -:  249:      if (state & enable_connection_aborted)
        -:  250:        return true;
        -:  251:      // Fall through to retry operation.
        -:  252:    }
        -:  253:#if defined(EPROTO)
        -:  254:    else if (ec.value() == EPROTO)
        -:  255:    {
        -:  256:      if (state & enable_connection_aborted)
        -:  257:        return true;
        -:  258:      // Fall through to retry operation.
        -:  259:    }
        -:  260:#endif // defined(EPROTO)
        -:  261:    else
        -:  262:      return true;
        -:  263:
        -:  264:    return false;
        -:  265:  }
        -:  266:}
        -:  267:
        -:  268:#endif // defined(BOOST_ASIO_HAS_IOCP)
        -:  269:
        -:  270:template <typename SockLenType>
        -:  271:inline int call_bind(SockLenType msghdr::*,
        -:  272:    socket_type s, const socket_addr_type* addr, std::size_t addrlen)
        -:  273:{
        -:  274:  return ::bind(s, addr, (SockLenType)addrlen);
        -:  275:}
        -:  276:
        -:  277:int bind(socket_type s, const socket_addr_type* addr,
        -:  278:    std::size_t addrlen, boost::system::error_code& ec)
        -:  279:{
        -:  280:  if (s == invalid_socket)
        -:  281:  {
        -:  282:    ec = boost::asio::error::bad_descriptor;
        -:  283:    return socket_error_retval;
        -:  284:  }
        -:  285:
        -:  286:  clear_last_error();
        -:  287:  int result = error_wrapper(call_bind(
        -:  288:        &msghdr::msg_namelen, s, addr, addrlen), ec);
        -:  289:  if (result == 0)
        -:  290:    ec = boost::system::error_code();
        -:  291:  return result;
        -:  292:}
        -:  293:
    #####:  294:int close(socket_type s, state_type& state,
        -:  295:    bool destruction, boost::system::error_code& ec)
        -:  296:{
    #####:  297:  int result = 0;
    #####:  298:  if (s != invalid_socket)
    %%%%%:  298-block  0
        -:  299:  {
        -:  300:    // We don't want the destructor to block, so set the socket to linger in
        -:  301:    // the background. If the user doesn't like this behaviour then they need
        -:  302:    // to explicitly close the socket.
    #####:  303:    if (destruction && (state & user_set_linger))
    %%%%%:  303-block  0
    %%%%%:  303-block  1
        -:  304:    {
        -:  305:      ::linger opt;
    #####:  306:      opt.l_onoff = 0;
    #####:  307:      opt.l_linger = 0;
    #####:  308:      boost::system::error_code ignored_ec;
    #####:  309:      socket_ops::setsockopt(s, state, SOL_SOCKET,
    %%%%%:  309-block  0
        -:  310:          SO_LINGER, &opt, sizeof(opt), ignored_ec);
        -:  311:    }
        -:  312:
    #####:  313:    clear_last_error();
    %%%%%:  313-block  0
        -:  314:#if defined(BOOST_ASIO_WINDOWS) || defined(__CYGWIN__)
        -:  315:    result = error_wrapper(::closesocket(s), ec);
        -:  316:#else // defined(BOOST_ASIO_WINDOWS) || defined(__CYGWIN__)
    #####:  317:    result = error_wrapper(::close(s), ec);
        -:  318:#endif // defined(BOOST_ASIO_WINDOWS) || defined(__CYGWIN__)
        -:  319:
    #####:  320:    if (result != 0
    #####:  321:        && (ec == boost::asio::error::would_block
    %%%%%:  321-block  0
    %%%%%:  321-block  1
    %%%%%:  321-block  2
    #####:  322:          || ec == boost::asio::error::try_again))
    %%%%%:  322-block  0
    %%%%%:  322-block  1
        -:  323:    {
        -:  324:      // According to UNIX Network Programming Vol. 1, it is possible for
        -:  325:      // close() to fail with EWOULDBLOCK under certain circumstances. What
        -:  326:      // isn't clear is the state of the descriptor after this error. The one
        -:  327:      // current OS where this behaviour is seen, Windows, says that the socket
        -:  328:      // remains open. Therefore we'll put the descriptor back into blocking
        -:  329:      // mode and have another attempt at closing it.
        -:  330:#if defined(BOOST_ASIO_WINDOWS) || defined(__CYGWIN__)
        -:  331:      ioctl_arg_type arg = 0;
        -:  332:      ::ioctlsocket(s, FIONBIO, &arg);
        -:  333:#else // defined(BOOST_ASIO_WINDOWS) || defined(__CYGWIN__)
        -:  334:# if defined(__SYMBIAN32__) || defined(__EMSCRIPTEN__)
        -:  335:      int flags = ::fcntl(s, F_GETFL, 0);
        -:  336:      if (flags >= 0)
        -:  337:        ::fcntl(s, F_SETFL, flags & ~O_NONBLOCK);
        -:  338:# else // defined(__SYMBIAN32__) || defined(__EMSCRIPTEN__)
    #####:  339:      ioctl_arg_type arg = 0;
    #####:  340:      ::ioctl(s, FIONBIO, &arg);
    %%%%%:  340-block  0
        -:  341:# endif // defined(__SYMBIAN32__) || defined(__EMSCRIPTEN__)
        -:  342:#endif // defined(BOOST_ASIO_WINDOWS) || defined(__CYGWIN__)
    #####:  343:      state &= ~non_blocking;
        -:  344:
    #####:  345:      clear_last_error();
        -:  346:#if defined(BOOST_ASIO_WINDOWS) || defined(__CYGWIN__)
        -:  347:      result = error_wrapper(::closesocket(s), ec);
        -:  348:#else // defined(BOOST_ASIO_WINDOWS) || defined(__CYGWIN__)
    #####:  349:      result = error_wrapper(::close(s), ec);
    %%%%%:  349-block  0
        -:  350:#endif // defined(BOOST_ASIO_WINDOWS) || defined(__CYGWIN__)
        -:  351:    }
        -:  352:  }
        -:  353:
    #####:  354:  if (result == 0)
    %%%%%:  354-block  0
    #####:  355:    ec = boost::system::error_code();
    %%%%%:  355-block  0
    #####:  356:  return result;
    %%%%%:  356-block  0
    %%%%%:  356-block  1
        -:  357:}
        -:  358:
        -:  359:bool set_user_non_blocking(socket_type s,
        -:  360:    state_type& state, bool value, boost::system::error_code& ec)
        -:  361:{
        -:  362:  if (s == invalid_socket)
        -:  363:  {
        -:  364:    ec = boost::asio::error::bad_descriptor;
        -:  365:    return false;
        -:  366:  }
        -:  367:
        -:  368:  clear_last_error();
        -:  369:#if defined(BOOST_ASIO_WINDOWS) || defined(__CYGWIN__)
        -:  370:  ioctl_arg_type arg = (value ? 1 : 0);
        -:  371:  int result = error_wrapper(::ioctlsocket(s, FIONBIO, &arg), ec);
        -:  372:#elif defined(__SYMBIAN32__) || defined(__EMSCRIPTEN__)
        -:  373:  int result = error_wrapper(::fcntl(s, F_GETFL, 0), ec);
        -:  374:  if (result >= 0)
        -:  375:  {
        -:  376:    clear_last_error();
        -:  377:    int flag = (value ? (result | O_NONBLOCK) : (result & ~O_NONBLOCK));
        -:  378:    result = error_wrapper(::fcntl(s, F_SETFL, flag), ec);
        -:  379:  }
        -:  380:#else
        -:  381:  ioctl_arg_type arg = (value ? 1 : 0);
        -:  382:  int result = error_wrapper(::ioctl(s, FIONBIO, &arg), ec);
        -:  383:#endif
        -:  384:
        -:  385:  if (result >= 0)
        -:  386:  {
        -:  387:    ec = boost::system::error_code();
        -:  388:    if (value)
        -:  389:      state |= user_set_non_blocking;
        -:  390:    else
        -:  391:    {
        -:  392:      // Clearing the user-set non-blocking mode always overrides any
        -:  393:      // internally-set non-blocking flag. Any subsequent asynchronous
        -:  394:      // operations will need to re-enable non-blocking I/O.
        -:  395:      state &= ~(user_set_non_blocking | internal_non_blocking);
        -:  396:    }
        -:  397:    return true;
        -:  398:  }
        -:  399:
        -:  400:  return false;
        -:  401:}
        -:  402:
        1:  403:bool set_internal_non_blocking(socket_type s,
        -:  404:    state_type& state, bool value, boost::system::error_code& ec)
        -:  405:{
        1:  406:  if (s == invalid_socket)
        1:  406-block  0
        -:  407:  {
    #####:  408:    ec = boost::asio::error::bad_descriptor;
    %%%%%:  408-block  0
    #####:  409:    return false;
        -:  410:  }
        -:  411:
       1*:  412:  if (!value && (state & user_set_non_blocking))
        1:  412-block  0
    %%%%%:  412-block  1
        -:  413:  {
        -:  414:    // It does not make sense to clear the internal non-blocking flag if the
        -:  415:    // user still wants non-blocking behaviour. Return an error and let the
        -:  416:    // caller figure out whether to update the user-set non-blocking flag.
    #####:  417:    ec = boost::asio::error::invalid_argument;
    %%%%%:  417-block  0
    #####:  418:    return false;
        -:  419:  }
        -:  420:
        1:  421:  clear_last_error();
        1:  421-block  0
        -:  422:#if defined(BOOST_ASIO_WINDOWS) || defined(__CYGWIN__)
        -:  423:  ioctl_arg_type arg = (value ? 1 : 0);
        -:  424:  int result = error_wrapper(::ioctlsocket(s, FIONBIO, &arg), ec);
        -:  425:#elif defined(__SYMBIAN32__) || defined(__EMSCRIPTEN__)
        -:  426:  int result = error_wrapper(::fcntl(s, F_GETFL, 0), ec);
        -:  427:  if (result >= 0)
        -:  428:  {
        -:  429:    clear_last_error();
        -:  430:    int flag = (value ? (result | O_NONBLOCK) : (result & ~O_NONBLOCK));
        -:  431:    result = error_wrapper(::fcntl(s, F_SETFL, flag), ec);
        -:  432:  }
        -:  433:#else
       1*:  434:  ioctl_arg_type arg = (value ? 1 : 0);
        1:  434-block  0
    %%%%%:  434-block  1
        1:  435:  int result = error_wrapper(::ioctl(s, FIONBIO, &arg), ec);
        1:  435-block  0
        -:  436:#endif
        -:  437:
        1:  438:  if (result >= 0)
        -:  439:  {
        1:  440:    ec = boost::system::error_code();
        1:  440-block  0
        1:  441:    if (value)
        1:  442:      state |= internal_non_blocking;
        1:  442-block  0
        -:  443:    else
    #####:  444:      state &= ~internal_non_blocking;
    %%%%%:  444-block  0
        1:  445:    return true;
        1:  445-block  0
        -:  446:  }
        -:  447:
    #####:  448:  return false;
    %%%%%:  448-block  0
        -:  449:}
        -:  450:
        1:  451:int shutdown(socket_type s, int what, boost::system::error_code& ec)
        -:  452:{
        1:  453:  if (s == invalid_socket)
        1:  453-block  0
        -:  454:  {
    #####:  455:    ec = boost::asio::error::bad_descriptor;
    %%%%%:  455-block  0
    #####:  456:    return socket_error_retval;
        -:  457:  }
        -:  458:
        1:  459:  clear_last_error();
        1:  459-block  0
        1:  460:  int result = error_wrapper(::shutdown(s, what), ec);
        1:  461:  if (result == 0)
        1:  462:    ec = boost::system::error_code();
        1:  462-block  0
        1:  463:  return result;
        1:  463-block  0
        -:  464:}
        -:  465:
        -:  466:template <typename SockLenType>
        1:  467:inline int call_connect(SockLenType msghdr::*,
        -:  468:    socket_type s, const socket_addr_type* addr, std::size_t addrlen)
        -:  469:{
        1:  470:  return ::connect(s, addr, (SockLenType)addrlen);
        1:  470-block  0
        -:  471:}
        -:  472:
        1:  473:int connect(socket_type s, const socket_addr_type* addr,
        -:  474:    std::size_t addrlen, boost::system::error_code& ec)
        -:  475:{
        1:  476:  if (s == invalid_socket)
        1:  476-block  0
        -:  477:  {
    #####:  478:    ec = boost::asio::error::bad_descriptor;
    %%%%%:  478-block  0
    #####:  479:    return socket_error_retval;
        -:  480:  }
        -:  481:
        1:  482:  clear_last_error();
        1:  482-block  0
        1:  483:  int result = error_wrapper(call_connect(
        -:  484:        &msghdr::msg_namelen, s, addr, addrlen), ec);
        1:  485:  if (result == 0)
    #####:  486:    ec = boost::system::error_code();
    %%%%%:  486-block  0
        -:  487:#if defined(__linux__)
        1:  488:  else if (ec == boost::asio::error::try_again)
        1:  488-block  0
    #####:  489:    ec = boost::asio::error::no_buffer_space;
    %%%%%:  489-block  0
        -:  490:#endif // defined(__linux__)
        1:  491:  return result;
        1:  491-block  0
        -:  492:}
        -:  493:
        -:  494:void sync_connect(socket_type s, const socket_addr_type* addr,
        -:  495:    std::size_t addrlen, boost::system::error_code& ec)
        -:  496:{
        -:  497:  // Perform the connect operation.
        -:  498:  socket_ops::connect(s, addr, addrlen, ec);
        -:  499:  if (ec != boost::asio::error::in_progress
        -:  500:      && ec != boost::asio::error::would_block)
        -:  501:  {
        -:  502:    // The connect operation finished immediately.
        -:  503:    return;
        -:  504:  }
        -:  505:
        -:  506:  // Wait for socket to become ready.
        -:  507:  if (socket_ops::poll_connect(s, -1, ec) < 0)
        -:  508:    return;
        -:  509:
        -:  510:  // Get the error code from the connect operation.
        -:  511:  int connect_error = 0;
        -:  512:  size_t connect_error_len = sizeof(connect_error);
        -:  513:  if (socket_ops::getsockopt(s, 0, SOL_SOCKET, SO_ERROR,
        -:  514:        &connect_error, &connect_error_len, ec) == socket_error_retval)
        -:  515:    return;
        -:  516:
        -:  517:  // Return the result of the connect operation.
        -:  518:  ec = boost::system::error_code(connect_error,
        -:  519:      boost::asio::error::get_system_category());
        -:  520:}
        -:  521:
        -:  522:#if defined(BOOST_ASIO_HAS_IOCP)
        -:  523:
        -:  524:void complete_iocp_connect(socket_type s, boost::system::error_code& ec)
        -:  525:{
        -:  526:  // Map non-portable errors to their portable counterparts.
        -:  527:  switch (ec.value())
        -:  528:  {
        -:  529:  case ERROR_CONNECTION_REFUSED:
        -:  530:    ec = boost::asio::error::connection_refused;
        -:  531:    break;
        -:  532:  case ERROR_NETWORK_UNREACHABLE:
        -:  533:    ec = boost::asio::error::network_unreachable;
        -:  534:    break;
        -:  535:  case ERROR_HOST_UNREACHABLE:
        -:  536:    ec = boost::asio::error::host_unreachable;
        -:  537:    break;
        -:  538:  case ERROR_SEM_TIMEOUT:
        -:  539:    ec = boost::asio::error::timed_out;
        -:  540:    break;
        -:  541:  default:
        -:  542:    break;
        -:  543:  }
        -:  544:
        -:  545:  if (!ec)
        -:  546:  {
        -:  547:    // Need to set the SO_UPDATE_CONNECT_CONTEXT option so that getsockname
        -:  548:    // and getpeername will work on the connected socket.
        -:  549:    socket_ops::state_type state = 0;
        -:  550:    const int so_update_connect_context = 0x7010;
        -:  551:    socket_ops::setsockopt(s, state, SOL_SOCKET,
        -:  552:        so_update_connect_context, 0, 0, ec);
        -:  553:  }
        -:  554:}
        -:  555:
        -:  556:#endif // defined(BOOST_ASIO_HAS_IOCP)
        -:  557:
        1:  558:bool non_blocking_connect(socket_type s, boost::system::error_code& ec)
        -:  559:{
        -:  560:  // Check if the connect operation has finished. This is required since we may
        -:  561:  // get spurious readiness notifications from the reactor.
        -:  562:#if defined(BOOST_ASIO_WINDOWS) \
        -:  563:  || defined(__CYGWIN__) \
        -:  564:  || defined(__SYMBIAN32__)
        -:  565:  fd_set write_fds;
        -:  566:  FD_ZERO(&write_fds);
        -:  567:  FD_SET(s, &write_fds);
        -:  568:  fd_set except_fds;
        -:  569:  FD_ZERO(&except_fds);
        -:  570:  FD_SET(s, &except_fds);
        -:  571:  timeval zero_timeout;
        -:  572:  zero_timeout.tv_sec = 0;
        -:  573:  zero_timeout.tv_usec = 0;
        -:  574:  int ready = ::select(s + 1, 0, &write_fds, &except_fds, &zero_timeout);
        -:  575:#else // defined(BOOST_ASIO_WINDOWS)
        -:  576:      // || defined(__CYGWIN__)
        -:  577:      // || defined(__SYMBIAN32__)
        -:  578:  pollfd fds;
        1:  579:  fds.fd = s;
        1:  580:  fds.events = POLLOUT;
        1:  581:  fds.revents = 0;
        1:  582:  int ready = ::poll(&fds, 1, 0);
        1:  582-block  0
        -:  583:#endif // defined(BOOST_ASIO_WINDOWS)
        -:  584:       // || defined(__CYGWIN__)
        -:  585:       // || defined(__SYMBIAN32__)
        1:  586:  if (ready == 0)
        1:  586-block  0
        -:  587:  {
        -:  588:    // The asynchronous connect operation is still in progress.
    #####:  589:    return false;
    %%%%%:  589-block  0
        -:  590:  }
        -:  591:
        -:  592:  // Get the error code from the connect operation.
        1:  593:  int connect_error = 0;
        1:  594:  size_t connect_error_len = sizeof(connect_error);
        1:  595:  if (socket_ops::getsockopt(s, 0, SOL_SOCKET, SO_ERROR,
        1:  595-block  0
        1:  596:        &connect_error, &connect_error_len, ec) == 0)
        1:  596-block  0
        -:  597:  {
        1:  598:    if (connect_error)
        1:  598-block  0
        -:  599:    {
    #####:  600:      ec = boost::system::error_code(connect_error,
    %%%%%:  600-block  0
        -:  601:          boost::asio::error::get_system_category());
        -:  602:    }
        -:  603:    else
        1:  604:      ec = boost::system::error_code();
        1:  604-block  0
        -:  605:  }
        -:  606:
        1:  607:  return true;
        1:  607-block  0
        -:  608:}
        -:  609:
        -:  610:int socketpair(int af, int type, int protocol,
        -:  611:    socket_type sv[2], boost::system::error_code& ec)
        -:  612:{
        -:  613:#if defined(BOOST_ASIO_WINDOWS) || defined(__CYGWIN__)
        -:  614:  (void)(af);
        -:  615:  (void)(type);
        -:  616:  (void)(protocol);
        -:  617:  (void)(sv);
        -:  618:  ec = boost::asio::error::operation_not_supported;
        -:  619:  return socket_error_retval;
        -:  620:#else
        -:  621:  clear_last_error();
        -:  622:  int result = error_wrapper(::socketpair(af, type, protocol, sv), ec);
        -:  623:  if (result == 0)
        -:  624:    ec = boost::system::error_code();
        -:  625:  return result;
        -:  626:#endif
        -:  627:}
        -:  628:
        -:  629:bool sockatmark(socket_type s, boost::system::error_code& ec)
        -:  630:{
        -:  631:  if (s == invalid_socket)
        -:  632:  {
        -:  633:    ec = boost::asio::error::bad_descriptor;
        -:  634:    return false;
        -:  635:  }
        -:  636:
        -:  637:#if defined(SIOCATMARK)
        -:  638:  ioctl_arg_type value = 0;
        -:  639:# if defined(BOOST_ASIO_WINDOWS) || defined(__CYGWIN__)
        -:  640:  int result = error_wrapper(::ioctlsocket(s, SIOCATMARK, &value), ec);
        -:  641:# else // defined(BOOST_ASIO_WINDOWS) || defined(__CYGWIN__)
        -:  642:  int result = error_wrapper(::ioctl(s, SIOCATMARK, &value), ec);
        -:  643:# endif // defined(BOOST_ASIO_WINDOWS) || defined(__CYGWIN__)
        -:  644:  if (result == 0)
        -:  645:    ec = boost::system::error_code();
        -:  646:# if defined(ENOTTY)
        -:  647:  if (ec.value() == ENOTTY)
        -:  648:    ec = boost::asio::error::not_socket;
        -:  649:# endif // defined(ENOTTY)
        -:  650:#else // defined(SIOCATMARK)
        -:  651:  int value = error_wrapper(::sockatmark(s), ec);
        -:  652:  if (value != -1)
        -:  653:    ec = boost::system::error_code();
        -:  654:#endif // defined(SIOCATMARK)
        -:  655:
        -:  656:  return ec ? false : value != 0;
        -:  657:}
        -:  658:
        -:  659:size_t available(socket_type s, boost::system::error_code& ec)
        -:  660:{
        -:  661:  if (s == invalid_socket)
        -:  662:  {
        -:  663:    ec = boost::asio::error::bad_descriptor;
        -:  664:    return 0;
        -:  665:  }
        -:  666:
        -:  667:  ioctl_arg_type value = 0;
        -:  668:#if defined(BOOST_ASIO_WINDOWS) || defined(__CYGWIN__)
        -:  669:  int result = error_wrapper(::ioctlsocket(s, FIONREAD, &value), ec);
        -:  670:#else // defined(BOOST_ASIO_WINDOWS) || defined(__CYGWIN__)
        -:  671:  int result = error_wrapper(::ioctl(s, FIONREAD, &value), ec);
        -:  672:#endif // defined(BOOST_ASIO_WINDOWS) || defined(__CYGWIN__)
        -:  673:  if (result == 0)
        -:  674:    ec = boost::system::error_code();
        -:  675:#if defined(ENOTTY)
        -:  676:  if (ec.value() == ENOTTY)
        -:  677:    ec = boost::asio::error::not_socket;
        -:  678:#endif // defined(ENOTTY)
        -:  679:
        -:  680:  return ec ? static_cast<size_t>(0) : static_cast<size_t>(value);
        -:  681:}
        -:  682:
        -:  683:int listen(socket_type s, int backlog, boost::system::error_code& ec)
        -:  684:{
        -:  685:  if (s == invalid_socket)
        -:  686:  {
        -:  687:    ec = boost::asio::error::bad_descriptor;
        -:  688:    return socket_error_retval;
        -:  689:  }
        -:  690:
        -:  691:  clear_last_error();
        -:  692:  int result = error_wrapper(::listen(s, backlog), ec);
        -:  693:  if (result == 0)
        -:  694:    ec = boost::system::error_code();
        -:  695:  return result;
        -:  696:}
        -:  697:
        -:  698:inline void init_buf_iov_base(void*& base, void* addr)
        -:  699:{
        -:  700:  base = addr;
        -:  701:}
        -:  702:
        -:  703:template <typename T>
        -:  704:inline void init_buf_iov_base(T& base, void* addr)
        -:  705:{
        -:  706:  base = static_cast<T>(addr);
        -:  707:}
        -:  708:
        -:  709:#if defined(BOOST_ASIO_WINDOWS) || defined(__CYGWIN__)
        -:  710:typedef WSABUF buffer;
        -:  711:#else // defined(BOOST_ASIO_WINDOWS) || defined(__CYGWIN__)
        -:  712:typedef iovec buffer;
        -:  713:#endif // defined(BOOST_ASIO_WINDOWS) || defined(__CYGWIN__)
        -:  714:
        -:  715:void init_buf(buffer& b, void* data, size_t size)
        -:  716:{
        -:  717:#if defined(BOOST_ASIO_WINDOWS) || defined(__CYGWIN__)
        -:  718:  b.buffer = static_cast<char*>(data);
        -:  719:  b.len = static_cast<u_long>(size);
        -:  720:#else // defined(BOOST_ASIO_WINDOWS) || defined(__CYGWIN__)
        -:  721:  init_buf_iov_base(b.iov_base, data);
        -:  722:  b.iov_len = size;
        -:  723:#endif // defined(BOOST_ASIO_WINDOWS) || defined(__CYGWIN__)
        -:  724:}
        -:  725:
        -:  726:void init_buf(buffer& b, const void* data, size_t size)
        -:  727:{
        -:  728:#if defined(BOOST_ASIO_WINDOWS) || defined(__CYGWIN__)
        -:  729:  b.buffer = static_cast<char*>(const_cast<void*>(data));
        -:  730:  b.len = static_cast<u_long>(size);
        -:  731:#else // defined(BOOST_ASIO_WINDOWS) || defined(__CYGWIN__)
        -:  732:  init_buf_iov_base(b.iov_base, const_cast<void*>(data));
        -:  733:  b.iov_len = size;
        -:  734:#endif // defined(BOOST_ASIO_WINDOWS) || defined(__CYGWIN__)
        -:  735:}
        -:  736:
        -:  737:inline void init_msghdr_msg_name(void*& name, socket_addr_type* addr)
        -:  738:{
        -:  739:  name = addr;
        -:  740:}
        -:  741:
        -:  742:inline void init_msghdr_msg_name(void*& name, const socket_addr_type* addr)
        -:  743:{
        -:  744:  name = const_cast<socket_addr_type*>(addr);
        -:  745:}
        -:  746:
        -:  747:template <typename T>
        -:  748:inline void init_msghdr_msg_name(T& name, socket_addr_type* addr)
        -:  749:{
        -:  750:  name = reinterpret_cast<T>(addr);
        -:  751:}
        -:  752:
        -:  753:template <typename T>
        -:  754:inline void init_msghdr_msg_name(T& name, const socket_addr_type* addr)
        -:  755:{
        -:  756:  name = reinterpret_cast<T>(const_cast<socket_addr_type*>(addr));
        -:  757:}
        -:  758:
        3:  759:signed_size_type recv(socket_type s, buffer* bufs, size_t count,
        -:  760:    int flags, boost::system::error_code& ec)
        -:  761:{
        3:  762:  clear_last_error();
        3:  762-block  0
        -:  763:#if defined(BOOST_ASIO_WINDOWS) || defined(__CYGWIN__)
        -:  764:  // Receive some data.
        -:  765:  DWORD recv_buf_count = static_cast<DWORD>(count);
        -:  766:  DWORD bytes_transferred = 0;
        -:  767:  DWORD recv_flags = flags;
        -:  768:  int result = error_wrapper(::WSARecv(s, bufs,
        -:  769:        recv_buf_count, &bytes_transferred, &recv_flags, 0, 0), ec);
        -:  770:  if (ec.value() == ERROR_NETNAME_DELETED)
        -:  771:    ec = boost::asio::error::connection_reset;
        -:  772:  else if (ec.value() == ERROR_PORT_UNREACHABLE)
        -:  773:    ec = boost::asio::error::connection_refused;
        -:  774:  else if (ec.value() == WSAEMSGSIZE || ec.value() == ERROR_MORE_DATA)
        -:  775:    result = 0;
        -:  776:  if (result != 0)
        -:  777:    return socket_error_retval;
        -:  778:  ec = boost::system::error_code();
        -:  779:  return bytes_transferred;
        -:  780:#else // defined(BOOST_ASIO_WINDOWS) || defined(__CYGWIN__)
        3:  781:  msghdr msg = msghdr();
        3:  782:  msg.msg_iov = bufs;
        3:  783:  msg.msg_iovlen = static_cast<int>(count);
        3:  784:  signed_size_type result = error_wrapper(::recvmsg(s, &msg, flags), ec);
        3:  784-block  0
        3:  785:  if (result >= 0)
        2:  786:    ec = boost::system::error_code();
        2:  786-block  0
        3:  787:  return result;
        3:  787-block  0
        3:  787-block  1
        -:  788:#endif // defined(BOOST_ASIO_WINDOWS) || defined(__CYGWIN__)
        -:  789:}
        -:  790:
        -:  791:size_t sync_recv(socket_type s, state_type state, buffer* bufs,
        -:  792:    size_t count, int flags, bool all_empty, boost::system::error_code& ec)
        -:  793:{
        -:  794:  if (s == invalid_socket)
        -:  795:  {
        -:  796:    ec = boost::asio::error::bad_descriptor;
        -:  797:    return 0;
        -:  798:  }
        -:  799:
        -:  800:  // A request to read 0 bytes on a stream is a no-op.
        -:  801:  if (all_empty && (state & stream_oriented))
        -:  802:  {
        -:  803:    ec = boost::system::error_code();
        -:  804:    return 0;
        -:  805:  }
        -:  806:
        -:  807:  // Read some data.
        -:  808:  for (;;)
        -:  809:  {
        -:  810:    // Try to complete the operation without blocking.
        -:  811:    signed_size_type bytes = socket_ops::recv(s, bufs, count, flags, ec);
        -:  812:
        -:  813:    // Check if operation succeeded.
        -:  814:    if (bytes > 0)
        -:  815:      return bytes;
        -:  816:
        -:  817:    // Check for EOF.
        -:  818:    if ((state & stream_oriented) && bytes == 0)
        -:  819:    {
        -:  820:      ec = boost::asio::error::eof;
        -:  821:      return 0;
        -:  822:    }
        -:  823:
        -:  824:    // Operation failed.
        -:  825:    if ((state & user_set_non_blocking)
        -:  826:        || (ec != boost::asio::error::would_block
        -:  827:          && ec != boost::asio::error::try_again))
        -:  828:      return 0;
        -:  829:
        -:  830:    // Wait for socket to become ready.
        -:  831:    if (socket_ops::poll_read(s, 0, -1, ec) < 0)
        -:  832:      return 0;
        -:  833:  }
        -:  834:}
        -:  835:
        -:  836:#if defined(BOOST_ASIO_HAS_IOCP)
        -:  837:
        -:  838:void complete_iocp_recv(state_type state,
        -:  839:    const weak_cancel_token_type& cancel_token, bool all_empty,
        -:  840:    boost::system::error_code& ec, size_t bytes_transferred)
        -:  841:{
        -:  842:  // Map non-portable errors to their portable counterparts.
        -:  843:  if (ec.value() == ERROR_NETNAME_DELETED)
        -:  844:  {
        -:  845:    if (cancel_token.expired())
        -:  846:      ec = boost::asio::error::operation_aborted;
        -:  847:    else
        -:  848:      ec = boost::asio::error::connection_reset;
        -:  849:  }
        -:  850:  else if (ec.value() == ERROR_PORT_UNREACHABLE)
        -:  851:  {
        -:  852:    ec = boost::asio::error::connection_refused;
        -:  853:  }
        -:  854:  else if (ec.value() == WSAEMSGSIZE || ec.value() == ERROR_MORE_DATA)
        -:  855:  {
        -:  856:    ec.assign(0, ec.category());
        -:  857:  }
        -:  858:
        -:  859:  // Check for connection closed.
        -:  860:  else if (!ec && bytes_transferred == 0
        -:  861:      && (state & stream_oriented) != 0
        -:  862:      && !all_empty)
        -:  863:  {
        -:  864:    ec = boost::asio::error::eof;
        -:  865:  }
        -:  866:}
        -:  867:
        -:  868:#else // defined(BOOST_ASIO_HAS_IOCP)
        -:  869:
        3:  870:bool non_blocking_recv(socket_type s,
        -:  871:    buffer* bufs, size_t count, int flags, bool is_stream,
        -:  872:    boost::system::error_code& ec, size_t& bytes_transferred)
        -:  873:{
        -:  874:  for (;;)
        -:  875:  {
        -:  876:    // Read some data.
        3:  877:    signed_size_type bytes = socket_ops::recv(s, bufs, count, flags, ec);
        3:  877-block  0
        -:  878:
        -:  879:    // Check for end of stream.
        3:  880:    if (is_stream && bytes == 0)
        3:  880-block  0
        -:  881:    {
    #####:  882:      ec = boost::asio::error::eof;
    %%%%%:  882-block  0
    #####:  883:      return true;
        -:  884:    }
        -:  885:
        -:  886:    // Retry operation if interrupted by signal.
       3*:  887:    if (ec == boost::asio::error::interrupted)
        3:  887-block  0
    #####:  888:      continue;
    %%%%%:  888-block  0
        -:  889:
        -:  890:    // Check if we need to run the operation again.
        3:  891:    if (ec == boost::asio::error::would_block
        3:  891-block  0
        3:  892:        || ec == boost::asio::error::try_again)
        2:  892-block  0
        1:  892-block  1
        2:  892-block  2
        3:  892-block  3
        1:  893:      return false;
        1:  893-block  0
        -:  894:
        -:  895:    // Operation is complete.
        2:  896:    if (bytes >= 0)
        2:  896-block  0
        -:  897:    {
        2:  898:      ec = boost::system::error_code();
        2:  898-block  0
        2:  899:      bytes_transferred = bytes;
        -:  900:    }
        -:  901:    else
    #####:  902:      bytes_transferred = 0;
    %%%%%:  902-block  0
        -:  903:
        2:  904:    return true;
        2:  904-block  0
    #####:  905:  }
    %%%%%:  905-block  0
        -:  906:}
        -:  907:
        -:  908:#endif // defined(BOOST_ASIO_HAS_IOCP)
        -:  909:
        -:  910:signed_size_type recvfrom(socket_type s, buffer* bufs, size_t count,
        -:  911:    int flags, socket_addr_type* addr, std::size_t* addrlen,
        -:  912:    boost::system::error_code& ec)
        -:  913:{
        -:  914:  clear_last_error();
        -:  915:#if defined(BOOST_ASIO_WINDOWS) || defined(__CYGWIN__)
        -:  916:  // Receive some data.
        -:  917:  DWORD recv_buf_count = static_cast<DWORD>(count);
        -:  918:  DWORD bytes_transferred = 0;
        -:  919:  DWORD recv_flags = flags;
        -:  920:  int tmp_addrlen = (int)*addrlen;
        -:  921:  int result = error_wrapper(::WSARecvFrom(s, bufs, recv_buf_count,
        -:  922:        &bytes_transferred, &recv_flags, addr, &tmp_addrlen, 0, 0), ec);
        -:  923:  *addrlen = (std::size_t)tmp_addrlen;
        -:  924:  if (ec.value() == ERROR_NETNAME_DELETED)
        -:  925:    ec = boost::asio::error::connection_reset;
        -:  926:  else if (ec.value() == ERROR_PORT_UNREACHABLE)
        -:  927:    ec = boost::asio::error::connection_refused;
        -:  928:  else if (ec.value() == WSAEMSGSIZE || ec.value() == ERROR_MORE_DATA)
        -:  929:    result = 0;
        -:  930:  if (result != 0)
        -:  931:    return socket_error_retval;
        -:  932:  ec = boost::system::error_code();
        -:  933:  return bytes_transferred;
        -:  934:#else // defined(BOOST_ASIO_WINDOWS) || defined(__CYGWIN__)
        -:  935:  msghdr msg = msghdr();
        -:  936:  init_msghdr_msg_name(msg.msg_name, addr);
        -:  937:  msg.msg_namelen = static_cast<int>(*addrlen);
        -:  938:  msg.msg_iov = bufs;
        -:  939:  msg.msg_iovlen = static_cast<int>(count);
        -:  940:  signed_size_type result = error_wrapper(::recvmsg(s, &msg, flags), ec);
        -:  941:  *addrlen = msg.msg_namelen;
        -:  942:  if (result >= 0)
        -:  943:    ec = boost::system::error_code();
        -:  944:  return result;
        -:  945:#endif // defined(BOOST_ASIO_WINDOWS) || defined(__CYGWIN__)
        -:  946:}
        -:  947:
        -:  948:size_t sync_recvfrom(socket_type s, state_type state, buffer* bufs,
        -:  949:    size_t count, int flags, socket_addr_type* addr,
        -:  950:    std::size_t* addrlen, boost::system::error_code& ec)
        -:  951:{
        -:  952:  if (s == invalid_socket)
        -:  953:  {
        -:  954:    ec = boost::asio::error::bad_descriptor;
        -:  955:    return 0;
        -:  956:  }
        -:  957:
        -:  958:  // Read some data.
        -:  959:  for (;;)
        -:  960:  {
        -:  961:    // Try to complete the operation without blocking.
        -:  962:    signed_size_type bytes = socket_ops::recvfrom(
        -:  963:        s, bufs, count, flags, addr, addrlen, ec);
        -:  964:
        -:  965:    // Check if operation succeeded.
        -:  966:    if (bytes >= 0)
        -:  967:      return bytes;
        -:  968:
        -:  969:    // Operation failed.
        -:  970:    if ((state & user_set_non_blocking)
        -:  971:        || (ec != boost::asio::error::would_block
        -:  972:          && ec != boost::asio::error::try_again))
        -:  973:      return 0;
        -:  974:
        -:  975:    // Wait for socket to become ready.
        -:  976:    if (socket_ops::poll_read(s, 0, -1, ec) < 0)
        -:  977:      return 0;
        -:  978:  }
        -:  979:}
        -:  980:
        -:  981:#if defined(BOOST_ASIO_HAS_IOCP)
        -:  982:
        -:  983:void complete_iocp_recvfrom(
        -:  984:    const weak_cancel_token_type& cancel_token,
        -:  985:    boost::system::error_code& ec)
        -:  986:{
        -:  987:  // Map non-portable errors to their portable counterparts.
        -:  988:  if (ec.value() == ERROR_NETNAME_DELETED)
        -:  989:  {
        -:  990:    if (cancel_token.expired())
        -:  991:      ec = boost::asio::error::operation_aborted;
        -:  992:    else
        -:  993:      ec = boost::asio::error::connection_reset;
        -:  994:  }
        -:  995:  else if (ec.value() == ERROR_PORT_UNREACHABLE)
        -:  996:  {
        -:  997:    ec = boost::asio::error::connection_refused;
        -:  998:  }
        -:  999:  else if (ec.value() == WSAEMSGSIZE || ec.value() == ERROR_MORE_DATA)
        -: 1000:  {
        -: 1001:    ec.assign(0, ec.category());
        -: 1002:  }
        -: 1003:}
        -: 1004:
        -: 1005:#else // defined(BOOST_ASIO_HAS_IOCP)
        -: 1006:
        -: 1007:bool non_blocking_recvfrom(socket_type s,
        -: 1008:    buffer* bufs, size_t count, int flags,
        -: 1009:    socket_addr_type* addr, std::size_t* addrlen,
        -: 1010:    boost::system::error_code& ec, size_t& bytes_transferred)
        -: 1011:{
        -: 1012:  for (;;)
        -: 1013:  {
        -: 1014:    // Read some data.
        -: 1015:    signed_size_type bytes = socket_ops::recvfrom(
        -: 1016:        s, bufs, count, flags, addr, addrlen, ec);
        -: 1017:
        -: 1018:    // Retry operation if interrupted by signal.
        -: 1019:    if (ec == boost::asio::error::interrupted)
        -: 1020:      continue;
        -: 1021:
        -: 1022:    // Check if we need to run the operation again.
        -: 1023:    if (ec == boost::asio::error::would_block
        -: 1024:        || ec == boost::asio::error::try_again)
        -: 1025:      return false;
        -: 1026:
        -: 1027:    // Operation is complete.
        -: 1028:    if (bytes >= 0)
        -: 1029:    {
        -: 1030:      ec = boost::system::error_code();
        -: 1031:      bytes_transferred = bytes;
        -: 1032:    }
        -: 1033:    else
        -: 1034:      bytes_transferred = 0;
        -: 1035:
        -: 1036:    return true;
        -: 1037:  }
        -: 1038:}
        -: 1039:
        -: 1040:#endif // defined(BOOST_ASIO_HAS_IOCP)
        -: 1041:
        -: 1042:signed_size_type recvmsg(socket_type s, buffer* bufs, size_t count,
        -: 1043:    int in_flags, int& out_flags, boost::system::error_code& ec)
        -: 1044:{
        -: 1045:  clear_last_error();
        -: 1046:#if defined(BOOST_ASIO_WINDOWS) || defined(__CYGWIN__)
        -: 1047:  out_flags = 0;
        -: 1048:  return socket_ops::recv(s, bufs, count, in_flags, ec);
        -: 1049:#else // defined(BOOST_ASIO_WINDOWS) || defined(__CYGWIN__)
        -: 1050:  msghdr msg = msghdr();
        -: 1051:  msg.msg_iov = bufs;
        -: 1052:  msg.msg_iovlen = static_cast<int>(count);
        -: 1053:  signed_size_type result = error_wrapper(::recvmsg(s, &msg, in_flags), ec);
        -: 1054:  if (result >= 0)
        -: 1055:  {
        -: 1056:    ec = boost::system::error_code();
        -: 1057:    out_flags = msg.msg_flags;
        -: 1058:  }
        -: 1059:  else
        -: 1060:    out_flags = 0;
        -: 1061:  return result;
        -: 1062:#endif // defined(BOOST_ASIO_WINDOWS) || defined(__CYGWIN__)
        -: 1063:}
        -: 1064:
        -: 1065:size_t sync_recvmsg(socket_type s, state_type state,
        -: 1066:    buffer* bufs, size_t count, int in_flags, int& out_flags,
        -: 1067:    boost::system::error_code& ec)
        -: 1068:{
        -: 1069:  if (s == invalid_socket)
        -: 1070:  {
        -: 1071:    ec = boost::asio::error::bad_descriptor;
        -: 1072:    return 0;
        -: 1073:  }
        -: 1074:
        -: 1075:  // Read some data.
        -: 1076:  for (;;)
        -: 1077:  {
        -: 1078:    // Try to complete the operation without blocking.
        -: 1079:    signed_size_type bytes = socket_ops::recvmsg(
        -: 1080:        s, bufs, count, in_flags, out_flags, ec);
        -: 1081:
        -: 1082:    // Check if operation succeeded.
        -: 1083:    if (bytes >= 0)
        -: 1084:      return bytes;
        -: 1085:
        -: 1086:    // Operation failed.
        -: 1087:    if ((state & user_set_non_blocking)
        -: 1088:        || (ec != boost::asio::error::would_block
        -: 1089:          && ec != boost::asio::error::try_again))
        -: 1090:      return 0;
        -: 1091:
        -: 1092:    // Wait for socket to become ready.
        -: 1093:    if (socket_ops::poll_read(s, 0, -1, ec) < 0)
        -: 1094:      return 0;
        -: 1095:  }
        -: 1096:}
        -: 1097:
        -: 1098:#if defined(BOOST_ASIO_HAS_IOCP)
        -: 1099:
        -: 1100:void complete_iocp_recvmsg(
        -: 1101:    const weak_cancel_token_type& cancel_token,
        -: 1102:    boost::system::error_code& ec)
        -: 1103:{
        -: 1104:  // Map non-portable errors to their portable counterparts.
        -: 1105:  if (ec.value() == ERROR_NETNAME_DELETED)
        -: 1106:  {
        -: 1107:    if (cancel_token.expired())
        -: 1108:      ec = boost::asio::error::operation_aborted;
        -: 1109:    else
        -: 1110:      ec = boost::asio::error::connection_reset;
        -: 1111:  }
        -: 1112:  else if (ec.value() == ERROR_PORT_UNREACHABLE)
        -: 1113:  {
        -: 1114:    ec = boost::asio::error::connection_refused;
        -: 1115:  }
        -: 1116:  else if (ec.value() == WSAEMSGSIZE || ec.value() == ERROR_MORE_DATA)
        -: 1117:  {
        -: 1118:    ec.assign(0, ec.category());
        -: 1119:  }
        -: 1120:}
        -: 1121:
        -: 1122:#else // defined(BOOST_ASIO_HAS_IOCP)
        -: 1123:
        -: 1124:bool non_blocking_recvmsg(socket_type s,
        -: 1125:    buffer* bufs, size_t count, int in_flags, int& out_flags,
        -: 1126:    boost::system::error_code& ec, size_t& bytes_transferred)
        -: 1127:{
        -: 1128:  for (;;)
        -: 1129:  {
        -: 1130:    // Read some data.
        -: 1131:    signed_size_type bytes = socket_ops::recvmsg(
        -: 1132:        s, bufs, count, in_flags, out_flags, ec);
        -: 1133:
        -: 1134:    // Retry operation if interrupted by signal.
        -: 1135:    if (ec == boost::asio::error::interrupted)
        -: 1136:      continue;
        -: 1137:
        -: 1138:    // Check if we need to run the operation again.
        -: 1139:    if (ec == boost::asio::error::would_block
        -: 1140:        || ec == boost::asio::error::try_again)
        -: 1141:      return false;
        -: 1142:
        -: 1143:    // Operation is complete.
        -: 1144:    if (bytes >= 0)
        -: 1145:    {
        -: 1146:      ec = boost::system::error_code();
        -: 1147:      bytes_transferred = bytes;
        -: 1148:    }
        -: 1149:    else
        -: 1150:      bytes_transferred = 0;
        -: 1151:
        -: 1152:    return true;
        -: 1153:  }
        -: 1154:}
        -: 1155:
        -: 1156:#endif // defined(BOOST_ASIO_HAS_IOCP)
        -: 1157:
        1: 1158:signed_size_type send(socket_type s, const buffer* bufs, size_t count,
        -: 1159:    int flags, boost::system::error_code& ec)
        -: 1160:{
        1: 1161:  clear_last_error();
        1: 1161-block  0
        -: 1162:#if defined(BOOST_ASIO_WINDOWS) || defined(__CYGWIN__)
        -: 1163:  // Send the data.
        -: 1164:  DWORD send_buf_count = static_cast<DWORD>(count);
        -: 1165:  DWORD bytes_transferred = 0;
        -: 1166:  DWORD send_flags = flags;
        -: 1167:  int result = error_wrapper(::WSASend(s, const_cast<buffer*>(bufs),
        -: 1168:        send_buf_count, &bytes_transferred, send_flags, 0, 0), ec);
        -: 1169:  if (ec.value() == ERROR_NETNAME_DELETED)
        -: 1170:    ec = boost::asio::error::connection_reset;
        -: 1171:  else if (ec.value() == ERROR_PORT_UNREACHABLE)
        -: 1172:    ec = boost::asio::error::connection_refused;
        -: 1173:  if (result != 0)
        -: 1174:    return socket_error_retval;
        -: 1175:  ec = boost::system::error_code();
        -: 1176:  return bytes_transferred;
        -: 1177:#else // defined(BOOST_ASIO_WINDOWS) || defined(__CYGWIN__)
        1: 1178:  msghdr msg = msghdr();
        1: 1179:  msg.msg_iov = const_cast<buffer*>(bufs);
        1: 1180:  msg.msg_iovlen = static_cast<int>(count);
        -: 1181:#if defined(__linux__)
        1: 1182:  flags |= MSG_NOSIGNAL;
        -: 1183:#endif // defined(__linux__)
        1: 1184:  signed_size_type result = error_wrapper(::sendmsg(s, &msg, flags), ec);
        1: 1184-block  0
        1: 1185:  if (result >= 0)
        1: 1186:    ec = boost::system::error_code();
        1: 1186-block  0
        1: 1187:  return result;
        1: 1187-block  0
        1: 1187-block  1
        -: 1188:#endif // defined(BOOST_ASIO_WINDOWS) || defined(__CYGWIN__)
        -: 1189:}
        -: 1190:
        -: 1191:size_t sync_send(socket_type s, state_type state, const buffer* bufs,
        -: 1192:    size_t count, int flags, bool all_empty, boost::system::error_code& ec)
        -: 1193:{
        -: 1194:  if (s == invalid_socket)
        -: 1195:  {
        -: 1196:    ec = boost::asio::error::bad_descriptor;
        -: 1197:    return 0;
        -: 1198:  }
        -: 1199:
        -: 1200:  // A request to write 0 bytes to a stream is a no-op.
        -: 1201:  if (all_empty && (state & stream_oriented))
        -: 1202:  {
        -: 1203:    ec = boost::system::error_code();
        -: 1204:    return 0;
        -: 1205:  }
        -: 1206:
        -: 1207:  // Read some data.
        -: 1208:  for (;;)
        -: 1209:  {
        -: 1210:    // Try to complete the operation without blocking.
        -: 1211:    signed_size_type bytes = socket_ops::send(s, bufs, count, flags, ec);
        -: 1212:
        -: 1213:    // Check if operation succeeded.
        -: 1214:    if (bytes >= 0)
        -: 1215:      return bytes;
        -: 1216:
        -: 1217:    // Operation failed.
        -: 1218:    if ((state & user_set_non_blocking)
        -: 1219:        || (ec != boost::asio::error::would_block
        -: 1220:          && ec != boost::asio::error::try_again))
        -: 1221:      return 0;
        -: 1222:
        -: 1223:    // Wait for socket to become ready.
        -: 1224:    if (socket_ops::poll_write(s, 0, -1, ec) < 0)
        -: 1225:      return 0;
        -: 1226:  }
        -: 1227:}
        -: 1228:
        -: 1229:#if defined(BOOST_ASIO_HAS_IOCP)
        -: 1230:
        -: 1231:void complete_iocp_send(
        -: 1232:    const weak_cancel_token_type& cancel_token,
        -: 1233:    boost::system::error_code& ec)
        -: 1234:{
        -: 1235:  // Map non-portable errors to their portable counterparts.
        -: 1236:  if (ec.value() == ERROR_NETNAME_DELETED)
        -: 1237:  {
        -: 1238:    if (cancel_token.expired())
        -: 1239:      ec = boost::asio::error::operation_aborted;
        -: 1240:    else
        -: 1241:      ec = boost::asio::error::connection_reset;
        -: 1242:  }
        -: 1243:  else if (ec.value() == ERROR_PORT_UNREACHABLE)
        -: 1244:  {
        -: 1245:    ec = boost::asio::error::connection_refused;
        -: 1246:  }
        -: 1247:}
        -: 1248:
        -: 1249:#else // defined(BOOST_ASIO_HAS_IOCP)
        -: 1250:
        1: 1251:bool non_blocking_send(socket_type s,
        -: 1252:    const buffer* bufs, size_t count, int flags,
        -: 1253:    boost::system::error_code& ec, size_t& bytes_transferred)
        -: 1254:{
        -: 1255:  for (;;)
        -: 1256:  {
        -: 1257:    // Write some data.
        1: 1258:    signed_size_type bytes = socket_ops::send(s, bufs, count, flags, ec);
        1: 1258-block  0
        -: 1259:
        -: 1260:    // Retry operation if interrupted by signal.
       1*: 1261:    if (ec == boost::asio::error::interrupted)
    #####: 1262:      continue;
    %%%%%: 1262-block  0
        -: 1263:
        -: 1264:    // Check if we need to run the operation again.
        1: 1265:    if (ec == boost::asio::error::would_block
        1: 1265-block  0
       1*: 1266:        || ec == boost::asio::error::try_again)
        1: 1266-block  0
    %%%%%: 1266-block  1
        1: 1266-block  2
        1: 1266-block  3
    #####: 1267:      return false;
    %%%%%: 1267-block  0
        -: 1268:
        -: 1269:    // Operation is complete.
        1: 1270:    if (bytes >= 0)
        1: 1270-block  0
        -: 1271:    {
        1: 1272:      ec = boost::system::error_code();
        1: 1272-block  0
        1: 1273:      bytes_transferred = bytes;
        -: 1274:    }
        -: 1275:    else
    #####: 1276:      bytes_transferred = 0;
    %%%%%: 1276-block  0
        -: 1277:
        1: 1278:    return true;
        1: 1278-block  0
    #####: 1279:  }
    %%%%%: 1279-block  0
        -: 1280:}
        -: 1281:
        -: 1282:#endif // defined(BOOST_ASIO_HAS_IOCP)
        -: 1283:
        -: 1284:signed_size_type sendto(socket_type s, const buffer* bufs, size_t count,
        -: 1285:    int flags, const socket_addr_type* addr, std::size_t addrlen,
        -: 1286:    boost::system::error_code& ec)
        -: 1287:{
        -: 1288:  clear_last_error();
        -: 1289:#if defined(BOOST_ASIO_WINDOWS) || defined(__CYGWIN__)
        -: 1290:  // Send the data.
        -: 1291:  DWORD send_buf_count = static_cast<DWORD>(count);
        -: 1292:  DWORD bytes_transferred = 0;
        -: 1293:  int result = error_wrapper(::WSASendTo(s, const_cast<buffer*>(bufs),
        -: 1294:        send_buf_count, &bytes_transferred, flags, addr,
        -: 1295:        static_cast<int>(addrlen), 0, 0), ec);
        -: 1296:  if (ec.value() == ERROR_NETNAME_DELETED)
        -: 1297:    ec = boost::asio::error::connection_reset;
        -: 1298:  else if (ec.value() == ERROR_PORT_UNREACHABLE)
        -: 1299:    ec = boost::asio::error::connection_refused;
        -: 1300:  if (result != 0)
        -: 1301:    return socket_error_retval;
        -: 1302:  ec = boost::system::error_code();
        -: 1303:  return bytes_transferred;
        -: 1304:#else // defined(BOOST_ASIO_WINDOWS) || defined(__CYGWIN__)
        -: 1305:  msghdr msg = msghdr();
        -: 1306:  init_msghdr_msg_name(msg.msg_name, addr);
        -: 1307:  msg.msg_namelen = static_cast<int>(addrlen);
        -: 1308:  msg.msg_iov = const_cast<buffer*>(bufs);
        -: 1309:  msg.msg_iovlen = static_cast<int>(count);
        -: 1310:#if defined(__linux__)
        -: 1311:  flags |= MSG_NOSIGNAL;
        -: 1312:#endif // defined(__linux__)
        -: 1313:  signed_size_type result = error_wrapper(::sendmsg(s, &msg, flags), ec);
        -: 1314:  if (result >= 0)
        -: 1315:    ec = boost::system::error_code();
        -: 1316:  return result;
        -: 1317:#endif // defined(BOOST_ASIO_WINDOWS) || defined(__CYGWIN__)
        -: 1318:}
        -: 1319:
        -: 1320:size_t sync_sendto(socket_type s, state_type state, const buffer* bufs,
        -: 1321:    size_t count, int flags, const socket_addr_type* addr,
        -: 1322:    std::size_t addrlen, boost::system::error_code& ec)
        -: 1323:{
        -: 1324:  if (s == invalid_socket)
        -: 1325:  {
        -: 1326:    ec = boost::asio::error::bad_descriptor;
        -: 1327:    return 0;
        -: 1328:  }
        -: 1329:
        -: 1330:  // Write some data.
        -: 1331:  for (;;)
        -: 1332:  {
        -: 1333:    // Try to complete the operation without blocking.
        -: 1334:    signed_size_type bytes = socket_ops::sendto(
        -: 1335:        s, bufs, count, flags, addr, addrlen, ec);
        -: 1336:
        -: 1337:    // Check if operation succeeded.
        -: 1338:    if (bytes >= 0)
        -: 1339:      return bytes;
        -: 1340:
        -: 1341:    // Operation failed.
        -: 1342:    if ((state & user_set_non_blocking)
        -: 1343:        || (ec != boost::asio::error::would_block
        -: 1344:          && ec != boost::asio::error::try_again))
        -: 1345:      return 0;
        -: 1346:
        -: 1347:    // Wait for socket to become ready.
        -: 1348:    if (socket_ops::poll_write(s, 0, -1, ec) < 0)
        -: 1349:      return 0;
        -: 1350:  }
        -: 1351:}
        -: 1352:
        -: 1353:#if !defined(BOOST_ASIO_HAS_IOCP)
        -: 1354:
        -: 1355:bool non_blocking_sendto(socket_type s,
        -: 1356:    const buffer* bufs, size_t count, int flags,
        -: 1357:    const socket_addr_type* addr, std::size_t addrlen,
        -: 1358:    boost::system::error_code& ec, size_t& bytes_transferred)
        -: 1359:{
        -: 1360:  for (;;)
        -: 1361:  {
        -: 1362:    // Write some data.
        -: 1363:    signed_size_type bytes = socket_ops::sendto(
        -: 1364:        s, bufs, count, flags, addr, addrlen, ec);
        -: 1365:
        -: 1366:    // Retry operation if interrupted by signal.
        -: 1367:    if (ec == boost::asio::error::interrupted)
        -: 1368:      continue;
        -: 1369:
        -: 1370:    // Check if we need to run the operation again.
        -: 1371:    if (ec == boost::asio::error::would_block
        -: 1372:        || ec == boost::asio::error::try_again)
        -: 1373:      return false;
        -: 1374:
        -: 1375:    // Operation is complete.
        -: 1376:    if (bytes >= 0)
        -: 1377:    {
        -: 1378:      ec = boost::system::error_code();
        -: 1379:      bytes_transferred = bytes;
        -: 1380:    }
        -: 1381:    else
        -: 1382:      bytes_transferred = 0;
        -: 1383:
        -: 1384:    return true;
        -: 1385:  }
        -: 1386:}
        -: 1387:
        -: 1388:#endif // !defined(BOOST_ASIO_HAS_IOCP)
        -: 1389:
        1: 1390:socket_type socket(int af, int type, int protocol,
        -: 1391:    boost::system::error_code& ec)
        -: 1392:{
        1: 1393:  clear_last_error();
        1: 1393-block  0
        -: 1394:#if defined(BOOST_ASIO_WINDOWS) || defined(__CYGWIN__)
        -: 1395:  socket_type s = error_wrapper(::WSASocketW(af, type, protocol, 0, 0,
        -: 1396:        WSA_FLAG_OVERLAPPED), ec);
        -: 1397:  if (s == invalid_socket)
        -: 1398:    return s;
        -: 1399:
        -: 1400:  if (af == BOOST_ASIO_OS_DEF(AF_INET6))
        -: 1401:  {
        -: 1402:    // Try to enable the POSIX default behaviour of having IPV6_V6ONLY set to
        -: 1403:    // false. This will only succeed on Windows Vista and later versions of
        -: 1404:    // Windows, where a dual-stack IPv4/v6 implementation is available.
        -: 1405:    DWORD optval = 0;
        -: 1406:    ::setsockopt(s, IPPROTO_IPV6, IPV6_V6ONLY,
        -: 1407:        reinterpret_cast<const char*>(&optval), sizeof(optval));
        -: 1408:  }
        -: 1409:
        -: 1410:  ec = boost::system::error_code();
        -: 1411:
        -: 1412:  return s;
        -: 1413:#elif defined(__MACH__) && defined(__APPLE__) || defined(__FreeBSD__)
        -: 1414:  socket_type s = error_wrapper(::socket(af, type, protocol), ec);
        -: 1415:  if (s == invalid_socket)
        -: 1416:    return s;
        -: 1417:
        -: 1418:  int optval = 1;
        -: 1419:  int result = error_wrapper(::setsockopt(s,
        -: 1420:        SOL_SOCKET, SO_NOSIGPIPE, &optval, sizeof(optval)), ec);
        -: 1421:  if (result != 0)
        -: 1422:  {
        -: 1423:    ::close(s);
        -: 1424:    return invalid_socket;
        -: 1425:  }
        -: 1426:
        -: 1427:  return s;
        -: 1428:#else
        1: 1429:  int s = error_wrapper(::socket(af, type, protocol), ec);
        1: 1430:  if (s >= 0)
        1: 1431:    ec = boost::system::error_code();
        1: 1431-block  0
        1: 1432:  return s;
        1: 1432-block  0
        -: 1433:#endif
        -: 1434:}
        -: 1435:
        -: 1436:template <typename SockLenType>
    #####: 1437:inline int call_setsockopt(SockLenType msghdr::*,
        -: 1438:    socket_type s, int level, int optname,
        -: 1439:    const void* optval, std::size_t optlen)
        -: 1440:{
    #####: 1441:  return ::setsockopt(s, level, optname,
    %%%%%: 1441-block  0
    #####: 1442:      (const char*)optval, (SockLenType)optlen);
        -: 1443:}
        -: 1444:
    #####: 1445:int setsockopt(socket_type s, state_type& state, int level, int optname,
        -: 1446:    const void* optval, std::size_t optlen, boost::system::error_code& ec)
        -: 1447:{
    #####: 1448:  if (s == invalid_socket)
    %%%%%: 1448-block  0
        -: 1449:  {
    #####: 1450:    ec = boost::asio::error::bad_descriptor;
    %%%%%: 1450-block  0
    #####: 1451:    return socket_error_retval;
        -: 1452:  }
        -: 1453:
    #####: 1454:  if (level == custom_socket_option_level && optname == always_fail_option)
    %%%%%: 1454-block  0
    %%%%%: 1454-block  1
        -: 1455:  {
    #####: 1456:    ec = boost::asio::error::invalid_argument;
    %%%%%: 1456-block  0
    #####: 1457:    return socket_error_retval;
        -: 1458:  }
        -: 1459:
    #####: 1460:  if (level == custom_socket_option_level
    %%%%%: 1460-block  0
    #####: 1461:      && optname == enable_connection_aborted_option)
    %%%%%: 1461-block  0
        -: 1462:  {
    #####: 1463:    if (optlen != sizeof(int))
    %%%%%: 1463-block  0
        -: 1464:    {
    #####: 1465:      ec = boost::asio::error::invalid_argument;
    %%%%%: 1465-block  0
    #####: 1466:      return socket_error_retval;
        -: 1467:    }
        -: 1468:
    #####: 1469:    if (*static_cast<const int*>(optval))
    %%%%%: 1469-block  0
    #####: 1470:      state |= enable_connection_aborted;
    %%%%%: 1470-block  0
        -: 1471:    else
    #####: 1472:      state &= ~enable_connection_aborted;
    %%%%%: 1472-block  0
    #####: 1473:    ec = boost::system::error_code();
    %%%%%: 1473-block  0
    #####: 1474:    return 0;
        -: 1475:  }
        -: 1476:
    #####: 1477:  if (level == SOL_SOCKET && optname == SO_LINGER)
    %%%%%: 1477-block  0
    %%%%%: 1477-block  1
    #####: 1478:    state |= user_set_linger;
    %%%%%: 1478-block  0
        -: 1479:
        -: 1480:#if defined(__BORLANDC__)
        -: 1481:  // Mysteriously, using the getsockopt and setsockopt functions directly with
        -: 1482:  // Borland C++ results in incorrect values being set and read. The bug can be
        -: 1483:  // worked around by using function addresses resolved with GetProcAddress.
        -: 1484:  if (HMODULE winsock_module = ::GetModuleHandleA("ws2_32"))
        -: 1485:  {
        -: 1486:    typedef int (WSAAPI *sso_t)(SOCKET, int, int, const char*, int);
        -: 1487:    if (sso_t sso = (sso_t)::GetProcAddress(winsock_module, "setsockopt"))
        -: 1488:    {
        -: 1489:      clear_last_error();
        -: 1490:      return error_wrapper(sso(s, level, optname,
        -: 1491:            reinterpret_cast<const char*>(optval),
        -: 1492:            static_cast<int>(optlen)), ec);
        -: 1493:    }
        -: 1494:  }
        -: 1495:  ec = boost::asio::error::fault;
        -: 1496:  return socket_error_retval;
        -: 1497:#else // defined(__BORLANDC__)
    #####: 1498:  clear_last_error();
    %%%%%: 1498-block  0
    #####: 1499:  int result = error_wrapper(call_setsockopt(&msghdr::msg_namelen,
        -: 1500:        s, level, optname, optval, optlen), ec);
    #####: 1501:  if (result == 0)
        -: 1502:  {
    #####: 1503:    ec = boost::system::error_code();
    %%%%%: 1503-block  0
        -: 1504:
        -: 1505:#if defined(__MACH__) && defined(__APPLE__) \
        -: 1506:  || defined(__NetBSD__) || defined(__FreeBSD__) \
        -: 1507:  || defined(__OpenBSD__) || defined(__QNX__)
        -: 1508:    // To implement portable behaviour for SO_REUSEADDR with UDP sockets we
        -: 1509:    // need to also set SO_REUSEPORT on BSD-based platforms.
        -: 1510:    if ((state & datagram_oriented)
        -: 1511:        && level == SOL_SOCKET && optname == SO_REUSEADDR)
        -: 1512:    {
        -: 1513:      call_setsockopt(&msghdr::msg_namelen, s,
        -: 1514:          SOL_SOCKET, SO_REUSEPORT, optval, optlen);
        -: 1515:    }
        -: 1516:#endif
        -: 1517:  }
        -: 1518:
    #####: 1519:  return result;
    %%%%%: 1519-block  0
        -: 1520:#endif // defined(__BORLANDC__)
        -: 1521:}
        -: 1522:
        -: 1523:template <typename SockLenType>
        1: 1524:inline int call_getsockopt(SockLenType msghdr::*,
        -: 1525:    socket_type s, int level, int optname,
        -: 1526:    void* optval, std::size_t* optlen)
        -: 1527:{
        1: 1528:  SockLenType tmp_optlen = (SockLenType)*optlen;
        1: 1529:  int result = ::getsockopt(s, level, optname, (char*)optval, &tmp_optlen);
        1: 1529-block  0
        1: 1530:  *optlen = (std::size_t)tmp_optlen;
        1: 1531:  return result;
        -: 1532:}
        -: 1533:
        1: 1534:int getsockopt(socket_type s, state_type state, int level, int optname,
        -: 1535:    void* optval, size_t* optlen, boost::system::error_code& ec)
        -: 1536:{
        1: 1537:  if (s == invalid_socket)
        1: 1537-block  0
        -: 1538:  {
    #####: 1539:    ec = boost::asio::error::bad_descriptor;
    %%%%%: 1539-block  0
    #####: 1540:    return socket_error_retval;
        -: 1541:  }
        -: 1542:
       1*: 1543:  if (level == custom_socket_option_level && optname == always_fail_option)
        1: 1543-block  0
    %%%%%: 1543-block  1
        -: 1544:  {
    #####: 1545:    ec = boost::asio::error::invalid_argument;
    %%%%%: 1545-block  0
    #####: 1546:    return socket_error_retval;
        -: 1547:  }
        -: 1548:
        1: 1549:  if (level == custom_socket_option_level
        1: 1549-block  0
    #####: 1550:      && optname == enable_connection_aborted_option)
    %%%%%: 1550-block  0
        -: 1551:  {
    #####: 1552:    if (*optlen != sizeof(int))
    %%%%%: 1552-block  0
        -: 1553:    {
    #####: 1554:      ec = boost::asio::error::invalid_argument;
    %%%%%: 1554-block  0
    #####: 1555:      return socket_error_retval;
        -: 1556:    }
        -: 1557:
    #####: 1558:    *static_cast<int*>(optval) = (state & enable_connection_aborted) ? 1 : 0;
    #####: 1559:    ec = boost::system::error_code();
    %%%%%: 1559-block  0
    #####: 1560:    return 0;
        -: 1561:  }
        -: 1562:
        -: 1563:#if defined(__BORLANDC__)
        -: 1564:  // Mysteriously, using the getsockopt and setsockopt functions directly with
        -: 1565:  // Borland C++ results in incorrect values being set and read. The bug can be
        -: 1566:  // worked around by using function addresses resolved with GetProcAddress.
        -: 1567:  if (HMODULE winsock_module = ::GetModuleHandleA("ws2_32"))
        -: 1568:  {
        -: 1569:    typedef int (WSAAPI *gso_t)(SOCKET, int, int, char*, int*);
        -: 1570:    if (gso_t gso = (gso_t)::GetProcAddress(winsock_module, "getsockopt"))
        -: 1571:    {
        -: 1572:      clear_last_error();
        -: 1573:      int tmp_optlen = static_cast<int>(*optlen);
        -: 1574:      int result = error_wrapper(gso(s, level, optname,
        -: 1575:            reinterpret_cast<char*>(optval), &tmp_optlen), ec);
        -: 1576:      *optlen = static_cast<size_t>(tmp_optlen);
        -: 1577:      if (result != 0 && level == IPPROTO_IPV6 && optname == IPV6_V6ONLY
        -: 1578:          && ec.value() == WSAENOPROTOOPT && *optlen == sizeof(DWORD))
        -: 1579:      {
        -: 1580:        // Dual-stack IPv4/v6 sockets, and the IPV6_V6ONLY socket option, are
        -: 1581:        // only supported on Windows Vista and later. To simplify program logic
        -: 1582:        // we will fake success of getting this option and specify that the
        -: 1583:        // value is non-zero (i.e. true). This corresponds to the behavior of
        -: 1584:        // IPv6 sockets on Windows platforms pre-Vista.
        -: 1585:        *static_cast<DWORD*>(optval) = 1;
        -: 1586:        ec = boost::system::error_code();
        -: 1587:      }
        -: 1588:      return result;
        -: 1589:    }
        -: 1590:  }
        -: 1591:  ec = boost::asio::error::fault;
        -: 1592:  return socket_error_retval;
        -: 1593:#elif defined(BOOST_ASIO_WINDOWS) || defined(__CYGWIN__)
        -: 1594:  clear_last_error();
        -: 1595:  int result = error_wrapper(call_getsockopt(&msghdr::msg_namelen,
        -: 1596:        s, level, optname, optval, optlen), ec);
        -: 1597:  if (result != 0 && level == IPPROTO_IPV6 && optname == IPV6_V6ONLY
        -: 1598:      && ec.value() == WSAENOPROTOOPT && *optlen == sizeof(DWORD))
        -: 1599:  {
        -: 1600:    // Dual-stack IPv4/v6 sockets, and the IPV6_V6ONLY socket option, are only
        -: 1601:    // supported on Windows Vista and later. To simplify program logic we will
        -: 1602:    // fake success of getting this option and specify that the value is
        -: 1603:    // non-zero (i.e. true). This corresponds to the behavior of IPv6 sockets
        -: 1604:    // on Windows platforms pre-Vista.
        -: 1605:    *static_cast<DWORD*>(optval) = 1;
        -: 1606:    ec = boost::system::error_code();
        -: 1607:  }
        -: 1608:  if (result == 0)
        -: 1609:    ec = boost::system::error_code();
        -: 1610:  return result;
        -: 1611:#else // defined(BOOST_ASIO_WINDOWS) || defined(__CYGWIN__)
        1: 1612:  clear_last_error();
        1: 1612-block  0
        1: 1613:  int result = error_wrapper(call_getsockopt(&msghdr::msg_namelen,
        -: 1614:        s, level, optname, optval, optlen), ec);
        -: 1615:#if defined(__linux__)
        1: 1616:  if (result == 0 && level == SOL_SOCKET && *optlen == sizeof(int)
        1: 1616-block  0
        1: 1616-block  1
        1: 1617:      && (optname == SO_SNDBUF || optname == SO_RCVBUF))
        1: 1617-block  0
        1: 1617-block  1
        -: 1618:  {
        -: 1619:    // On Linux, setting SO_SNDBUF or SO_RCVBUF to N actually causes the kernel
        -: 1620:    // to set the buffer size to N*2. Linux puts additional stuff into the
        -: 1621:    // buffers so that only about half is actually available to the application.
        -: 1622:    // The retrieved value is divided by 2 here to make it appear as though the
        -: 1623:    // correct value has been set.
    #####: 1624:    *static_cast<int*>(optval) /= 2;
    %%%%%: 1624-block  0
        -: 1625:  }
        -: 1626:#endif // defined(__linux__)
        1: 1627:  if (result == 0)
        1: 1627-block  0
        1: 1628:    ec = boost::system::error_code();
        1: 1628-block  0
        1: 1629:  return result;
        1: 1629-block  0
        -: 1630:#endif // defined(BOOST_ASIO_WINDOWS) || defined(__CYGWIN__)
        -: 1631:}
        -: 1632:
        -: 1633:template <typename SockLenType>
        -: 1634:inline int call_getpeername(SockLenType msghdr::*,
        -: 1635:    socket_type s, socket_addr_type* addr, std::size_t* addrlen)
        -: 1636:{
        -: 1637:  SockLenType tmp_addrlen = (SockLenType)*addrlen;
        -: 1638:  int result = ::getpeername(s, addr, &tmp_addrlen);
        -: 1639:  *addrlen = (std::size_t)tmp_addrlen;
        -: 1640:  return result;
        -: 1641:}
        -: 1642:
        -: 1643:int getpeername(socket_type s, socket_addr_type* addr,
        -: 1644:    std::size_t* addrlen, bool cached, boost::system::error_code& ec)
        -: 1645:{
        -: 1646:  if (s == invalid_socket)
        -: 1647:  {
        -: 1648:    ec = boost::asio::error::bad_descriptor;
        -: 1649:    return socket_error_retval;
        -: 1650:  }
        -: 1651:
        -: 1652:#if defined(BOOST_ASIO_WINDOWS) && !defined(BOOST_ASIO_WINDOWS_APP) \
        -: 1653:  || defined(__CYGWIN__)
        -: 1654:  if (cached)
        -: 1655:  {
[...]
        -: 3157:  unsigned short port;
        -: 3158:  switch (sa->sa_family)
        -: 3159:  {
        -: 3160:  case BOOST_ASIO_OS_DEF(AF_INET):
        -: 3161:    if (salen != sizeof(sockaddr_in4_type))
        -: 3162:    {
        -: 3163:      return ec = boost::asio::error::invalid_argument;
        -: 3164:    }
        -: 3165:    addr = reinterpret_cast<const char*>(
        -: 3166:        &reinterpret_cast<const sockaddr_in4_type*>(sa)->sin_addr);
        -: 3167:    addr_len = sizeof(in4_addr_type);
        -: 3168:    port = reinterpret_cast<const sockaddr_in4_type*>(sa)->sin_port;
        -: 3169:    break;
        -: 3170:  case BOOST_ASIO_OS_DEF(AF_INET6):
        -: 3171:    if (salen != sizeof(sockaddr_in6_type))
        -: 3172:    {
        -: 3173:      return ec = boost::asio::error::invalid_argument;
        -: 3174:    }
        -: 3175:    addr = reinterpret_cast<const char*>(
        -: 3176:        &reinterpret_cast<const sockaddr_in6_type*>(sa)->sin6_addr);
        -: 3177:    addr_len = sizeof(in6_addr_type);
        -: 3178:    port = reinterpret_cast<const sockaddr_in6_type*>(sa)->sin6_port;
        -: 3179:    break;
        -: 3180:  default:
        -: 3181:    return ec = boost::asio::error::address_family_not_supported;
        -: 3182:  }
        -: 3183:
        -: 3184:  if (host && hostlen > 0)
        -: 3185:  {
        -: 3186:    if (flags & NI_NUMERICHOST)
        -: 3187:    {
        -: 3188:      if (socket_ops::inet_ntop(sa->sa_family, addr, host, hostlen, 0, ec) == 0)
        -: 3189:      {
        -: 3190:        return ec;
        -: 3191:      }
        -: 3192:    }
        -: 3193:    else
        -: 3194:    {
        -: 3195:      hostent hent;
        -: 3196:      char hbuf[8192] = "";
        -: 3197:      hostent* hptr = socket_ops::gethostbyaddr(addr,
        -: 3198:          static_cast<int>(addr_len), sa->sa_family,
        -: 3199:          &hent, hbuf, sizeof(hbuf), ec);
        -: 3200:      if (hptr && hptr->h_name && hptr->h_name[0] != '\0')
        -: 3201:      {
        -: 3202:        if (flags & NI_NOFQDN)
        -: 3203:        {
        -: 3204:          char* dot = strchr(hptr->h_name, '.');
        -: 3205:          if (dot)
        -: 3206:          {
        -: 3207:            *dot = 0;
        -: 3208:          }
        -: 3209:        }
        -: 3210:        gai_strcpy(host, hptr->h_name, hostlen);
        -: 3211:        socket_ops::freehostent(hptr);
        -: 3212:      }
        -: 3213:      else
        -: 3214:      {
        -: 3215:        socket_ops::freehostent(hptr);
        -: 3216:        if (flags & NI_NAMEREQD)
        -: 3217:        {
        -: 3218:          return ec = boost::asio::error::host_not_found;
        -: 3219:        }
        -: 3220:        if (socket_ops::inet_ntop(sa->sa_family,
        -: 3221:              addr, host, hostlen, 0, ec) == 0)
        -: 3222:        {
        -: 3223:          return ec;
        -: 3224:        }
        -: 3225:      }
        -: 3226:    }
        -: 3227:  }
        -: 3228:
        -: 3229:  if (serv && servlen > 0)
        -: 3230:  {
        -: 3231:    if (flags & NI_NUMERICSERV)
        -: 3232:    {
        -: 3233:      if (servlen < 6)
        -: 3234:      {
        -: 3235:        return ec = boost::asio::error::no_buffer_space;
        -: 3236:      }
        -: 3237:#if defined(BOOST_ASIO_HAS_SECURE_RTL)
        -: 3238:      sprintf_s(serv, servlen, "%u", ntohs(port));
        -: 3239:#else // defined(BOOST_ASIO_HAS_SECURE_RTL)
        -: 3240:      sprintf(serv, "%u", ntohs(port));
        -: 3241:#endif // defined(BOOST_ASIO_HAS_SECURE_RTL)
        -: 3242:    }
        -: 3243:    else
        -: 3244:    {
        -: 3245:#if defined(BOOST_ASIO_HAS_PTHREADS)
        -: 3246:      static ::pthread_mutex_t mutex = PTHREAD_MUTEX_INITIALIZER;
        -: 3247:      ::pthread_mutex_lock(&mutex);
        -: 3248:#endif // defined(BOOST_ASIO_HAS_PTHREADS)
        -: 3249:      servent* sptr = ::getservbyport(port, (flags & NI_DGRAM) ? "udp" : 0);
        -: 3250:      if (sptr && sptr->s_name && sptr->s_name[0] != '\0')
        -: 3251:      {
        -: 3252:        gai_strcpy(serv, sptr->s_name, servlen);
        -: 3253:      }
        -: 3254:      else
        -: 3255:      {
        -: 3256:        if (servlen < 6)
        -: 3257:        {
        -: 3258:          return ec = boost::asio::error::no_buffer_space;
        -: 3259:        }
        -: 3260:#if defined(BOOST_ASIO_HAS_SECURE_RTL)
        -: 3261:        sprintf_s(serv, servlen, "%u", ntohs(port));
        -: 3262:#else // defined(BOOST_ASIO_HAS_SECURE_RTL)
        -: 3263:        sprintf(serv, "%u", ntohs(port));
        -: 3264:#endif // defined(BOOST_ASIO_HAS_SECURE_RTL)
        -: 3265:      }
        -: 3266:#if defined(BOOST_ASIO_HAS_PTHREADS)
        -: 3267:      ::pthread_mutex_unlock(&mutex);
        -: 3268:#endif // defined(BOOST_ASIO_HAS_PTHREADS)
        -: 3269:    }
        -: 3270:  }
        -: 3271:
        -: 3272:  ec = boost::system::error_code();
        -: 3273:  return ec;
        -: 3274:}
        -: 3275:
        -: 3276:#endif // !defined(BOOST_ASIO_HAS_GETADDRINFO)
        -: 3277:
        -: 3278:inline boost::system::error_code translate_addrinfo_error(int error)
        -: 3279:{
        -: 3280:  switch (error)
        -: 3281:  {
        -: 3282:  case 0:
        -: 3283:    return boost::system::error_code();
        -: 3284:  case EAI_AGAIN:
        -: 3285:    return boost::asio::error::host_not_found_try_again;
        -: 3286:  case EAI_BADFLAGS:
        -: 3287:    return boost::asio::error::invalid_argument;
        -: 3288:  case EAI_FAIL:
        -: 3289:    return boost::asio::error::no_recovery;
        -: 3290:  case EAI_FAMILY:
        -: 3291:    return boost::asio::error::address_family_not_supported;
        -: 3292:  case EAI_MEMORY:
        -: 3293:    return boost::asio::error::no_memory;
        -: 3294:  case EAI_NONAME:
        -: 3295:#if defined(EAI_ADDRFAMILY)
        -: 3296:  case EAI_ADDRFAMILY:
        -: 3297:#endif
        -: 3298:#if defined(EAI_NODATA) && (EAI_NODATA != EAI_NONAME)
        -: 3299:  case EAI_NODATA:
        -: 3300:#endif
        -: 3301:    return boost::asio::error::host_not_found;
        -: 3302:  case EAI_SERVICE:
        -: 3303:    return boost::asio::error::service_not_found;
        -: 3304:  case EAI_SOCKTYPE:
        -: 3305:    return boost::asio::error::socket_type_not_supported;
        -: 3306:  default: // Possibly the non-portable EAI_SYSTEM.
        -: 3307:#if defined(BOOST_ASIO_WINDOWS) || defined(__CYGWIN__)
        -: 3308:    return boost::system::error_code(
        -: 3309:        WSAGetLastError(), boost::asio::error::get_system_category());
        -: 3310:#else
        -: 3311:    return boost::system::error_code(
        -: 3312:        errno, boost::asio::error::get_system_category());
        -: 3313:#endif
        -: 3314:  }
        -: 3315:}
        -: 3316:
        -: 3317:boost::system::error_code getaddrinfo(const char* host,
        -: 3318:    const char* service, const addrinfo_type& hints,
        -: 3319:    addrinfo_type** result, boost::system::error_code& ec)
        -: 3320:{
        -: 3321:  host = (host && *host) ? host : 0;
        -: 3322:  service = (service && *service) ? service : 0;
        -: 3323:  clear_last_error();
        -: 3324:#if defined(BOOST_ASIO_WINDOWS) || defined(__CYGWIN__)
        -: 3325:# if defined(BOOST_ASIO_HAS_GETADDRINFO)
        -: 3326:  // Building for Windows XP, Windows Server 2003, or later.
        -: 3327:  int error = ::getaddrinfo(host, service, &hints, result);
        -: 3328:  return ec = translate_addrinfo_error(error);
        -: 3329:# else
        -: 3330:  // Building for Windows 2000 or earlier.
        -: 3331:  typedef int (WSAAPI *gai_t)(const char*,
        -: 3332:      const char*, const addrinfo_type*, addrinfo_type**);
        -: 3333:  if (HMODULE winsock_module = ::GetModuleHandleA("ws2_32"))
        -: 3334:  {
        -: 3335:    if (gai_t gai = (gai_t)::GetProcAddress(winsock_module, "getaddrinfo"))
        -: 3336:    {
        -: 3337:      int error = gai(host, service, &hints, result);
        -: 3338:      return ec = translate_addrinfo_error(error);
        -: 3339:    }
        -: 3340:  }
        -: 3341:  int error = getaddrinfo_emulation(host, service, &hints, result);
        -: 3342:  return ec = translate_addrinfo_error(error);
        -: 3343:# endif
        -: 3344:#elif !defined(BOOST_ASIO_HAS_GETADDRINFO)
        -: 3345:  int error = getaddrinfo_emulation(host, service, &hints, result);
        -: 3346:  return ec = translate_addrinfo_error(error);
        -: 3347:#else
        -: 3348:  int error = ::getaddrinfo(host, service, &hints, result);
        -: 3349:#if defined(__MACH__) && defined(__APPLE__)
        -: 3350:  using namespace std; // For isdigit and atoi.
        -: 3351:  if (error == 0 && service && isdigit(static_cast<unsigned char>(service[0])))
        -: 3352:  {
        -: 3353:    u_short_type port = host_to_network_short(atoi(service));
        -: 3354:    for (addrinfo_type* ai = *result; ai; ai = ai->ai_next)
        -: 3355:    {
        -: 3356:      switch (ai->ai_family)
        -: 3357:      {
        -: 3358:      case BOOST_ASIO_OS_DEF(AF_INET):
        -: 3359:        {
        -: 3360:          sockaddr_in4_type* sinptr =
        -: 3361:            reinterpret_cast<sockaddr_in4_type*>(ai->ai_addr);
        -: 3362:          if (sinptr->sin_port == 0)
        -: 3363:            sinptr->sin_port = port;
        -: 3364:          break;
        -: 3365:        }
        -: 3366:      case BOOST_ASIO_OS_DEF(AF_INET6):
        -: 3367:        {
        -: 3368:          sockaddr_in6_type* sin6ptr =
        -: 3369:            reinterpret_cast<sockaddr_in6_type*>(ai->ai_addr);
        -: 3370:          if (sin6ptr->sin6_port == 0)
        -: 3371:            sin6ptr->sin6_port = port;
        -: 3372:          break;
        -: 3373:        }
        -: 3374:      default:
        -: 3375:        break;
        -: 3376:      }
        -: 3377:    }
        -: 3378:  }
        -: 3379:#endif
        -: 3380:  return ec = translate_addrinfo_error(error);
        -: 3381:#endif
        -: 3382:}
        -: 3383:
        -: 3384:boost::system::error_code background_getaddrinfo(
        -: 3385:    const weak_cancel_token_type& cancel_token, const char* host,
        -: 3386:    const char* service, const addrinfo_type& hints,
        -: 3387:    addrinfo_type** result, boost::system::error_code& ec)
        -: 3388:{
        -: 3389:  if (cancel_token.expired())
        -: 3390:    ec = boost::asio::error::operation_aborted;
        -: 3391:  else
        -: 3392:    socket_ops::getaddrinfo(host, service, hints, result, ec);
        -: 3393:  return ec;
        -: 3394:}
        -: 3395:
        -: 3396:void freeaddrinfo(addrinfo_type* ai)
        -: 3397:{
        -: 3398:#if defined(BOOST_ASIO_WINDOWS) || defined(__CYGWIN__)
        -: 3399:# if defined(BOOST_ASIO_HAS_GETADDRINFO)
        -: 3400:  // Building for Windows XP, Windows Server 2003, or later.
        -: 3401:  ::freeaddrinfo(ai);
        -: 3402:# else
        -: 3403:  // Building for Windows 2000 or earlier.
        -: 3404:  typedef int (WSAAPI *fai_t)(addrinfo_type*);
        -: 3405:  if (HMODULE winsock_module = ::GetModuleHandleA("ws2_32"))
        -: 3406:  {
        -: 3407:    if (fai_t fai = (fai_t)::GetProcAddress(winsock_module, "freeaddrinfo"))
        -: 3408:    {
        -: 3409:      fai(ai);
        -: 3410:      return;
        -: 3411:    }
        -: 3412:  }
        -: 3413:  freeaddrinfo_emulation(ai);
        -: 3414:# endif
        -: 3415:#elif !defined(BOOST_ASIO_HAS_GETADDRINFO)
        -: 3416:  freeaddrinfo_emulation(ai);
        -: 3417:#else
        -: 3418:  ::freeaddrinfo(ai);
        -: 3419:#endif
        -: 3420:}
        -: 3421:
        -: 3422:boost::system::error_code getnameinfo(const socket_addr_type* addr,
        -: 3423:    std::size_t addrlen, char* host, std::size_t hostlen,
        -: 3424:    char* serv, std::size_t servlen, int flags, boost::system::error_code& ec)
        -: 3425:{
        -: 3426:#if defined(BOOST_ASIO_WINDOWS) || defined(__CYGWIN__)
        -: 3427:# if defined(BOOST_ASIO_HAS_GETADDRINFO)
        -: 3428:  // Building for Windows XP, Windows Server 2003, or later.
        -: 3429:  clear_last_error();
        -: 3430:  int error = ::getnameinfo(addr, static_cast<socklen_t>(addrlen),
        -: 3431:      host, static_cast<DWORD>(hostlen),
        -: 3432:      serv, static_cast<DWORD>(servlen), flags);
        -: 3433:  return ec = translate_addrinfo_error(error);
        -: 3434:# else
        -: 3435:  // Building for Windows 2000 or earlier.
        -: 3436:  typedef int (WSAAPI *gni_t)(const socket_addr_type*,
        -: 3437:      int, char*, DWORD, char*, DWORD, int);
        -: 3438:  if (HMODULE winsock_module = ::GetModuleHandleA("ws2_32"))
        -: 3439:  {
        -: 3440:    if (gni_t gni = (gni_t)::GetProcAddress(winsock_module, "getnameinfo"))
        -: 3441:    {
        -: 3442:      clear_last_error();
        -: 3443:      int error = gni(addr, static_cast<int>(addrlen),
        -: 3444:          host, static_cast<DWORD>(hostlen),
        -: 3445:          serv, static_cast<DWORD>(servlen), flags);
        -: 3446:      return ec = translate_addrinfo_error(error);
        -: 3447:    }
        -: 3448:  }
        -: 3449:  clear_last_error();
        -: 3450:  return getnameinfo_emulation(addr, addrlen,
        -: 3451:      host, hostlen, serv, servlen, flags, ec);
        -: 3452:# endif
        -: 3453:#elif !defined(BOOST_ASIO_HAS_GETADDRINFO)
        -: 3454:  using namespace std; // For memcpy.
        -: 3455:  sockaddr_storage_type tmp_addr;
        -: 3456:  memcpy(&tmp_addr, addr, addrlen);
        -: 3457:  addr = reinterpret_cast<socket_addr_type*>(&tmp_addr);
        -: 3458:  clear_last_error();
        -: 3459:  return getnameinfo_emulation(addr, addrlen,
        -: 3460:      host, hostlen, serv, servlen, flags, ec);
        -: 3461:#else
        -: 3462:  clear_last_error();
        -: 3463:  int error = ::getnameinfo(addr, addrlen, host, hostlen, serv, servlen, flags);
        -: 3464:  return ec = translate_addrinfo_error(error);
        -: 3465:#endif
        -: 3466:}
        -: 3467:
        -: 3468:boost::system::error_code sync_getnameinfo(
        -: 3469:    const socket_addr_type* addr, std::size_t addrlen,
        -: 3470:    char* host, std::size_t hostlen, char* serv,
        -: 3471:    std::size_t servlen, int sock_type, boost::system::error_code& ec)
        -: 3472:{
        -: 3473:  // First try resolving with the service name. If that fails try resolving
        -: 3474:  // but allow the service to be returned as a number.
        -: 3475:  int flags = (sock_type == SOCK_DGRAM) ? NI_DGRAM : 0;
        -: 3476:  socket_ops::getnameinfo(addr, addrlen, host,
        -: 3477:      hostlen, serv, servlen, flags, ec);
        -: 3478:  if (ec)
        -: 3479:  {
        -: 3480:    socket_ops::getnameinfo(addr, addrlen, host, hostlen,
        -: 3481:        serv, servlen, flags | NI_NUMERICSERV, ec);
        -: 3482:  }
        -: 3483:
        -: 3484:  return ec;
        -: 3485:}
        -: 3486:
        -: 3487:boost::system::error_code background_getnameinfo(
        -: 3488:    const weak_cancel_token_type& cancel_token,
        -: 3489:    const socket_addr_type* addr, std::size_t addrlen,
        -: 3490:    char* host, std::size_t hostlen, char* serv,
        -: 3491:    std::size_t servlen, int sock_type, boost::system::error_code& ec)
        -: 3492:{
        -: 3493:  if (cancel_token.expired())
        -: 3494:  {
        -: 3495:    ec = boost::asio::error::operation_aborted;
        -: 3496:  }
        -: 3497:  else
        -: 3498:  {
        -: 3499:    // First try resolving with the service name. If that fails try resolving
        -: 3500:    // but allow the service to be returned as a number.
        -: 3501:    int flags = (sock_type == SOCK_DGRAM) ? NI_DGRAM : 0;
        -: 3502:    socket_ops::getnameinfo(addr, addrlen, host,
        -: 3503:        hostlen, serv, servlen, flags, ec);
        -: 3504:    if (ec)
        -: 3505:    {
        -: 3506:      socket_ops::getnameinfo(addr, addrlen, host, hostlen,
        -: 3507:          serv, servlen, flags | NI_NUMERICSERV, ec);
        -: 3508:    }
        -: 3509:  }
        -: 3510:
        -: 3511:  return ec;
        -: 3512:}
        -: 3513:
        -: 3514:#endif // !defined(BOOST_ASIO_WINDOWS_RUNTIME)
        -: 3515:
        1: 3516:u_long_type network_to_host_long(u_long_type value)
        -: 3517:{
        -: 3518:#if defined(BOOST_ASIO_WINDOWS_RUNTIME)
        -: 3519:  unsigned char* value_p = reinterpret_cast<unsigned char*>(&value);
        -: 3520:  u_long_type result = (static_cast<u_long_type>(value_p[0]) << 24)
        -: 3521:    | (static_cast<u_long_type>(value_p[1]) << 16)
        -: 3522:    | (static_cast<u_long_type>(value_p[2]) << 8)
        -: 3523:    | static_cast<u_long_type>(value_p[3]);
        -: 3524:  return result;
        -: 3525:#else // defined(BOOST_ASIO_WINDOWS_RUNTIME)
        1: 3526:  return ntohl(value);
        1: 3526-block  0
        -: 3527:#endif // defined(BOOST_ASIO_WINDOWS_RUNTIME)
        -: 3528:}
        -: 3529:
        1: 3530:u_long_type host_to_network_long(u_long_type value)
        -: 3531:{
        -: 3532:#if defined(BOOST_ASIO_WINDOWS_RUNTIME)
        -: 3533:  u_long_type result;
        -: 3534:  unsigned char* result_p = reinterpret_cast<unsigned char*>(&result);
        -: 3535:  result_p[0] = static_cast<unsigned char>((value >> 24) & 0xFF);
        -: 3536:  result_p[1] = static_cast<unsigned char>((value >> 16) & 0xFF);
        -: 3537:  result_p[2] = static_cast<unsigned char>((value >> 8) & 0xFF);
        -: 3538:  result_p[3] = static_cast<unsigned char>(value & 0xFF);
        -: 3539:  return result;
        -: 3540:#else // defined(BOOST_ASIO_WINDOWS_RUNTIME)
        1: 3541:  return htonl(value);
        1: 3541-block  0
        -: 3542:#endif // defined(BOOST_ASIO_WINDOWS_RUNTIME)
        -: 3543:}
        -: 3544:
        -: 3545:u_short_type network_to_host_short(u_short_type value)
        -: 3546:{
        -: 3547:#if defined(BOOST_ASIO_WINDOWS_RUNTIME)
        -: 3548:  unsigned char* value_p = reinterpret_cast<unsigned char*>(&value);
        -: 3549:  u_short_type result = (static_cast<u_short_type>(value_p[0]) << 8)
        -: 3550:    | static_cast<u_short_type>(value_p[1]);
        -: 3551:  return result;
        -: 3552:#else // defined(BOOST_ASIO_WINDOWS_RUNTIME)
        -: 3553:  return ntohs(value);
        -: 3554:#endif // defined(BOOST_ASIO_WINDOWS_RUNTIME)
        -: 3555:}
        -: 3556:
        1: 3557:u_short_type host_to_network_short(u_short_type value)
        -: 3558:{
        -: 3559:#if defined(BOOST_ASIO_WINDOWS_RUNTIME)
        -: 3560:  u_short_type result;
        -: 3561:  unsigned char* result_p = reinterpret_cast<unsigned char*>(&result);
        -: 3562:  result_p[0] = static_cast<unsigned char>((value >> 8) & 0xFF);
        -: 3563:  result_p[1] = static_cast<unsigned char>(value & 0xFF);
        -: 3564:  return result;
        -: 3565:#else // defined(BOOST_ASIO_WINDOWS_RUNTIME)
        1: 3566:  return htons(value);
        1: 3566-block  0
        -: 3567:#endif // defined(BOOST_ASIO_WINDOWS_RUNTIME)
        -: 3568:}
        -: 3569:
        -: 3570:} // namespace socket_ops
        -: 3571:} // namespace detail
        -: 3572:} // namespace asio
        -: 3573:} // namespace boost
        -: 3574:
        -: 3575:#include <boost/asio/detail/pop_options.hpp>
        -: 3576:
        -: 3577:#endif // BOOST_ASIO_DETAIL_SOCKET_OPS_IPP
