        -:    0:Source:/usr/include/boost/asio/detail/executor_function.hpp
        -:    0:Graph:/home/anthonytintul/CLionProjects/TLConsoleApplication/cmake-build-debug/CMakeFiles/TLConsoleApplication.dir/lib/BoostNetworkClient/BoostNetworkClient.cpp.gcno
        -:    0:Data:/home/anthonytintul/CLionProjects/TLConsoleApplication/cmake-build-debug/CMakeFiles/TLConsoleApplication.dir/lib/BoostNetworkClient/BoostNetworkClient.cpp.gcda
        -:    0:Runs:1
        -:    1://
        -:    2:// detail/executor_function.hpp
        -:    3:// ~~~~~~~~~~~~~~~~~~~~~~~~~~~~
        -:    4://
        -:    5:// Copyright (c) 2003-2020 Christopher M. Kohlhoff (chris at kohlhoff dot com)
        -:    6://
        -:    7:// Distributed under the Boost Software License, Version 1.0. (See accompanying
        -:    8:// file LICENSE_1_0.txt or copy at http://www.boost.org/LICENSE_1_0.txt)
        -:    9://
        -:   10:
        -:   11:#ifndef BOOST_ASIO_DETAIL_EXECUTOR_FUNCTION_HPP
        -:   12:#define BOOST_ASIO_DETAIL_EXECUTOR_FUNCTION_HPP
        -:   13:
        -:   14:#if defined(_MSC_VER) && (_MSC_VER >= 1200)
        -:   15:# pragma once
        -:   16:#endif // defined(_MSC_VER) && (_MSC_VER >= 1200)
        -:   17:
        -:   18:#include <boost/asio/detail/config.hpp>
        -:   19:#include <boost/asio/detail/handler_alloc_helpers.hpp>
        -:   20:
        -:   21:#include <boost/asio/detail/push_options.hpp>
        -:   22:
        -:   23:namespace boost {
        -:   24:namespace asio {
        -:   25:namespace detail {
        -:   26:
        -:   27:class executor_function_base
        -:   28:{
        -:   29:public:
        -:   30:  void complete()
        -:   31:  {
        -:   32:    func_(this, true);
        -:   33:  }
        -:   34:
    #####:   35:  void destroy()
        -:   36:  {
    #####:   37:    func_(this, false);
    %%%%%:   37-block  0
    #####:   38:  }
        -:   39:
        -:   40:protected:
        -:   41:  typedef void (*func_type)(executor_function_base*, bool);
        -:   42:
    #####:   43:  executor_function_base(func_type func)
    #####:   44:    : func_(func)
        -:   45:  {
    #####:   46:  }
        -:   47:
        -:   48:  // Prevents deletion through this type.
    #####:   49:  ~executor_function_base()
    #####:   50:  {
    #####:   51:  }
        -:   52:
        -:   53:private:
        -:   54:  func_type func_;
        -:   55:};
        -:   56:
        -:   57:template <typename Function, typename Alloc>
        -:   58:class executor_function : public executor_function_base
        -:   59:{
        -:   60:public:
    #####:   61:  BOOST_ASIO_DEFINE_TAGGED_HANDLER_ALLOCATOR_PTR(
------------------
_ZN5boost4asio6detail17executor_functionINS1_7binder2INS1_29read_until_delim_string_op_v1INS0_19basic_stream_socketINS0_2ip3tcpENS0_8executorEEENS0_19basic_streambuf_refISaIcEEEZN18BoostNetworkClient17handleWriteHeaderERKNS_6system10error_codeEmEUlSH_mE_EESF_mEESaIvEE3ptrD2Ev:
    #####:   61:  BOOST_ASIO_DEFINE_TAGGED_HANDLER_ALLOCATOR_PTR(
    %%%%%:   61-block  0
------------------
_ZN5boost4asio6detail17executor_functionINS1_15work_dispatcherINS1_7binder1IZN18BoostNetworkClient16manageConnectionEvEUlRKNS_6system10error_codeEE_S7_EEEESaIvEE3ptr8allocateERKSD_:
    #####:   61:  BOOST_ASIO_DEFINE_TAGGED_HANDLER_ALLOCATOR_PTR(
    %%%%%:   61-block  0
    %%%%%:   61-block  1
    %%%%%:   61-block  2
    %%%%%:   61-block  3
------------------
_ZN5boost4asio6detail17executor_functionINS1_15work_dispatcherINS1_7binder1IZN18BoostNetworkClient16manageConnectionEvEUlRKNS_6system10error_codeEE_S7_EEEESaIvEE3ptrD2Ev:
    #####:   61:  BOOST_ASIO_DEFINE_TAGGED_HANDLER_ALLOCATOR_PTR(
    %%%%%:   61-block  0
------------------
_ZN5boost4asio6detail17executor_functionINS1_15work_dispatcherINS1_7binder1IZN18BoostNetworkClient16manageConnectionEvEUlRKNS_6system10error_codeEE_S7_EEEESaIvEE3ptr5resetEv:
    #####:   61:  BOOST_ASIO_DEFINE_TAGGED_HANDLER_ALLOCATOR_PTR(
    %%%%%:   61-block  0
    %%%%%:   61-block  1
    %%%%%:   61-block  2
    %%%%%:   61-block  3
    %%%%%:   61-block  4
    %%%%%:   61-block  5
    %%%%%:   61-block  6
------------------
_ZN5boost4asio6detail17executor_functionINS1_7binder1IZN18BoostNetworkClient16manageConnectionEvEUlRKNS_6system10error_codeEE_S6_EESaIvEE3ptr8allocateERKSB_:
    #####:   61:  BOOST_ASIO_DEFINE_TAGGED_HANDLER_ALLOCATOR_PTR(
    %%%%%:   61-block  0
    %%%%%:   61-block  1
    %%%%%:   61-block  2
    %%%%%:   61-block  3
------------------
_ZN5boost4asio6detail17executor_functionINS1_7binder1IZN18BoostNetworkClient16manageConnectionEvEUlRKNS_6system10error_codeEE_S6_EESaIvEE3ptrD2Ev:
    #####:   61:  BOOST_ASIO_DEFINE_TAGGED_HANDLER_ALLOCATOR_PTR(
    %%%%%:   61-block  0
------------------
_ZN5boost4asio6detail17executor_functionINS1_7binder1IZN18BoostNetworkClient16manageConnectionEvEUlRKNS_6system10error_codeEE_S6_EESaIvEE3ptr5resetEv:
    #####:   61:  BOOST_ASIO_DEFINE_TAGGED_HANDLER_ALLOCATOR_PTR(
    %%%%%:   61-block  0
    %%%%%:   61-block  1
    %%%%%:   61-block  2
    %%%%%:   61-block  3
    %%%%%:   61-block  4
    %%%%%:   61-block  5
    %%%%%:   61-block  6
------------------
_ZN5boost4asio6detail17executor_functionINS1_7binder2INS1_17read_dynbuf_v1_opINS0_19basic_stream_socketINS0_2ip3tcpENS0_8executorEEENS0_19basic_streambuf_refISaIcEEENS1_19transfer_at_least_tEZN18BoostNetworkClient14handleReadBodyERKNS_6system10error_codeEmEUlSI_mE_EESG_mEESaIvEE3ptr8allocateERKSM_:
    #####:   61:  BOOST_ASIO_DEFINE_TAGGED_HANDLER_ALLOCATOR_PTR(
    %%%%%:   61-block  0
    %%%%%:   61-block  1
    %%%%%:   61-block  2
    %%%%%:   61-block  3
------------------
_ZN5boost4asio6detail17executor_functionINS1_7binder2INS1_17read_dynbuf_v1_opINS0_19basic_stream_socketINS0_2ip3tcpENS0_8executorEEENS0_19basic_streambuf_refISaIcEEENS1_19transfer_at_least_tEZN18BoostNetworkClient14handleReadBodyERKNS_6system10error_codeEmEUlSI_mE_EESG_mEESaIvEE3ptrD2Ev:
    #####:   61:  BOOST_ASIO_DEFINE_TAGGED_HANDLER_ALLOCATOR_PTR(
    %%%%%:   61-block  0
------------------
_ZN5boost4asio6detail17executor_functionINS1_7binder2INS1_17read_dynbuf_v1_opINS0_19basic_stream_socketINS0_2ip3tcpENS0_8executorEEENS0_19basic_streambuf_refISaIcEEENS1_19transfer_at_least_tEZN18BoostNetworkClient16handleReadHeaderERKNS_6system10error_codeEmEUlSI_mE_EESG_mEESaIvEE3ptr8allocateERKSM_:
    #####:   61:  BOOST_ASIO_DEFINE_TAGGED_HANDLER_ALLOCATOR_PTR(
    %%%%%:   61-block  0
    %%%%%:   61-block  1
    %%%%%:   61-block  2
    %%%%%:   61-block  3
------------------
_ZN5boost4asio6detail17executor_functionINS1_7binder2INS1_17read_dynbuf_v1_opINS0_19basic_stream_socketINS0_2ip3tcpENS0_8executorEEENS0_19basic_streambuf_refISaIcEEENS1_19transfer_at_least_tEZN18BoostNetworkClient16handleReadHeaderERKNS_6system10error_codeEmEUlSI_mE_EESG_mEESaIvEE3ptrD2Ev:
    #####:   61:  BOOST_ASIO_DEFINE_TAGGED_HANDLER_ALLOCATOR_PTR(
    %%%%%:   61-block  0
------------------
_ZN5boost4asio6detail17executor_functionINS1_7binder2INS1_29read_until_delim_string_op_v1INS0_19basic_stream_socketINS0_2ip3tcpENS0_8executorEEENS0_19basic_streambuf_refISaIcEEEZN18BoostNetworkClient17handleWriteHeaderERKNS_6system10error_codeEmEUlSH_mE_EESF_mEESaIvEE3ptr8allocateERKSL_:
    #####:   61:  BOOST_ASIO_DEFINE_TAGGED_HANDLER_ALLOCATOR_PTR(
    %%%%%:   61-block  0
    %%%%%:   61-block  1
    %%%%%:   61-block  2
    %%%%%:   61-block  3
------------------
_ZN5boost4asio6detail17executor_functionINS1_7binder2INS1_8write_opINS0_19basic_stream_socketINS0_2ip3tcpENS0_8executorEEENS0_17mutable_buffers_1EPKNS0_14mutable_bufferENS1_14transfer_all_tEZN18BoostNetworkClient16handleConnectionERKNS_6system10error_codeEEUlSJ_mE_EESH_mEESaIvEE3ptr5resetEv:
    #####:   61:  BOOST_ASIO_DEFINE_TAGGED_HANDLER_ALLOCATOR_PTR(
    %%%%%:   61-block  0
    %%%%%:   61-block  1
    %%%%%:   61-block  2
    %%%%%:   61-block  3
    %%%%%:   61-block  4
    %%%%%:   61-block  5
    %%%%%:   61-block  6
------------------
_ZN5boost4asio6detail17executor_functionINS1_7binder2INS1_17read_dynbuf_v1_opINS0_19basic_stream_socketINS0_2ip3tcpENS0_8executorEEENS0_19basic_streambuf_refISaIcEEENS1_19transfer_at_least_tEZN18BoostNetworkClient14handleReadBodyERKNS_6system10error_codeEmEUlSI_mE_EESG_mEESaIvEE3ptr5resetEv:
    #####:   61:  BOOST_ASIO_DEFINE_TAGGED_HANDLER_ALLOCATOR_PTR(
    %%%%%:   61-block  0
    %%%%%:   61-block  1
    %%%%%:   61-block  2
    %%%%%:   61-block  3
    %%%%%:   61-block  4
    %%%%%:   61-block  5
    %%%%%:   61-block  6
------------------
_ZN5boost4asio6detail17executor_functionINS1_7binder2INS1_17read_dynbuf_v1_opINS0_19basic_stream_socketINS0_2ip3tcpENS0_8executorEEENS0_19basic_streambuf_refISaIcEEENS1_19transfer_at_least_tEZN18BoostNetworkClient16handleReadHeaderERKNS_6system10error_codeEmEUlSI_mE_EESG_mEESaIvEE3ptr5resetEv:
    #####:   61:  BOOST_ASIO_DEFINE_TAGGED_HANDLER_ALLOCATOR_PTR(
    %%%%%:   61-block  0
    %%%%%:   61-block  1
    %%%%%:   61-block  2
    %%%%%:   61-block  3
    %%%%%:   61-block  4
    %%%%%:   61-block  5
    %%%%%:   61-block  6
------------------
_ZN5boost4asio6detail17executor_functionINS1_7binder2INS1_8write_opINS0_19basic_stream_socketINS0_2ip3tcpENS0_8executorEEENS0_17mutable_buffers_1EPKNS0_14mutable_bufferENS1_14transfer_all_tEZN18BoostNetworkClient15handleWriteBodyERKNS_6system10error_codeEmEUlSJ_mE_EESH_mEESaIvEE3ptr8allocateERKSN_:
    #####:   61:  BOOST_ASIO_DEFINE_TAGGED_HANDLER_ALLOCATOR_PTR(
    %%%%%:   61-block  0
    %%%%%:   61-block  1
    %%%%%:   61-block  2
    %%%%%:   61-block  3
------------------
_ZN5boost4asio6detail17executor_functionINS1_7binder2INS1_8write_opINS0_19basic_stream_socketINS0_2ip3tcpENS0_8executorEEENS0_17mutable_buffers_1EPKNS0_14mutable_bufferENS1_14transfer_all_tEZN18BoostNetworkClient15handleWriteBodyERKNS_6system10error_codeEmEUlSJ_mE_EESH_mEESaIvEE3ptrD2Ev:
    #####:   61:  BOOST_ASIO_DEFINE_TAGGED_HANDLER_ALLOCATOR_PTR(
    %%%%%:   61-block  0
------------------
_ZN5boost4asio6detail17executor_functionINS1_7binder2INS1_29read_until_delim_string_op_v1INS0_19basic_stream_socketINS0_2ip3tcpENS0_8executorEEENS0_19basic_streambuf_refISaIcEEEZN18BoostNetworkClient17handleWriteHeaderERKNS_6system10error_codeEmEUlSH_mE_EESF_mEESaIvEE3ptr5resetEv:
    #####:   61:  BOOST_ASIO_DEFINE_TAGGED_HANDLER_ALLOCATOR_PTR(
    %%%%%:   61-block  0
    %%%%%:   61-block  1
    %%%%%:   61-block  2
    %%%%%:   61-block  3
    %%%%%:   61-block  4
    %%%%%:   61-block  5
    %%%%%:   61-block  6
------------------
_ZN5boost4asio6detail17executor_functionINS1_7binder2INS1_8write_opINS0_19basic_stream_socketINS0_2ip3tcpENS0_8executorEEENS0_17mutable_buffers_1EPKNS0_14mutable_bufferENS1_14transfer_all_tEZN18BoostNetworkClient17handleWriteHeaderERKNS_6system10error_codeEmEUlSJ_mE0_EESH_mEESaIvEE3ptr8allocateERKSN_:
    #####:   61:  BOOST_ASIO_DEFINE_TAGGED_HANDLER_ALLOCATOR_PTR(
    %%%%%:   61-block  0
    %%%%%:   61-block  1
    %%%%%:   61-block  2
    %%%%%:   61-block  3
------------------
_ZN5boost4asio6detail17executor_functionINS1_7binder2INS1_8write_opINS0_19basic_stream_socketINS0_2ip3tcpENS0_8executorEEENS0_17mutable_buffers_1EPKNS0_14mutable_bufferENS1_14transfer_all_tEZN18BoostNetworkClient17handleWriteHeaderERKNS_6system10error_codeEmEUlSJ_mE0_EESH_mEESaIvEE3ptrD2Ev:
    #####:   61:  BOOST_ASIO_DEFINE_TAGGED_HANDLER_ALLOCATOR_PTR(
    %%%%%:   61-block  0
------------------
_ZN5boost4asio6detail17executor_functionINS1_7binder2INS1_8write_opINS0_19basic_stream_socketINS0_2ip3tcpENS0_8executorEEENS0_17mutable_buffers_1EPKNS0_14mutable_bufferENS1_14transfer_all_tEZN18BoostNetworkClient16handleConnectionERKNS_6system10error_codeEEUlSJ_mE_EESH_mEESaIvEE3ptr8allocateERKSN_:
    #####:   61:  BOOST_ASIO_DEFINE_TAGGED_HANDLER_ALLOCATOR_PTR(
    %%%%%:   61-block  0
    %%%%%:   61-block  1
    %%%%%:   61-block  2
    %%%%%:   61-block  3
------------------
_ZN5boost4asio6detail17executor_functionINS1_7binder2INS1_8write_opINS0_19basic_stream_socketINS0_2ip3tcpENS0_8executorEEENS0_17mutable_buffers_1EPKNS0_14mutable_bufferENS1_14transfer_all_tEZN18BoostNetworkClient16handleConnectionERKNS_6system10error_codeEEUlSJ_mE_EESH_mEESaIvEE3ptrD2Ev:
    #####:   61:  BOOST_ASIO_DEFINE_TAGGED_HANDLER_ALLOCATOR_PTR(
    %%%%%:   61-block  0
------------------
_ZN5boost4asio6detail17executor_functionINS1_7binder2INS1_8write_opINS0_19basic_stream_socketINS0_2ip3tcpENS0_8executorEEENS0_17mutable_buffers_1EPKNS0_14mutable_bufferENS1_14transfer_all_tEZN18BoostNetworkClient15handleWriteBodyERKNS_6system10error_codeEmEUlSJ_mE_EESH_mEESaIvEE3ptr5resetEv:
    #####:   61:  BOOST_ASIO_DEFINE_TAGGED_HANDLER_ALLOCATOR_PTR(
    %%%%%:   61-block  0
    %%%%%:   61-block  1
    %%%%%:   61-block  2
    %%%%%:   61-block  3
    %%%%%:   61-block  4
    %%%%%:   61-block  5
    %%%%%:   61-block  6
------------------
_ZN5boost4asio6detail17executor_functionINS1_7binder2INS1_8write_opINS0_19basic_stream_socketINS0_2ip3tcpENS0_8executorEEENS0_17mutable_buffers_1EPKNS0_14mutable_bufferENS1_14transfer_all_tEZN18BoostNetworkClient17handleWriteHeaderERKNS_6system10error_codeEmEUlSJ_mE0_EESH_mEESaIvEE3ptr5resetEv:
    #####:   61:  BOOST_ASIO_DEFINE_TAGGED_HANDLER_ALLOCATOR_PTR(
    %%%%%:   61-block  0
    %%%%%:   61-block  1
    %%%%%:   61-block  2
    %%%%%:   61-block  3
    %%%%%:   61-block  4
    %%%%%:   61-block  5
    %%%%%:   61-block  6
------------------
        -:   62:      thread_info_base::executor_function_tag, executor_function);
        -:   63:
        -:   64:  template <typename F>
    #####:   65:  executor_function(BOOST_ASIO_MOVE_ARG(F) f, const Alloc& allocator)
        -:   66:    : executor_function_base(&executor_function::do_complete),
        -:   67:      function_(BOOST_ASIO_MOVE_CAST(F)(f)),
    #####:   68:      allocator_(allocator)
        -:   69:  {
    #####:   70:  }
------------------
_ZN5boost4asio6detail17executor_functionINS1_7binder2INS1_8write_opINS0_19basic_stream_socketINS0_2ip3tcpENS0_8executorEEENS0_17mutable_buffers_1EPKNS0_14mutable_bufferENS1_14transfer_all_tEZN18BoostNetworkClient16handleConnectionERKNS_6system10error_codeEEUlSJ_mE_EESH_mEESaIvEEC2ISM_EEOT_RKSN_:
    #####:   65:  executor_function(BOOST_ASIO_MOVE_ARG(F) f, const Alloc& allocator)
        -:   66:    : executor_function_base(&executor_function::do_complete),
        -:   67:      function_(BOOST_ASIO_MOVE_CAST(F)(f)),
    #####:   68:      allocator_(allocator)
    %%%%%:   68-block  0
        -:   69:  {
    #####:   70:  }
------------------
_ZN5boost4asio6detail17executor_functionINS1_7binder2INS1_8write_opINS0_19basic_stream_socketINS0_2ip3tcpENS0_8executorEEENS0_17mutable_buffers_1EPKNS0_14mutable_bufferENS1_14transfer_all_tEZN18BoostNetworkClient17handleWriteHeaderERKNS_6system10error_codeEmEUlSJ_mE0_EESH_mEESaIvEEC2ISM_EEOT_RKSN_:
    #####:   65:  executor_function(BOOST_ASIO_MOVE_ARG(F) f, const Alloc& allocator)
        -:   66:    : executor_function_base(&executor_function::do_complete),
        -:   67:      function_(BOOST_ASIO_MOVE_CAST(F)(f)),
    #####:   68:      allocator_(allocator)
    %%%%%:   68-block  0
        -:   69:  {
    #####:   70:  }
------------------
_ZN5boost4asio6detail17executor_functionINS1_7binder2INS1_8write_opINS0_19basic_stream_socketINS0_2ip3tcpENS0_8executorEEENS0_17mutable_buffers_1EPKNS0_14mutable_bufferENS1_14transfer_all_tEZN18BoostNetworkClient15handleWriteBodyERKNS_6system10error_codeEmEUlSJ_mE_EESH_mEESaIvEEC2ISM_EEOT_RKSN_:
    #####:   65:  executor_function(BOOST_ASIO_MOVE_ARG(F) f, const Alloc& allocator)
        -:   66:    : executor_function_base(&executor_function::do_complete),
        -:   67:      function_(BOOST_ASIO_MOVE_CAST(F)(f)),
    #####:   68:      allocator_(allocator)
    %%%%%:   68-block  0
        -:   69:  {
    #####:   70:  }
------------------
_ZN5boost4asio6detail17executor_functionINS1_7binder2INS1_29read_until_delim_string_op_v1INS0_19basic_stream_socketINS0_2ip3tcpENS0_8executorEEENS0_19basic_streambuf_refISaIcEEEZN18BoostNetworkClient17handleWriteHeaderERKNS_6system10error_codeEmEUlSH_mE_EESF_mEESaIvEEC2ISK_EEOT_RKSL_:
    #####:   65:  executor_function(BOOST_ASIO_MOVE_ARG(F) f, const Alloc& allocator)
        -:   66:    : executor_function_base(&executor_function::do_complete),
        -:   67:      function_(BOOST_ASIO_MOVE_CAST(F)(f)),
    #####:   68:      allocator_(allocator)
    %%%%%:   68-block  0
        -:   69:  {
    #####:   70:  }
------------------
_ZN5boost4asio6detail17executor_functionINS1_7binder2INS1_17read_dynbuf_v1_opINS0_19basic_stream_socketINS0_2ip3tcpENS0_8executorEEENS0_19basic_streambuf_refISaIcEEENS1_19transfer_at_least_tEZN18BoostNetworkClient16handleReadHeaderERKNS_6system10error_codeEmEUlSI_mE_EESG_mEESaIvEEC2ISL_EEOT_RKSM_:
    #####:   65:  executor_function(BOOST_ASIO_MOVE_ARG(F) f, const Alloc& allocator)
        -:   66:    : executor_function_base(&executor_function::do_complete),
        -:   67:      function_(BOOST_ASIO_MOVE_CAST(F)(f)),
    #####:   68:      allocator_(allocator)
    %%%%%:   68-block  0
        -:   69:  {
    #####:   70:  }
------------------
_ZN5boost4asio6detail17executor_functionINS1_7binder2INS1_17read_dynbuf_v1_opINS0_19basic_stream_socketINS0_2ip3tcpENS0_8executorEEENS0_19basic_streambuf_refISaIcEEENS1_19transfer_at_least_tEZN18BoostNetworkClient14handleReadBodyERKNS_6system10error_codeEmEUlSI_mE_EESG_mEESaIvEEC2ISL_EEOT_RKSM_:
    #####:   65:  executor_function(BOOST_ASIO_MOVE_ARG(F) f, const Alloc& allocator)
        -:   66:    : executor_function_base(&executor_function::do_complete),
        -:   67:      function_(BOOST_ASIO_MOVE_CAST(F)(f)),
    #####:   68:      allocator_(allocator)
    %%%%%:   68-block  0
        -:   69:  {
    #####:   70:  }
------------------
_ZN5boost4asio6detail17executor_functionINS1_7binder1IZN18BoostNetworkClient16manageConnectionEvEUlRKNS_6system10error_codeEE_S6_EESaIvEEC2ISA_EEOT_RKSB_:
    #####:   65:  executor_function(BOOST_ASIO_MOVE_ARG(F) f, const Alloc& allocator)
        -:   66:    : executor_function_base(&executor_function::do_complete),
        -:   67:      function_(BOOST_ASIO_MOVE_CAST(F)(f)),
    #####:   68:      allocator_(allocator)
    %%%%%:   68-block  0
        -:   69:  {
    #####:   70:  }
------------------
_ZN5boost4asio6detail17executor_functionINS1_15work_dispatcherINS1_7binder1IZN18BoostNetworkClient16manageConnectionEvEUlRKNS_6system10error_codeEE_S7_EEEESaIvEEC2ISC_EEOT_RKSD_:
    #####:   65:  executor_function(BOOST_ASIO_MOVE_ARG(F) f, const Alloc& allocator)
        -:   66:    : executor_function_base(&executor_function::do_complete),
        -:   67:      function_(BOOST_ASIO_MOVE_CAST(F)(f)),
    #####:   68:      allocator_(allocator)
    %%%%%:   68-block  0
        -:   69:  {
    #####:   70:  }
------------------
        -:   71:
    #####:   72:  static void do_complete(executor_function_base* base, bool call)
        -:   73:  {
        -:   74:    // Take ownership of the function object.
    #####:   75:    executor_function* o(static_cast<executor_function*>(base));
        -:   76:    Alloc allocator(o->allocator_);
    #####:   77:    ptr p = { detail::addressof(allocator), o, o };
        -:   78:
        -:   79:    // Make a copy of the function so that the memory can be deallocated before
        -:   80:    // the upcall is made. Even if we're not about to make an upcall, a
        -:   81:    // sub-object of the function may be the true owner of the memory
        -:   82:    // associated with the function. Consequently, a local copy of the function
        -:   83:    // is required to ensure that any owning sub-object remains valid until
        -:   84:    // after we have deallocated the memory here.
    #####:   85:    Function function(BOOST_ASIO_MOVE_CAST(Function)(o->function_));
    #####:   86:    p.reset();
        -:   87:
        -:   88:    // Make the upcall if required.
    #####:   89:    if (call)
        -:   90:    {
    #####:   91:      function();
        -:   92:    }
    #####:   93:  }
------------------
_ZN5boost4asio6detail17executor_functionINS1_7binder2INS1_8write_opINS0_19basic_stream_socketINS0_2ip3tcpENS0_8executorEEENS0_17mutable_buffers_1EPKNS0_14mutable_bufferENS1_14transfer_all_tEZN18BoostNetworkClient16handleConnectionERKNS_6system10error_codeEEUlSJ_mE_EESH_mEESaIvEE11do_completeEPNS1_22executor_function_baseEb:
    #####:   72:  static void do_complete(executor_function_base* base, bool call)
        -:   73:  {
        -:   74:    // Take ownership of the function object.
    #####:   75:    executor_function* o(static_cast<executor_function*>(base));
        -:   76:    Alloc allocator(o->allocator_);
    #####:   77:    ptr p = { detail::addressof(allocator), o, o };
    %%%%%:   77-block  0
    %%%%%:   77-block  1
    $$$$$:   77-block  2
        -:   78:
        -:   79:    // Make a copy of the function so that the memory can be deallocated before
        -:   80:    // the upcall is made. Even if we're not about to make an upcall, a
        -:   81:    // sub-object of the function may be the true owner of the memory
        -:   82:    // associated with the function. Consequently, a local copy of the function
        -:   83:    // is required to ensure that any owning sub-object remains valid until
        -:   84:    // after we have deallocated the memory here.
    #####:   85:    Function function(BOOST_ASIO_MOVE_CAST(Function)(o->function_));
    #####:   86:    p.reset();
        -:   87:
        -:   88:    // Make the upcall if required.
    #####:   89:    if (call)
    %%%%%:   89-block  0
        -:   90:    {
    #####:   91:      function();
    %%%%%:   91-block  0
        -:   92:    }
    #####:   93:  }
------------------
_ZN5boost4asio6detail17executor_functionINS1_7binder2INS1_8write_opINS0_19basic_stream_socketINS0_2ip3tcpENS0_8executorEEENS0_17mutable_buffers_1EPKNS0_14mutable_bufferENS1_14transfer_all_tEZN18BoostNetworkClient17handleWriteHeaderERKNS_6system10error_codeEmEUlSJ_mE0_EESH_mEESaIvEE11do_completeEPNS1_22executor_function_baseEb:
    #####:   72:  static void do_complete(executor_function_base* base, bool call)
        -:   73:  {
        -:   74:    // Take ownership of the function object.
    #####:   75:    executor_function* o(static_cast<executor_function*>(base));
        -:   76:    Alloc allocator(o->allocator_);
    #####:   77:    ptr p = { detail::addressof(allocator), o, o };
    %%%%%:   77-block  0
    %%%%%:   77-block  1
    $$$$$:   77-block  2
        -:   78:
        -:   79:    // Make a copy of the function so that the memory can be deallocated before
        -:   80:    // the upcall is made. Even if we're not about to make an upcall, a
        -:   81:    // sub-object of the function may be the true owner of the memory
        -:   82:    // associated with the function. Consequently, a local copy of the function
        -:   83:    // is required to ensure that any owning sub-object remains valid until
        -:   84:    // after we have deallocated the memory here.
    #####:   85:    Function function(BOOST_ASIO_MOVE_CAST(Function)(o->function_));
    #####:   86:    p.reset();
        -:   87:
        -:   88:    // Make the upcall if required.
    #####:   89:    if (call)
    %%%%%:   89-block  0
        -:   90:    {
    #####:   91:      function();
    %%%%%:   91-block  0
        -:   92:    }
    #####:   93:  }
------------------
_ZN5boost4asio6detail17executor_functionINS1_7binder2INS1_8write_opINS0_19basic_stream_socketINS0_2ip3tcpENS0_8executorEEENS0_17mutable_buffers_1EPKNS0_14mutable_bufferENS1_14transfer_all_tEZN18BoostNetworkClient15handleWriteBodyERKNS_6system10error_codeEmEUlSJ_mE_EESH_mEESaIvEE11do_completeEPNS1_22executor_function_baseEb:
    #####:   72:  static void do_complete(executor_function_base* base, bool call)
        -:   73:  {
        -:   74:    // Take ownership of the function object.
    #####:   75:    executor_function* o(static_cast<executor_function*>(base));
        -:   76:    Alloc allocator(o->allocator_);
    #####:   77:    ptr p = { detail::addressof(allocator), o, o };
    %%%%%:   77-block  0
    %%%%%:   77-block  1
    $$$$$:   77-block  2
        -:   78:
        -:   79:    // Make a copy of the function so that the memory can be deallocated before
        -:   80:    // the upcall is made. Even if we're not about to make an upcall, a
        -:   81:    // sub-object of the function may be the true owner of the memory
        -:   82:    // associated with the function. Consequently, a local copy of the function
        -:   83:    // is required to ensure that any owning sub-object remains valid until
        -:   84:    // after we have deallocated the memory here.
    #####:   85:    Function function(BOOST_ASIO_MOVE_CAST(Function)(o->function_));
    #####:   86:    p.reset();
        -:   87:
        -:   88:    // Make the upcall if required.
    #####:   89:    if (call)
    %%%%%:   89-block  0
        -:   90:    {
    #####:   91:      function();
    %%%%%:   91-block  0
        -:   92:    }
    #####:   93:  }
------------------
_ZN5boost4asio6detail17executor_functionINS1_7binder2INS1_29read_until_delim_string_op_v1INS0_19basic_stream_socketINS0_2ip3tcpENS0_8executorEEENS0_19basic_streambuf_refISaIcEEEZN18BoostNetworkClient17handleWriteHeaderERKNS_6system10error_codeEmEUlSH_mE_EESF_mEESaIvEE11do_completeEPNS1_22executor_function_baseEb:
    #####:   72:  static void do_complete(executor_function_base* base, bool call)
        -:   73:  {
        -:   74:    // Take ownership of the function object.
    #####:   75:    executor_function* o(static_cast<executor_function*>(base));
        -:   76:    Alloc allocator(o->allocator_);
    #####:   77:    ptr p = { detail::addressof(allocator), o, o };
    %%%%%:   77-block  0
    $$$$$:   77-block  1
        -:   78:
        -:   79:    // Make a copy of the function so that the memory can be deallocated before
        -:   80:    // the upcall is made. Even if we're not about to make an upcall, a
        -:   81:    // sub-object of the function may be the true owner of the memory
        -:   82:    // associated with the function. Consequently, a local copy of the function
        -:   83:    // is required to ensure that any owning sub-object remains valid until
        -:   84:    // after we have deallocated the memory here.
    #####:   85:    Function function(BOOST_ASIO_MOVE_CAST(Function)(o->function_));
    %%%%%:   85-block  0
    $$$$$:   85-block  1
    #####:   86:    p.reset();
        -:   87:
        -:   88:    // Make the upcall if required.
    #####:   89:    if (call)
    %%%%%:   89-block  0
        -:   90:    {
    #####:   91:      function();
    %%%%%:   91-block  0
        -:   92:    }
    #####:   93:  }
------------------
_ZN5boost4asio6detail17executor_functionINS1_7binder2INS1_17read_dynbuf_v1_opINS0_19basic_stream_socketINS0_2ip3tcpENS0_8executorEEENS0_19basic_streambuf_refISaIcEEENS1_19transfer_at_least_tEZN18BoostNetworkClient16handleReadHeaderERKNS_6system10error_codeEmEUlSI_mE_EESG_mEESaIvEE11do_completeEPNS1_22executor_function_baseEb:
    #####:   72:  static void do_complete(executor_function_base* base, bool call)
        -:   73:  {
        -:   74:    // Take ownership of the function object.
    #####:   75:    executor_function* o(static_cast<executor_function*>(base));
        -:   76:    Alloc allocator(o->allocator_);
    #####:   77:    ptr p = { detail::addressof(allocator), o, o };
    %%%%%:   77-block  0
    %%%%%:   77-block  1
    $$$$$:   77-block  2
        -:   78:
        -:   79:    // Make a copy of the function so that the memory can be deallocated before
        -:   80:    // the upcall is made. Even if we're not about to make an upcall, a
        -:   81:    // sub-object of the function may be the true owner of the memory
        -:   82:    // associated with the function. Consequently, a local copy of the function
        -:   83:    // is required to ensure that any owning sub-object remains valid until
        -:   84:    // after we have deallocated the memory here.
    #####:   85:    Function function(BOOST_ASIO_MOVE_CAST(Function)(o->function_));
    #####:   86:    p.reset();
        -:   87:
        -:   88:    // Make the upcall if required.
    #####:   89:    if (call)
    %%%%%:   89-block  0
        -:   90:    {
    #####:   91:      function();
    %%%%%:   91-block  0
        -:   92:    }
    #####:   93:  }
------------------
_ZN5boost4asio6detail17executor_functionINS1_7binder2INS1_17read_dynbuf_v1_opINS0_19basic_stream_socketINS0_2ip3tcpENS0_8executorEEENS0_19basic_streambuf_refISaIcEEENS1_19transfer_at_least_tEZN18BoostNetworkClient14handleReadBodyERKNS_6system10error_codeEmEUlSI_mE_EESG_mEESaIvEE11do_completeEPNS1_22executor_function_baseEb:
    #####:   72:  static void do_complete(executor_function_base* base, bool call)
        -:   73:  {
        -:   74:    // Take ownership of the function object.
    #####:   75:    executor_function* o(static_cast<executor_function*>(base));
        -:   76:    Alloc allocator(o->allocator_);
    #####:   77:    ptr p = { detail::addressof(allocator), o, o };
    %%%%%:   77-block  0
    %%%%%:   77-block  1
    $$$$$:   77-block  2
        -:   78:
        -:   79:    // Make a copy of the function so that the memory can be deallocated before
        -:   80:    // the upcall is made. Even if we're not about to make an upcall, a
        -:   81:    // sub-object of the function may be the true owner of the memory
        -:   82:    // associated with the function. Consequently, a local copy of the function
        -:   83:    // is required to ensure that any owning sub-object remains valid until
        -:   84:    // after we have deallocated the memory here.
    #####:   85:    Function function(BOOST_ASIO_MOVE_CAST(Function)(o->function_));
    #####:   86:    p.reset();
        -:   87:
        -:   88:    // Make the upcall if required.
    #####:   89:    if (call)
    %%%%%:   89-block  0
        -:   90:    {
    #####:   91:      function();
    %%%%%:   91-block  0
        -:   92:    }
    #####:   93:  }
------------------
_ZN5boost4asio6detail17executor_functionINS1_7binder1IZN18BoostNetworkClient16manageConnectionEvEUlRKNS_6system10error_codeEE_S6_EESaIvEE11do_completeEPNS1_22executor_function_baseEb:
    #####:   72:  static void do_complete(executor_function_base* base, bool call)
        -:   73:  {
        -:   74:    // Take ownership of the function object.
    #####:   75:    executor_function* o(static_cast<executor_function*>(base));
        -:   76:    Alloc allocator(o->allocator_);
    #####:   77:    ptr p = { detail::addressof(allocator), o, o };
    %%%%%:   77-block  0
    %%%%%:   77-block  1
    $$$$$:   77-block  2
        -:   78:
        -:   79:    // Make a copy of the function so that the memory can be deallocated before
        -:   80:    // the upcall is made. Even if we're not about to make an upcall, a
        -:   81:    // sub-object of the function may be the true owner of the memory
        -:   82:    // associated with the function. Consequently, a local copy of the function
        -:   83:    // is required to ensure that any owning sub-object remains valid until
        -:   84:    // after we have deallocated the memory here.
    #####:   85:    Function function(BOOST_ASIO_MOVE_CAST(Function)(o->function_));
    #####:   86:    p.reset();
        -:   87:
        -:   88:    // Make the upcall if required.
    #####:   89:    if (call)
    %%%%%:   89-block  0
        -:   90:    {
    #####:   91:      function();
    %%%%%:   91-block  0
        -:   92:    }
    #####:   93:  }
------------------
_ZN5boost4asio6detail17executor_functionINS1_15work_dispatcherINS1_7binder1IZN18BoostNetworkClient16manageConnectionEvEUlRKNS_6system10error_codeEE_S7_EEEESaIvEE11do_completeEPNS1_22executor_function_baseEb:
    #####:   72:  static void do_complete(executor_function_base* base, bool call)
        -:   73:  {
        -:   74:    // Take ownership of the function object.
    #####:   75:    executor_function* o(static_cast<executor_function*>(base));
        -:   76:    Alloc allocator(o->allocator_);
    #####:   77:    ptr p = { detail::addressof(allocator), o, o };
    %%%%%:   77-block  0
    $$$$$:   77-block  1
        -:   78:
        -:   79:    // Make a copy of the function so that the memory can be deallocated before
        -:   80:    // the upcall is made. Even if we're not about to make an upcall, a
        -:   81:    // sub-object of the function may be the true owner of the memory
        -:   82:    // associated with the function. Consequently, a local copy of the function
        -:   83:    // is required to ensure that any owning sub-object remains valid until
        -:   84:    // after we have deallocated the memory here.
    #####:   85:    Function function(BOOST_ASIO_MOVE_CAST(Function)(o->function_));
    %%%%%:   85-block  0
    $$$$$:   85-block  1
    #####:   86:    p.reset();
        -:   87:
        -:   88:    // Make the upcall if required.
    #####:   89:    if (call)
    %%%%%:   89-block  0
        -:   90:    {
    #####:   91:      function();
    %%%%%:   91-block  0
        -:   92:    }
    #####:   93:  }
------------------
        -:   94:
        -:   95:private:
        -:   96:  Function function_;
        -:   97:  Alloc allocator_;
        -:   98:};
        -:   99:
        -:  100:} // namespace detail
        -:  101:} // namespace asio
        -:  102:} // namespace boost
        -:  103:
        -:  104:#include <boost/asio/detail/pop_options.hpp>
        -:  105:
        -:  106:#endif // BOOST_ASIO_DETAIL_EXECUTOR_FUNCTION_HPP
