        -:    0:Source:/home/anthonytintul/CLionProjects/TLConsoleApplication/lib/Views/pages/ConsoleViewSetKeyPage.cpp
        -:    0:Graph:/home/anthonytintul/CLionProjects/TLConsoleApplication/cmake-build-debug/CMakeFiles/TLConsoleApplication.dir/lib/Views/pages/ConsoleViewSetKeyPage.cpp.gcno
        -:    0:Data:/home/anthonytintul/CLionProjects/TLConsoleApplication/cmake-build-debug/CMakeFiles/TLConsoleApplication.dir/lib/Views/pages/ConsoleViewSetKeyPage.cpp.gcda
        -:    0:Runs:1
        -:    1:#include "ViewHeaders/view.h"
        -:    2:
    #####:    3:void ConsoleViewSetKeyPage::attach(AbstractPresenter *observerPresenter) {
    #####:    4:    vectorOfPresenters.push_back(observerPresenter);
    %%%%%:    4-block  0
    #####:    5:}
        -:    6:
    #####:    7:int  ConsoleViewSetKeyPage::printPage() {
    #####:    8:    return 0;
    %%%%%:    8-block  0
        -:    9:}
        -:   10:
    #####:   11:void ConsoleViewSetKeyPage::accept(AbstractVisitor *visitor) {
    #####:   12:    visitor->visitSetKeyPage(this);
    %%%%%:   12-block  0
    #####:   13:}
