        -:    0:Source:/home/anthonytintul/CLionProjects/TLConsoleApplication/lib/Views/pages/ConsoleViewSetPasswordPage.cpp
        -:    0:Graph:/home/anthonytintul/CLionProjects/TLConsoleApplication/cmake-build-debug/CMakeFiles/TLConsoleApplication.dir/lib/Views/pages/ConsoleViewSetPasswordPage.cpp.gcno
        -:    0:Data:/home/anthonytintul/CLionProjects/TLConsoleApplication/cmake-build-debug/CMakeFiles/TLConsoleApplication.dir/lib/Views/pages/ConsoleViewSetPasswordPage.cpp.gcda
        -:    0:Runs:1
        -:    1:#include "ViewHeaders/view.h"
        -:    2:
    #####:    3:void ConsoleViewSetPasswordPage::attach(AbstractPresenter *observerPresenter) {
    #####:    4:    vectorOfPresenters.push_back(observerPresenter);
    %%%%%:    4-block  0
    #####:    5:}
        -:    6:
    #####:    7:int  ConsoleViewSetPasswordPage::printPage() {
    #####:    8:    int errCode = INIT_VALUE;
    #####:    9:    string password;
    %%%%%:    9-block  0
    $$$$$:    9-block  1
        -:   10:    isValidFilePassword<int> isValidFilePassword;
        -:   11:
    #####:   12:    do {
    %%%%%:   12-block  0
    #####:   13:        if (errCode != INIT_VALUE) {
    %%%%%:   13-block  0
    #####:   14:            errorView->filePasswordErrorPrint(output, errCode);
    %%%%%:   14-block  0
        -:   15:        }
    #####:   16:        output << std::endl << "The password to your file: ";
    %%%%%:   16-block  0
    %%%%%:   16-block  1
        -:   17:
    #####:   18:        input >> password;
    %%%%%:   18-block  0
        -:   19:
    #####:   20:        errCode = isValidFilePassword(password);
    %%%%%:   20-block  0
    #####:   21:    } while (errCode != INIT_VALUE);
        -:   22:
        -:   23://    _presenter->setFilePassword(password);
        -:   24:
    #####:   25:    return SUCCESS;
    %%%%%:   25-block  0
    %%%%%:   25-block  1
        -:   26:}
        -:   27:
    #####:   28:void ConsoleViewSetPasswordPage::accept(AbstractVisitor *visitor) {
    #####:   29:    visitor->visitSetPasswordPage(this);
    %%%%%:   29-block  0
    #####:   30:}
