        -:    0:Source:/home/anthonytintul/CLionProjects/TLConsoleApplication/lib/Views/pages/ConsoleViewSetEnteredUsersPasswordPage.cpp
        -:    0:Graph:/home/anthonytintul/CLionProjects/TLConsoleApplication/cmake-build-debug/CMakeFiles/TLConsoleApplication.dir/lib/Views/pages/ConsoleViewSetEnteredUsersPasswordPage.cpp.gcno
        -:    0:Data:/home/anthonytintul/CLionProjects/TLConsoleApplication/cmake-build-debug/CMakeFiles/TLConsoleApplication.dir/lib/Views/pages/ConsoleViewSetEnteredUsersPasswordPage.cpp.gcda
        -:    0:Runs:1
        -:    1:#include "ViewHeaders/view.h"
        -:    2:
    #####:    3:void ConsoleViewSetEnteredUsersPasswordPage::attach(AbstractPresenter *observerPresenter) {
    #####:    4:    vectorOfPresenters.push_back(observerPresenter);
    %%%%%:    4-block  0
    #####:    5:}
        -:    6:
    #####:    7:int ConsoleViewSetEnteredUsersPasswordPage::printPage() {
        -:    8:
    #####:    9:    int errorCode = INIT_VALUE;
    #####:   10:    string enteredPassword;
    %%%%%:   10-block  0
    $$$$$:   10-block  1
        -:   11:    isValidFilePassword<int> isValidFilePassword;
        -:   12:
    #####:   13:    output << std::endl << "Set the password for the file here." << std::endl << std::endl;
    %%%%%:   13-block  0
    %%%%%:   13-block  1
    %%%%%:   13-block  2
        -:   14:
    #####:   15:    do {
    %%%%%:   15-block  0
    #####:   16:        if (errorCode != INIT_VALUE) {
    %%%%%:   16-block  0
    #####:   17:            errorView->filePasswordErrorPrint(output, errorCode);
    %%%%%:   17-block  0
        -:   18:        }
    #####:   19:        output << std::endl << "New password: ";
    %%%%%:   19-block  0
    %%%%%:   19-block  1
    #####:   20:        input >> enteredPassword;
    %%%%%:   20-block  0
        -:   21:
    #####:   22:        errorCode = isValidFilePassword(enteredPassword);
    %%%%%:   22-block  0
        -:   23:
    #####:   24:    } while (errorCode != INIT_VALUE);
        -:   25:
        -:   26://    _presenter->setFilePassword(enteredPassword);
        -:   27:
    #####:   28:    return SUCCESS;
    %%%%%:   28-block  0
    %%%%%:   28-block  1
        -:   29:
        -:   30:}
        -:   31:
    #####:   32:void ConsoleViewSetEnteredUsersPasswordPage::accept(AbstractVisitor *visitor) {
    #####:   33:    visitor->visitSetEnteredUsersPasswordPage(this);
    %%%%%:   33-block  0
    #####:   34:}
