        -:    0:Source:/home/anthonytintul/CLionProjects/TLConsoleApplication/lib/Views/pages/ConsoleViewSetFilePathPage.cpp
        -:    0:Graph:/home/anthonytintul/CLionProjects/TLConsoleApplication/cmake-build-debug/CMakeFiles/TLConsoleApplication.dir/lib/Views/pages/ConsoleViewSetFilePathPage.cpp.gcno
        -:    0:Data:/home/anthonytintul/CLionProjects/TLConsoleApplication/cmake-build-debug/CMakeFiles/TLConsoleApplication.dir/lib/Views/pages/ConsoleViewSetFilePathPage.cpp.gcda
        -:    0:Runs:1
        -:    1:#include "ViewHeaders/view.h"
        -:    2:
    #####:    3:void ConsoleViewSetFilePathPage::attach(AbstractPresenter *observerPresenter) {
    #####:    4:    vectorOfPresenters.push_back(observerPresenter);
    %%%%%:    4-block  0
    #####:    5:}
        -:    6:
    #####:    7:int  ConsoleViewSetFilePathPage::printPage() {
    #####:    8:    int errorCode = INIT_VALUE;
    #####:    9:    string enteredFilePath;
    %%%%%:    9-block  0
    $$$$$:    9-block  1
        -:   10:    isValidFilePath<string> isValidFilePath;
        -:   11:
    #####:   12:    output << std::endl << "Set the path to your file here." << std::endl << std::endl;
    %%%%%:   12-block  0
    %%%%%:   12-block  1
    %%%%%:   12-block  2
        -:   13:
    #####:   14:    do {
    %%%%%:   14-block  0
    #####:   15:        if (errorCode != INIT_VALUE) {
    %%%%%:   15-block  0
    #####:   16:            errorView->filePathErrorPrint(output, errorCode);
    %%%%%:   16-block  0
        -:   17:        }
        -:   18:
    #####:   19:        input >> enteredFilePath;
    %%%%%:   19-block  0
        -:   20:
    #####:   21:        errorCode = isValidFilePath(enteredFilePath);
    %%%%%:   21-block  0
        -:   22:
    #####:   23:    } while (errorCode != INIT_VALUE);
    %%%%%:   23-block  0
        -:   24:
        -:   25://    _presenter->setFilePath(enteredFilePath);
        -:   26:
    #####:   27:    return SUCCESS;
    %%%%%:   27-block  0
    %%%%%:   27-block  1
        -:   28:}
        -:   29:
    #####:   30:void ConsoleViewSetFilePathPage::accept(AbstractVisitor *visitor) {
        -:   31://    visitor->visitSetKeyPage(this);
    #####:   32:}
