        -:    0:Source:/home/anthonytintul/CLionProjects/TLConsoleApplication/include/ViewHeaders/view.h
        -:    0:Graph:/home/anthonytintul/CLionProjects/TLConsoleApplication/cmake-build-debug/CMakeFiles/TLConsoleApplication.dir/lib/Views/pages/ConsoleViewSetFilePathPage.cpp.gcno
        -:    0:Data:/home/anthonytintul/CLionProjects/TLConsoleApplication/cmake-build-debug/CMakeFiles/TLConsoleApplication.dir/lib/Views/pages/ConsoleViewSetFilePathPage.cpp.gcda
        -:    0:Runs:1
        -:    1:#include <iostream>
        -:    2:#include <vector>
        -:    3:#include "Readers/checkers.hpp"
        -:    4:
        -:    5:
        -:    6:using std::istream;
        -:    7:using std::ostream;
        -:    8:
        -:    9:class AbstractPresenter;
        -:   10:
        -:   11:class AbstractVisitor;
        -:   12:
        -:   13:class AbstractView {
        -:   14:public:
        -:   15:    virtual void attach(AbstractPresenter *observerPresenter) = 0;
        -:   16:    virtual int printPage() = 0;
        -:   17:    virtual void accept(AbstractVisitor* visitor) = 0;
    #####:   18:    virtual ~AbstractView() = default;
------------------
_ZN12AbstractViewD0Ev:
    #####:   18:    virtual ~AbstractView() = default;
    %%%%%:   18-block  0
------------------
_ZN12AbstractViewD2Ev:
    #####:   18:    virtual ~AbstractView() = default;
------------------
        -:   19:};
        -:   20:
        -:   21:class ConsoleErrorView {
        -:   22:public:
        -:   23:    ConsoleErrorView() = default;
        -:   24:
        -:   25:    int filePasswordErrorPrint(std::ostream &output, int errorCode);                  // DONE
        -:   26:    int filePathErrorPrint(std::ostream &output, int errorCode);                      // DONE
        -:   27:    int fileLifeTimeErrorPrint(std::ostream &output, int errorCode);                  // DONE
        -:   28:    int applicationModeErrorPrint(std::ostream &output, int errorCode);               // DONE
        -:   29:
        -:   30:};
        -:   31:
        -:   32:class ConsoleViewUploadFileMessagePage: public AbstractView {
        -:   33:public:
        -:   34:    ConsoleViewUploadFileMessagePage(istream &cin_ = std::cin, ostream &cout_ = std::cout) : input(cin_), output(cout_){
        -:   35:        errorView = new ConsoleErrorView();
        -:   36:    }
        -:   37:
        -:   38:    void attach(AbstractPresenter *observerPresenter) override;
        -:   39:
        -:   40:    int printPage() override; 
        -:   41:
        -:   42:    void accept(AbstractVisitor *visitor) override;
        -:   43:
        -:   44:private:
        -:   45:    std::vector<AbstractPresenter *> vectorOfPresenters;
        -:   46:    ConsoleErrorView* errorView;
        -:   47:    istream &input;
        -:   48:    ostream &output;
        -:   49:};
        -:   50:
        -:   51:class ConsoleViewSetPasswordModePage: public AbstractView {
        -:   52:public:
        -:   53:    ConsoleViewSetPasswordModePage(istream &cin_ = std::cin, ostream &cout_ = std::cout) : input(cin_), output(cout_){
        -:   54:        errorView = new ConsoleErrorView();
        -:   55:    }
        -:   56:
        -:   57:    void attach(AbstractPresenter *observerPresenter) override;
        -:   58:
        -:   59:    int printPage() override; 
        -:   60:
        -:   61:    void accept(AbstractVisitor* visitor) override;
        -:   62:
        -:   63:private:
        -:   64:    std::vector<AbstractPresenter *> vectorOfPresenters;
        -:   65:    ConsoleErrorView* errorView;
        -:   66:    istream &input;
        -:   67:    ostream &output;
        -:   68:};
        -:   69:
        -:   70:class ConsoleViewSetEnteredUsersPasswordPage: public AbstractView {
        -:   71:public:
        -:   72:    ConsoleViewSetEnteredUsersPasswordPage(istream &cin_ = std::cin, ostream &cout_ = std::cout) : input(cin_), output(cout_){
        -:   73:        errorView = new ConsoleErrorView();
        -:   74:    }
        -:   75:
        -:   76:    void attach(AbstractPresenter *observerPresenter) override;
        -:   77:
        -:   78:    int printPage() override; 
        -:   79:
        -:   80:    void accept(AbstractVisitor* visitor) override;
        -:   81:
        -:   82:private:
        -:   83:    std::vector<AbstractPresenter *> vectorOfPresenters;
        -:   84:    ConsoleErrorView* errorView;
        -:   85:    istream &input;
        -:   86:    ostream &output;
        -:   87:};
        -:   88:
        -:   89:class ConsoleViewSetReenteredUsersPasswordPage: public AbstractView {
        -:   90:public:
        -:   91:    ConsoleViewSetReenteredUsersPasswordPage(istream &cin_ = std::cin, ostream &cout_ = std::cout) : input(cin_), output(cout_){
        -:   92:        errorView = new ConsoleErrorView();
        -:   93:    }
        -:   94:
        -:   95:    void attach(AbstractPresenter *observerPresenter) override;
        -:   96:
        -:   97:    int printPage() override; 
        -:   98:
        -:   99:    void accept(AbstractVisitor* visitor) override;
        -:  100:
        -:  101:private:
        -:  102:    std::vector<AbstractPresenter *> vectorOfPresenters;
        -:  103:    ConsoleErrorView* errorView;
        -:  104:    istream &input;
        -:  105:    ostream &output;
        -:  106:};
        -:  107:
        -:  108:class ConsoleViewGetAutoPasswordPage: public AbstractView {
        -:  109:public:
        -:  110:    ConsoleViewGetAutoPasswordPage(istream &cin_ = std::cin, ostream &cout_ = std::cout) : input(cin_), output(cout_){
        -:  111:        errorView = new ConsoleErrorView();
        -:  112:    }
        -:  113:
        -:  114:    void attach(AbstractPresenter *observerPresenter) override;
        -:  115:
        -:  116:    int printPage() override; 
        -:  117:
        -:  118:    void accept(AbstractVisitor* visitor) override;
        -:  119:
        -:  120:private:
        -:  121:    std::vector<AbstractPresenter *> vectorOfPresenters;
        -:  122:    ConsoleErrorView* errorView;
        -:  123:    istream &input;
        -:  124:    ostream &output;
        -:  125:};
        -:  126:
        -:  127:class ConsoleViewSetFileLifetimePage: public AbstractView {
        -:  128:public:
        -:  129:    ConsoleViewSetFileLifetimePage(istream &cin_ = std::cin, ostream &cout_ = std::cout) : input(cin_), output(cout_){
        -:  130:        errorView = new ConsoleErrorView();
        -:  131:    }
        -:  132:
        -:  133:    void attach(AbstractPresenter *observerPresenter) override;
        -:  134:
        -:  135:    int printPage() override; 
        -:  136:
        -:  137:    void accept(AbstractVisitor* visitor) override;
        -:  138:
        -:  139:private:
        -:  140:    std::vector<AbstractPresenter *> vectorOfPresenters;
        -:  141:    ConsoleErrorView* errorView;
        -:  142:    istream &input;
        -:  143:    ostream &output;
        -:  144:};
        -:  145:
        -:  146:class ConsoleViewDownloadFileMessagePage: public AbstractView {
        -:  147:public:
        -:  148:    ConsoleViewDownloadFileMessagePage(istream &cin_ = std::cin, ostream &cout_ = std::cout) : input(cin_), output(cout_){
        -:  149:        errorView = new ConsoleErrorView();
        -:  150:    }
        -:  151:
        -:  152:    void attach(AbstractPresenter *observerPresenter) override;
        -:  153:
        -:  154:    int printPage() override; 
        -:  155:
        -:  156:    void accept(AbstractVisitor* visitor) override;
        -:  157:
        -:  158:private:
        -:  159:    std::vector<AbstractPresenter *> vectorOfPresenters;
        -:  160:    ConsoleErrorView* errorView;
        -:  161:    istream &input;
        -:  162:    ostream &output;
        -:  163:};
        -:  164:
        -:  165:class ConsoleViewSetKeyPage: public AbstractView {
        -:  166:public:
        -:  167:    ConsoleViewSetKeyPage(istream &cin_ = std::cin, ostream &cout_ = std::cout) : input(cin_), output(cout_){
        -:  168:        errorView = new ConsoleErrorView();
        -:  169:    }
        -:  170:
        -:  171:    void attach(AbstractPresenter *observerPresenter) override;
        -:  172:
        -:  173:    int printPage() override;
        -:  174:
        -:  175:    void accept(AbstractVisitor* visitor) override;
        -:  176:
        -:  177:private:
        -:  178:    std::vector<AbstractPresenter *> vectorOfPresenters;
        -:  179:    ConsoleErrorView* errorView;
        -:  180:    istream &input;
        -:  181:    ostream &output;
        -:  182:};
        -:  183:
        -:  184:class ConsoleViewSetPasswordPage: public AbstractView {
        -:  185:public:
        -:  186:    ConsoleViewSetPasswordPage(istream &cin_ = std::cin, ostream &cout_ = std::cout) : input(cin_), output(cout_){
        -:  187:        errorView = new ConsoleErrorView();
        -:  188:    }
        -:  189:
        -:  190:    void attach(AbstractPresenter *observerPresenter) override;
        -:  191:
        -:  192:    int printPage() override;
        -:  193:
        -:  194:    void accept(AbstractVisitor* visitor) override;
        -:  195:
        -:  196:private:
        -:  197:    std::vector<AbstractPresenter *> vectorOfPresenters;
        -:  198:    ConsoleErrorView* errorView;
        -:  199:    istream &input;
        -:  200:    ostream &output;
        -:  201:};
        -:  202:
        -:  203:class ConsoleViewStartPage: public AbstractView {
        -:  204:public:
        -:  205:    ConsoleViewStartPage(istream &cin_ = std::cin, ostream &cout_ = std::cout) : input(cin_), output(cout_){
        -:  206:        errorView = new ConsoleErrorView();
        -:  207:    }
        -:  208:
        -:  209:    void attach(AbstractPresenter *observerPresenter) override;
        -:  210:
        -:  211:    int printPage() override;
        -:  212:
        -:  213:    void accept(AbstractVisitor* visitor) override;
        -:  214:
        -:  215:private:
        -:  216:    std::vector<AbstractPresenter *> vectorOfPresenters;
        -:  217:    ConsoleErrorView* errorView;
        -:  218:    istream &input;
        -:  219:    ostream &output;
        -:  220:};
        -:  221:
        -:  222:class ConsoleViewSetFilePathPage: public AbstractView {
        -:  223:public:
        -:  224:    ConsoleViewSetFilePathPage(istream &cin_ = std::cin, ostream &cout_ = std::cout) : input(cin_), output(cout_){
        -:  225:        errorView = new ConsoleErrorView();
        -:  226:    }
        -:  227:
        -:  228:    void attach(AbstractPresenter *observerPresenter) override;
        -:  229:
        -:  230:    int printPage() override;
        -:  231:
        -:  232:    void accept(AbstractVisitor* visitor) override;
        -:  233:
        -:  234:private:
        -:  235:    std::vector<AbstractPresenter *> vectorOfPresenters;
        -:  236:    ConsoleErrorView* errorView;
        -:  237:    istream &input;
        -:  238:    ostream &output;
        -:  239:};
        -:  240:
        -:  241:class AbstractVisitor {
        -:  242:public:
        -:  243:    virtual void visitStartPage(ConsoleViewStartPage* page) = 0;
        -:  244:
        -:  245:    virtual void visitUploadFilePage(ConsoleViewUploadFileMessagePage* page) = 0;
        -:  246:    virtual void visitSetPasswordModePage(ConsoleViewSetPasswordModePage* page) = 0;
        -:  247:    virtual void visitSetEnteredUsersPasswordPage(ConsoleViewSetEnteredUsersPasswordPage* page) = 0;
        -:  248:    virtual void visitSetReenteredUsersPasswordPage(ConsoleViewSetReenteredUsersPasswordPage* page) = 0;
        -:  249:    virtual void visitGetAutoPasswordPage(ConsoleViewGetAutoPasswordPage* page) = 0;
        -:  250:    virtual void visitSetFileLifetimePage(ConsoleViewSetFileLifetimePage* page) = 0;
        -:  251:
        -:  252:    virtual void visitDownloadFilePage(ConsoleViewDownloadFileMessagePage* page) = 0;
        -:  253:    virtual void visitSetKeyPage(ConsoleViewSetKeyPage* page) = 0;
        -:  254:    virtual void visitSetPasswordPage(ConsoleViewSetPasswordPage* page) = 0;
        -:  255:};
        -:  256:
        -:  257:
        -:  258:
        -:  259://class ConsoleView : public AbstractView {
        -:  260://public:
        -:  261://    ConsoleView() {
        -:  262://        errorView = new ConsoleErrorView();
        -:  263://    }
        -:  264://
        -:  265://    void attach(AbstractPresenter *observePresenter);
        -:  266://
        -:  267://    int usagePagePrint();                                       // DONE
        -:  268://
        -:  269://    int uploadFilePage();                                       // DONE
        -:  270://    int setPasswordModePage();                                  // DONE
        -:  271://    int setEnteredUsersFilePasswordPage();                      // DONE
        -:  272://    int setReenteredUsersFilePasswordPage();                    // DONE
        -:  273://    int getAutoFilePasswordPage(string generatedFilePassword);  // DONE
        -:  274://    int setFileLifetimePage();                                  // DONE
        -:  275://    int setFilePathPage();                                      // DONE
        -:  276://
        -:  277://    int downloadFilePage();                                     // DONE
        -:  278://    int setKeyPage();                                           // DONE
        -:  279://    int setPasswordPage();                                      // DONE
        -:  280://
        -:  281://    ~ConsoleView() {
        -:  282://        delete errorView;
        -:  283://    }
        -:  284://private:
        -:  285://    std::list<AbstractPresenter *> vectorOfPresenters;
        -:  286://    ConsoleErrorView* errorView;
        -:  287://};
