        -:    0:Source:/home/anthonytintul/CLionProjects/TLConsoleApplication/lib/Views/pages/ConsoleViewSetReenteredUsersPasswordPage.cpp
        -:    0:Graph:/home/anthonytintul/CLionProjects/TLConsoleApplication/cmake-build-debug/CMakeFiles/TLConsoleApplication.dir/lib/Views/pages/ConsoleViewSetReenteredUsersPasswordPage.cpp.gcno
        -:    0:Data:/home/anthonytintul/CLionProjects/TLConsoleApplication/cmake-build-debug/CMakeFiles/TLConsoleApplication.dir/lib/Views/pages/ConsoleViewSetReenteredUsersPasswordPage.cpp.gcda
        -:    0:Runs:1
        -:    1:#include "ViewHeaders/view.h"
        -:    2:
    #####:    3:void ConsoleViewSetReenteredUsersPasswordPage::attach(AbstractPresenter *observerPresenter) {
    #####:    4:    vectorOfPresenters.push_back(observerPresenter);
    %%%%%:    4-block  0
    #####:    5:}
        -:    6:
    #####:    7:int ConsoleViewSetReenteredUsersPasswordPage::printPage() {
        -:    8:
    #####:    9:    string reenteredPassword;
    %%%%%:    9-block  0
    $$$$$:    9-block  1
        -:   10:
    #####:   11:    output << std::endl << "Re-enter password: ";
    %%%%%:   11-block  0
    #####:   12:    input >> reenteredPassword;
    %%%%%:   12-block  0
        -:   13:
        -:   14://    _presenter->setReenteredFilePassword(reenteredPassword);
        -:   15:
    #####:   16:    return SUCCESS;
    %%%%%:   16-block  0
    %%%%%:   16-block  1
        -:   17:}
        -:   18:
    #####:   19:void ConsoleViewSetReenteredUsersPasswordPage::accept(AbstractVisitor *visitor) {
    #####:   20:    visitor->visitSetReenteredUsersPasswordPage(this);
    %%%%%:   20-block  0
    #####:   21:}
