        -:    0:Source:/home/anthonytintul/CLionProjects/TLConsoleApplication/lib/Views/pages/ConsoleViewSetPasswordModePage.cpp
        -:    0:Graph:/home/anthonytintul/CLionProjects/TLConsoleApplication/cmake-build-debug/CMakeFiles/TLConsoleApplication.dir/lib/Views/pages/ConsoleViewSetPasswordModePage.cpp.gcno
        -:    0:Data:/home/anthonytintul/CLionProjects/TLConsoleApplication/cmake-build-debug/CMakeFiles/TLConsoleApplication.dir/lib/Views/pages/ConsoleViewSetPasswordModePage.cpp.gcda
        -:    0:Runs:1
        -:    1:#include "ViewHeaders/view.h"
        -:    2:
    #####:    3:void ConsoleViewSetPasswordModePage::attach(AbstractPresenter *observerPresenter) {
    #####:    4:    vectorOfPresenters.push_back(observerPresenter);
    %%%%%:    4-block  0
    #####:    5:}
        -:    6:
    #####:    7:int ConsoleViewSetPasswordModePage::printPage() {
        -:    8:
    #####:    9:    int errorCode = INIT_VALUE;
    #####:   10:    string mode;
    %%%%%:   10-block  0
    $$$$$:   10-block  1
        -:   11:    isValidApplicationMode<int> isValidApplicationMode;
        -:   12:
    #####:   13:    do {
    %%%%%:   13-block  0
    #####:   14:        if (errorCode != INIT_VALUE) {
    %%%%%:   14-block  0
    #####:   15:            errorView->applicationModeErrorPrint(output, errorCode);
    %%%%%:   15-block  0
        -:   16:        }
        -:   17:
    #####:   18:        output << "Enter " << DOWNLOAD_MODE << " for your password and " << UPLOAD_MODE
    %%%%%:   18-block  0
    %%%%%:   18-block  1
    %%%%%:   18-block  2
    #####:   19:             << " for our password: ";
    %%%%%:   19-block  0
    %%%%%:   19-block  1
    #####:   20:        input >> mode;
    %%%%%:   20-block  0
    #####:   21:        errorCode = isValidApplicationMode(mode);
    %%%%%:   21-block  0
        -:   22:
    #####:   23:    } while (errorCode != INIT_VALUE);
    %%%%%:   23-block  0
        -:   24:
        -:   25:
    #####:   26:    return SUCCESS;
    %%%%%:   26-block  0
    %%%%%:   26-block  1
        -:   27:}
        -:   28:
    #####:   29:void ConsoleViewSetPasswordModePage::accept(AbstractVisitor *visitor) {
    #####:   30:    visitor->visitSetPasswordModePage(this);
    %%%%%:   30-block  0
    #####:   31:}
