        -:    0:Source:/home/anthonytintul/CLionProjects/TLConsoleApplication/lib/Views/pages/ConsoleViewSetFileLifetimePage.cpp
        -:    0:Graph:/home/anthonytintul/CLionProjects/TLConsoleApplication/cmake-build-debug/CMakeFiles/TLConsoleApplication.dir/lib/Views/pages/ConsoleViewSetFileLifetimePage.cpp.gcno
        -:    0:Data:/home/anthonytintul/CLionProjects/TLConsoleApplication/cmake-build-debug/CMakeFiles/TLConsoleApplication.dir/lib/Views/pages/ConsoleViewSetFileLifetimePage.cpp.gcda
        -:    0:Runs:1
        -:    1:#include "ViewHeaders/view.h"
        -:    2:
    #####:    3:void ConsoleViewSetFileLifetimePage::attach(AbstractPresenter *observerPresenter) {
    #####:    4:    vectorOfPresenters.push_back(observerPresenter);
    %%%%%:    4-block  0
    #####:    5:}
        -:    6:
    #####:    7:int  ConsoleViewSetFileLifetimePage::printPage() {
    #####:    8:    int errorCode = INIT_VALUE;
    #####:    9:    string enteredLifetime;
    %%%%%:    9-block  0
    $$$$$:    9-block  1
        -:   10:    isValidFileLifetime<int> isValidFileLifetime;
    #####:   11:    output << std::endl << "Please set the lifetime for the file ( 1 - 7 days ): ";
    %%%%%:   11-block  0
        -:   12:
    #####:   13:    do {
    %%%%%:   13-block  0
    #####:   14:        if (errorCode != INIT_VALUE) {
    %%%%%:   14-block  0
    #####:   15:            errorView->fileLifeTimeErrorPrint(output, errorCode);
    %%%%%:   15-block  0
        -:   16:        }
        -:   17:
    #####:   18:        input >> enteredLifetime;
    %%%%%:   18-block  0
    #####:   19:        errorCode = isValidFileLifetime(enteredLifetime);
    %%%%%:   19-block  0
        -:   20:
    #####:   21:    } while (errorCode != INIT_VALUE);
    %%%%%:   21-block  0
        -:   22:
        -:   23://    _presenter->setFileLifeTime(enteredLifetime);
        -:   24:
    #####:   25:    return SUCCESS;
    %%%%%:   25-block  0
    %%%%%:   25-block  1
        -:   26:
        -:   27:}
        -:   28:
    #####:   29:void ConsoleViewSetFileLifetimePage::accept(AbstractVisitor *visitor) {
    #####:   30:    visitor->visitSetFileLifetimePage(this);
    %%%%%:   30-block  0
    #####:   31:}
