        -:    0:Source:/home/anthonytintul/CLionProjects/TLConsoleApplication/lib/Views/ConsoleErrorView.cpp
        -:    0:Graph:/home/anthonytintul/CLionProjects/TLConsoleApplication/cmake-build-debug/CMakeFiles/TLConsoleApplication.dir/lib/Views/ConsoleErrorView.cpp.gcno
        -:    0:Data:/home/anthonytintul/CLionProjects/TLConsoleApplication/cmake-build-debug/CMakeFiles/TLConsoleApplication.dir/lib/Views/ConsoleErrorView.cpp.gcda
        -:    0:Runs:1
        -:    1:#include <iostream>
        -:    2:#include "ViewHeaders/view.h"
        -:    3:
        -:    4:using std::ostream;
        -:    5:using std::endl;
        -:    6:
    #####:    7:int ConsoleErrorView::filePasswordErrorPrint(ostream &output, int errorCode) {
    #####:    8:    switch (errorCode) {
    %%%%%:    8-block  0
    #####:    9:        case NO_DATA_WAS_READ:
    #####:   10:            output << "You should enter the password" << endl;
    %%%%%:   10-block  0
    #####:   11:            break;
    #####:   12:        case TOO_SHORT_PASSWORD:
    #####:   13:            output << "You entered too short password" << endl;
    %%%%%:   13-block  0
    #####:   14:            break;
    #####:   15:        case TOO_LONG_PASSWORD:
    #####:   16:            output << "You entered too long password" << endl;
    %%%%%:   16-block  0
    #####:   17:            break;
    #####:   18:        default:
    #####:   19:            output << "Please follow the given instructure" << endl;
    %%%%%:   19-block  0
        -:   20:    }
    #####:   21:    output << "Please try again" << endl;
    %%%%%:   21-block  0
        -:   22:
    #####:   23:    return SUCCESS;
        -:   24:}
        -:   25:
    #####:   26:int ConsoleErrorView::filePathErrorPrint(ostream &output, int errorCode) {
    #####:   27:    switch (errorCode) {
    %%%%%:   27-block  0
    #####:   28:        case NO_DATA_WAS_READ:
    #####:   29:            output << "You should enter the file path" << endl;
    %%%%%:   29-block  0
    #####:   30:            break;
    #####:   31:        case NO_SUCH_FILE_IN_DIRECTORY:
    #####:   32:            output << "No such file in the directory" << endl;
    %%%%%:   32-block  0
    #####:   33:            break;
    #####:   34:        default:
    #####:   35:            output << "Please follow the given instructure" << endl;
    %%%%%:   35-block  0
        -:   36:    }
    #####:   37:    output << "Try again" << endl;
    %%%%%:   37-block  0
        -:   38:
    #####:   39:    return SUCCESS;
        -:   40:}
        -:   41:
    #####:   42:int ConsoleErrorView::fileLifeTimeErrorPrint(ostream &output, int errorCode) {
    #####:   43:    switch (errorCode) {
    %%%%%:   43-block  0
    #####:   44:        case NO_DATA_WAS_READ:
    #####:   45:            output << "Please enter the file lifetime" << endl;
    %%%%%:   45-block  0
    #####:   46:            break;
    #####:   47:        case OUT_OF_BORDER_LIFETIME:
        -:   48:        case NOT_LIFETIME_VALUE:
    #####:   49:            output << "Please enter a number within the given borders" << endl;
    %%%%%:   49-block  0
    #####:   50:            break;
    #####:   51:        default:
    #####:   52:            output << "Please follow the given instructure" << endl;
    %%%%%:   52-block  0
        -:   53:    }
        -:   54:
    #####:   55:    return SUCCESS;
    %%%%%:   55-block  0
        -:   56:}
        -:   57:
    #####:   58:int ConsoleErrorView::applicationModeErrorPrint(ostream &output, int errorCode) {
    #####:   59:    switch (errorCode) {
    %%%%%:   59-block  0
    #####:   60:        case NO_DATA_WAS_READ:
    #####:   61:            output << "Please enter the mode" << endl;
    %%%%%:   61-block  0
    #####:   62:            break;
    #####:   63:        case OUT_OF_BORDER_MODE:
        -:   64:        case NOT_MODE_VALUE:
    #####:   65:            output << "Please enter a number within the given borders" << endl;
    %%%%%:   65-block  0
    #####:   66:            break;
    #####:   67:        default:
    #####:   68:            output << "Please follow the given instructure" << endl;
    %%%%%:   68-block  0
        -:   69:    }
    #####:   70:    output << "Try again" << endl;
    %%%%%:   70-block  0
        -:   71:
    #####:   72:    return SUCCESS;
        -:   73:}
        -:   74:
        -:   75:
