        -:    0:Source:/home/anthonytintul/CLionProjects/TLConsoleApplication/lib/Presenters/DownloadFilePresenter.cpp
        -:    0:Graph:/home/anthonytintul/CLionProjects/TLConsoleApplication/cmake-build-debug/CMakeFiles/TLConsoleApplication.dir/lib/Presenters/DownloadFilePresenter.cpp.gcno
        -:    0:Data:/home/anthonytintul/CLionProjects/TLConsoleApplication/cmake-build-debug/CMakeFiles/TLConsoleApplication.dir/lib/Presenters/DownloadFilePresenter.cpp.gcda
        -:    0:Runs:1
        -:    1:#include "PresenterHeaders/presenter.h"
        -:    2:
        -:    3:class DownloadFilePresenter : public AbstractPresenter {
        -:    4:public:
        -:    5:
        -:    6:    DownloadFilePresenter(AbstractModel *abstractModel) : model(abstractModel) {}
        -:    7:
        -:    8:    void setDownloadKey(std::string& downloadKey);
        -:    9:    void setDownloadPassword(std::string& downloadPassword);
        -:   10:
        -:   11:    void sentDownloadPair();
        -:   12:
        -:   13:private:
        -:   14:    AbstractModel* model;
        -:   15:
        -:   16:    string getDownloadPair();
        -:   17:};
        -:   18:
    #####:   19:void DownloadFilePresenter::setDownloadKey(std::string& downloadKey) {
    #####:   20:    model->setFileKey(downloadKey);
    %%%%%:   20-block  0
    #####:   21:}
        -:   22:
    #####:   23:void DownloadFilePresenter::setDownloadPassword(std::string& downloadPassword) {
    #####:   24:    model->setFilePassword(downloadPassword);
    %%%%%:   24-block  0
    #####:   25:}
        -:   26:
    #####:   27:void DownloadFilePresenter::sentDownloadPair() {
        -:   28:
        -:   29:
        -:   30:
    #####:   31:}
        -:   32:
    #####:   33:std::string DownloadFilePresenter::getDownloadPair() {
    #####:   34:    return std::string();
    %%%%%:   34-block  0
        -:   35:}
